  Using 'git status' to determine working set for adaptive non-unity build.
  Compiling game modules for hot reload
  Parsing headers for FightMadangEditor
    Running UnrealHeaderTool "C:\UnrealProject\FightMadang\FightMadang.uproject" "C:\UnrealProject\FightMadang\Intermediate\Build\Win64\FightMadangEditor\Development\FightMadangEditor.uhtmanifest" -LogCmds="loginit warning, logexit warning, logdatabase error" -Unattended -WarningsAsErrors -installed
  Reflection code generated for FightMadangEditor in 22.2373405 seconds
  Performing 4 actions (4 in parallel)
  Projectile.cpp
  Projectile.gen.cpp
c:\unrealproject\fightmadang\source\fightmadang\Projectile.h(9): error C4430: 형식 지정자가 없습니다. int로 가정합니다. 참고: C++에서는 기본 int를 지원하지 않습니다.
c:\unrealproject\fightmadang\source\fightmadang\Projectile.h(9): error C2146: 구문 오류: ';'이(가) 'UProjectileMovementComponent' 식별자 앞에 없습니다.
c:\unrealproject\fightmadang\source\fightmadang\Projectile.h(25): error C2143: 구문 오류: ';'이(가) '*' 앞에 없습니다.
c:\unrealproject\fightmadang\source\fightmadang\Projectile.h(25): error C4430: 형식 지정자가 없습니다. int로 가정합니다. 참고: C++에서는 기본 int를 지원하지 않습니다.
c:\unrealproject\fightmadang\source\fightmadang\Projectile.h(25): error C2238: ';' 앞에 예기치 않은 토큰이 있습니다.
C:\UnrealProject\FightMadang\Source\FightMadang\Projectile.h(9): error C4430: 형식 지정자가 없습니다. int로 가정합니다. 참고: C++에서는 기본 int를 지원하지 않습니다.
C:\UnrealProject\FightMadang\Source\FightMadang\Projectile.h(9): error C2146: 구문 오류: ';'이(가) 'UProjectileMovementComponent' 식별자 앞에 없습니다.
C:\UnrealProject\FightMadang\Source\FightMadang\Projectile.h(25): error C2143: 구문 오류: ';'이(가) '*' 앞에 없습니다.
C:\UnrealProject\FightMadang\Source\FightMadang\Projectile.h(25): error C4430: 형식 지정자가 없습니다. int로 가정합니다. 참고: C++에서는 기본 int를 지원하지 않습니다.
C:\UnrealProject\FightMadang\Source\FightMadang\Projectile.h(25): error C2238: ';' 앞에 예기치 않은 토큰이 있습니다.
C:\UnrealProject\FightMadang\Intermediate\Build\Win64\UE4Editor\Inc\FightMadang\Projectile.gen.cpp(53): error C2039: 'ProjectileMovement': 'AProjectile'의 멤버가 아닙니다.
  C:\UnrealProject\FightMadang\Source\FightMadang\Projectile.h(13): note: 'AProjectile' 선언을 참조하십시오.
C:\UnrealProject\FightMadang\Intermediate\Build\Win64\UE4Editor\Inc\FightMadang\Projectile.gen.cpp(53): error C2618: offsetof의 멤버 지정자가 잘못되었습니다.
  C:\UnrealProject\FightMadang\Intermediate\Build\Win64\UE4Editor\Inc\FightMadang\Projectile.gen.cpp(53): note: offsetof에 builtin 의미가 있습니다. /Zc:offsetof-를 사용하여 이전의 일치하지 않는 정의로 되돌리세요.
C:\UnrealProject\FightMadang\Source\FightMadang\Projectile.cpp(15): error C2065: 'ProjectileMovement': 선언되지 않은 식별자입니다.
C:\UnrealProject\FightMadang\Source\FightMadang\Projectile.cpp(16): error C2065: 'ProjectileMovement': 선언되지 않은 식별자입니다.
C:\UnrealProject\FightMadang\Source\FightMadang\Projectile.cpp(16): error C2227: '->UpdatedComponent' 왼쪽은 클래스/구조체/공용 구조체/제네릭 형식을 가리켜야 합니다.
  C:\UnrealProject\FightMadang\Source\FightMadang\Projectile.cpp(16): note: 'unknown-type' 형식입니다.
C:\UnrealProject\FightMadang\Source\FightMadang\Projectile.cpp(17): error C2065: 'ProjectileMovement': 선언되지 않은 식별자입니다.
C:\UnrealProject\FightMadang\Source\FightMadang\Projectile.cpp(17): error C2227: '->InitialSpeed' 왼쪽은 클래스/구조체/공용 구조체/제네릭 형식을 가리켜야 합니다.
  C:\UnrealProject\FightMadang\Source\FightMadang\Projectile.cpp(17): note: 'unknown-type' 형식입니다.
C:\UnrealProject\FightMadang\Source\FightMadang\Projectile.cpp(18): error C2065: 'ProjectileMovement': 선언되지 않은 식별자입니다.
C:\UnrealProject\FightMadang\Source\FightMadang\Projectile.cpp(18): error C2227: '->MaxSpeed' 왼쪽은 클래스/구조체/공용 구조체/제네릭 형식을 가리켜야 합니다.
  C:\UnrealProject\FightMadang\Source\FightMadang\Projectile.cpp(18): note: 'unknown-type' 형식입니다.
C:\UnrealProject\FightMadang\Source\FightMadang\Projectile.cpp(19): error C2065: 'ProjectileMovement': 선언되지 않은 식별자입니다.
C:\UnrealProject\FightMadang\Source\FightMadang\Projectile.cpp(19): error C2227: '->bRotationFollowVelocity' 왼쪽은 클래스/구조체/공용 구조체/제네릭 형식을 가리켜야 합니다.
  C:\UnrealProject\FightMadang\Source\FightMadang\Projectile.cpp(19): note: 'unknown-type' 형식입니다.
UnrealBuildTool : error : UBT ERROR: Failed to produce item: C:\UnrealProject\FightMadang\Binaries\Win64\UE4Editor-FightMadang-5208.dll
  Total build time: 29.03 seconds (Local executor: 0.00 seconds)
C:\Program Files (x86)\Microsoft Visual Studio\2017\Community\Common7\IDE\VC\VCTargets\Microsoft.MakeFile.Targets(44,5): error MSB3075: ""C:\Program Files\Epic Games\UE_4.19\Engine\Build\BatchFiles\Build.bat" FightMadangEditor Win64 Development "C:\UnrealProject\FightMadang\FightMadang.uproject" -WaitMutex -FromMsBuild" 명령이 종료되었습니다(코드: 5). 이 명령을 실행할 권한이 있는지 확인하세요.
