Log file open, 07/07/18 20:37:44
LogWindows: Failed to load 'aqProf.dll' (GetLastError=126)
LogWindows: File 'aqProf.dll' does not exist
LogWindows: Failed to load 'VtuneApi.dll' (GetLastError=126)
LogWindows: File 'VtuneApi.dll' does not exist
LogWindows: Failed to load 'VtuneApi32e.dll' (GetLastError=126)
LogWindows: File 'VtuneApi32e.dll' does not exist
LogInit: Display: Running engine for game: FightMadang
LogPlatformFile: Not using cached read wrapper
LogInit: Display: RandInit(-222948039) SRandInit(-222948039).
LogInit: Read version file with build ID '3944462'
LogInit: Overriding engine version to CL 4033788, compatible CL 3944462
LogInit: Registered custom module enumerator with build ID '3944462'
LogTaskGraph: Started task graph with 5 named threads and 23 total threads with 3 sets of task threads.
LogStats: Stats thread started at 0.819885
LogD3D11RHI: Aftermath initialized
LogICUInternationalization: Display: ICU TimeZone Detection - Raw Offset: +9:00, Platform Override: ''
LogPluginManager: Mounting plugin Paper2D
LogPluginManager: Mounting plugin LiveLink
LogPluginManager: Mounting plugin LightPropagationVolume
LogPluginManager: Mounting plugin CLionSourceCodeAccess
LogPluginManager: Mounting plugin CodeLiteSourceCodeAccess
LogPluginManager: Mounting plugin GitSourceControl
LogPluginManager: Mounting plugin KDevelopSourceCodeAccess
LogPluginManager: Mounting plugin NullSourceCodeAccess
LogPluginManager: Mounting plugin PerforceSourceControl
LogPluginManager: Mounting plugin SubversionSourceControl
LogPluginManager: Mounting plugin UObjectPlugin
LogPluginManager: Mounting plugin VisualStudioCodeSourceCodeAccess
LogPluginManager: Mounting plugin VisualStudioSourceCodeAccess
LogPluginManager: Mounting plugin XCodeSourceCodeAccess
LogPluginManager: Mounting plugin AssetManagerEditor
LogPluginManager: Mounting plugin CryptoKeys
LogPluginManager: Mounting plugin DataValidation
LogPluginManager: Mounting plugin FacialAnimation
LogPluginManager: Mounting plugin GameplayTagsEditor
LogPluginManager: Mounting plugin MobileLauncherProfileWizard
LogPluginManager: Mounting plugin PluginBrowser
LogPluginManager: Mounting plugin SpeedTreeImporter
LogPluginManager: Mounting plugin DatasmithContent
LogPluginManager: Mounting plugin AlembicImporter
LogPluginManager: Mounting plugin CharacterAI
LogPluginManager: Mounting plugin HTML5Networking
LogPluginManager: Mounting plugin AndroidMedia
LogPluginManager: Mounting plugin AvfMedia
LogPluginManager: Mounting plugin ImgMedia
LogPluginManager: Mounting plugin LinearTimecode
LogPluginManager: Mounting plugin MediaCompositing
LogPluginManager: Mounting plugin MediaPlayerEditor
LogPluginManager: Mounting plugin WmfMedia
LogPluginManager: Mounting plugin TcpMessaging
LogPluginManager: Mounting plugin UdpMessaging
LogPluginManager: Mounting plugin ActorSequence
LogPluginManager: Mounting plugin LevelSequenceEditor
LogPluginManager: Mounting plugin MatineeToLevelSequence
LogPluginManager: Mounting plugin NetcodeUnitTest
LogPluginManager: Mounting plugin NUTUnrealEngine4
LogPluginManager: Mounting plugin OnlineSubsystemGooglePlay
LogPluginManager: Mounting plugin OnlineSubsystemIOS
LogPluginManager: Mounting plugin OnlineSubsystem
LogPluginManager: Mounting plugin OnlineSubsystemNull
LogPluginManager: Mounting plugin OnlineSubsystemUtils
LogPluginManager: Mounting plugin AndroidDeviceProfileSelector
LogPluginManager: Mounting plugin AndroidMoviePlayer
LogPluginManager: Mounting plugin AndroidPermission
LogPluginManager: Mounting plugin AppleARKit
LogPluginManager: Mounting plugin AppleMoviePlayer
LogPluginManager: Mounting plugin ArchVisCharacter
LogPluginManager: Mounting plugin AudioCapture
LogPluginManager: Mounting plugin CableComponent
LogPluginManager: Mounting plugin CustomMeshComponent
LogPluginManager: Mounting plugin ExampleDeviceProfileSelector
LogPluginManager: Mounting plugin GoogleCloudMessaging
LogPluginManager: Mounting plugin ImmediatePhysics
LogPluginManager: Mounting plugin IOSDeviceProfileSelector
LogPluginManager: Mounting plugin LinuxDeviceProfileSelector
LogPluginManager: Mounting plugin LocationServicesBPLibrary
LogPluginManager: Mounting plugin MobilePatchingUtils
LogPluginManager: Mounting plugin OculusVR
LogPluginManager: Plugin shader directory ../../../Engine/Plugins/Runtime/Oculus/OculusVR/Shaders found
LogPluginManager: Mapping shader source directory ../../../Engine/Plugins/Runtime/Oculus/OculusVR/Shaders to virtual directory /Plugin/OculusVR
LogPluginManager: Mounting plugin PhysXVehicles
LogPluginManager: Mounting plugin ProceduralMeshComponent
LogPluginManager: Mounting plugin RuntimePhysXCooking
LogPluginManager: Mounting plugin SteamVR
LogPluginManager: Mounting plugin WindowsMoviePlayer
LogStreaming: Display: Took  0.144s to configure plugins.
LogModuleManager: Display: Found up-to-date module file ../../../../../../UnrealProject/FightMadang/Binaries/Win64/UE4Editor-FightMadang.dll (API version 3944462).
LogModuleManager: Display: Found up-to-date module file ../../../Engine/Plugins/2D/Paper2D/Binaries/Win64/UE4Editor-Paper2D.dll (API version 3944462).
LogModuleManager: Display: Found up-to-date module file ../../../Engine/Plugins/2D/Paper2D/Binaries/Win64/UE4Editor-Paper2DEditor.dll (API version 3944462).
LogModuleManager: Display: Found up-to-date module file ../../../Engine/Plugins/2D/Paper2D/Binaries/Win64/UE4Editor-PaperSpriteSheetImporter.dll (API version 3944462).
LogModuleManager: Display: Found up-to-date module file ../../../Engine/Plugins/2D/Paper2D/Binaries/Win64/UE4Editor-PaperTiledImporter.dll (API version 3944462).
LogModuleManager: Display: Found up-to-date module file ../../../Engine/Plugins/2D/Paper2D/Binaries/Win64/UE4Editor-SmartSnapping.dll (API version 3944462).
LogModuleManager: Display: Found up-to-date module file ../../../Engine/Plugins/Animation/LiveLink/Binaries/Win64/UE4Editor-LiveLink.dll (API version 3944462).
LogModuleManager: Display: Found up-to-date module file ../../../Engine/Plugins/Animation/LiveLink/Binaries/Win64/UE4Editor-LiveLinkEditor.dll (API version 3944462).
LogModuleManager: Display: Found up-to-date module file ../../../Engine/Plugins/Blendables/LightPropagationVolume/Binaries/Win64/UE4Editor-LightPropagationVolumeRuntime.dll (API version 3944462).
LogModuleManager: Display: Found up-to-date module file ../../../Engine/Plugins/Blendables/LightPropagationVolume/Binaries/Win64/UE4Editor-LightPropagationVolumeEditor.dll (API version 3944462).
LogModuleManager: Display: Found up-to-date module file ../../../Engine/Plugins/Developer/CLionSourceCodeAccess/Binaries/Win64/UE4Editor-CLionSourceCodeAccess.dll (API version 3944462).
LogModuleManager: Display: Found up-to-date module file ../../../Engine/Plugins/Developer/GitSourceControl/Binaries/Win64/UE4Editor-GitSourceControl.dll (API version 3944462).
LogModuleManager: Display: Found up-to-date module file ../../../Engine/Plugins/Developer/PerforceSourceControl/Binaries/Win64/UE4Editor-PerforceSourceControl.dll (API version 3944462).
LogModuleManager: Display: Found up-to-date module file ../../../Engine/Plugins/Developer/SubversionSourceControl/Binaries/Win64/UE4Editor-SubversionSourceControl.dll (API version 3944462).
LogModuleManager: Display: Found up-to-date module file ../../../Engine/Plugins/Developer/UObjectPlugin/Binaries/Win64/UE4Editor-UObjectPlugin.dll (API version 3944462).
LogModuleManager: Display: Found up-to-date module file ../../../Engine/Plugins/Developer/VisualStudioCodeSourceCodeAccess/Binaries/Win64/UE4Editor-VisualStudioCodeSourceCodeAccess.dll (API version 3944462).
LogModuleManager: Display: Found up-to-date module file ../../../Engine/Plugins/Developer/VisualStudioSourceCodeAccess/Binaries/Win64/UE4Editor-VisualStudioSourceCodeAccess.dll (API version 3944462).
LogModuleManager: Display: Found up-to-date module file ../../../Engine/Plugins/Editor/AssetManagerEditor/Binaries/Win64/UE4Editor-AssetManagerEditor.dll (API version 3944462).
LogModuleManager: Display: Found up-to-date module file ../../../Engine/Plugins/Editor/CryptoKeys/Binaries/Win64/UE4Editor-CryptoKeys.dll (API version 3944462).
LogModuleManager: Display: Found up-to-date module file ../../../Engine/Plugins/Editor/CryptoKeys/Binaries/Win64/UE4Editor-CryptoKeysOpenSSL.dll (API version 3944462).
LogModuleManager: Display: Found up-to-date module file ../../../Engine/Plugins/Editor/DataValidation/Binaries/Win64/UE4Editor-DataValidation.dll (API version 3944462).
LogModuleManager: Display: Found up-to-date module file ../../../Engine/Plugins/Editor/FacialAnimation/Binaries/Win64/UE4Editor-FacialAnimation.dll (API version 3944462).
LogModuleManager: Display: Found up-to-date module file ../../../Engine/Plugins/Editor/FacialAnimation/Binaries/Win64/UE4Editor-FacialAnimationEditor.dll (API version 3944462).
LogModuleManager: Display: Found up-to-date module file ../../../Engine/Plugins/Editor/GameplayTagsEditor/Binaries/Win64/UE4Editor-GameplayTagsEditor.dll (API version 3944462).
LogModuleManager: Display: Found up-to-date module file ../../../Engine/Plugins/Editor/MobileLauncherProfileWizard/Binaries/Win64/UE4Editor-MobileLauncherProfileWizard.dll (API version 3944462).
LogModuleManager: Display: Found up-to-date module file ../../../Engine/Plugins/Editor/PluginBrowser/Binaries/Win64/UE4Editor-PluginBrowser.dll (API version 3944462).
LogModuleManager: Display: Found up-to-date module file ../../../Engine/Plugins/Editor/SpeedTreeImporter/Binaries/Win64/UE4Editor-SpeedTreeImporter.dll (API version 3944462).
LogModuleManager: Display: Found up-to-date module file ../../../Engine/Plugins/Enterprise/DatasmithContent/Binaries/Win64/UE4Editor-DatasmithContent.dll (API version 3944462).
LogModuleManager: Display: Found up-to-date module file ../../../Engine/Plugins/Experimental/AlembicImporter/Binaries/Win64/UE4Editor-AlembicImporter.dll (API version 3944462).
LogModuleManager: Display: Found up-to-date module file ../../../Engine/Plugins/Experimental/AlembicImporter/Binaries/Win64/UE4Editor-AlembicLibrary.dll (API version 3944462).
LogModuleManager: Display: Found up-to-date module file ../../../Engine/Plugins/Experimental/CharacterAI/Binaries/Win64/UE4Editor-CharacterAI.dll (API version 3944462).
LogModuleManager: Display: Found up-to-date module file ../../../Engine/Plugins/Experimental/HTML5Networking/Binaries/Win64/UE4Editor-HTML5Networking.dll (API version 3944462).
LogModuleManager: Display: Found up-to-date module file ../../../Engine/Plugins/Media/AndroidMedia/Binaries/Win64/UE4Editor-AndroidMediaEditor.dll (API version 3944462).
LogModuleManager: Display: Found up-to-date module file ../../../Engine/Plugins/Media/AndroidMedia/Binaries/Win64/UE4Editor-AndroidMediaFactory.dll (API version 3944462).
LogModuleManager: Display: Found up-to-date module file ../../../Engine/Plugins/Media/AvfMedia/Binaries/Win64/UE4Editor-AvfMediaEditor.dll (API version 3944462).
LogModuleManager: Display: Found up-to-date module file ../../../Engine/Plugins/Media/AvfMedia/Binaries/Win64/UE4Editor-AvfMediaFactory.dll (API version 3944462).
LogModuleManager: Display: Found up-to-date module file ../../../Engine/Plugins/Media/AvfMedia/Binaries/Win64/UE4Editor-AvfMediaFactory.dll (API version 3944462).
LogModuleManager: Display: Found up-to-date module file ../../../Engine/Plugins/Media/ImgMedia/Binaries/Win64/UE4Editor-ImgMedia.dll (API version 3944462).
LogModuleManager: Display: Found up-to-date module file ../../../Engine/Plugins/Media/ImgMedia/Binaries/Win64/UE4Editor-ImgMediaEditor.dll (API version 3944462).
LogModuleManager: Display: Found up-to-date module file ../../../Engine/Plugins/Media/ImgMedia/Binaries/Win64/UE4Editor-ImgMediaFactory.dll (API version 3944462).
LogModuleManager: Display: Found up-to-date module file ../../../Engine/Plugins/Media/ImgMedia/Binaries/Win64/UE4Editor-ImgMediaFactory.dll (API version 3944462).
LogModuleManager: Display: Found up-to-date module file ../../../Engine/Plugins/Media/ImgMedia/Binaries/Win64/UE4Editor-OpenExrWrapper.dll (API version 3944462).
LogModuleManager: Display: Found up-to-date module file ../../../Engine/Plugins/Media/LinearTimecode/Binaries/Win64/UE4Editor-LinearTimecode.dll (API version 3944462).
LogModuleManager: Display: Found up-to-date module file ../../../Engine/Plugins/Media/MediaCompositing/Binaries/Win64/UE4Editor-MediaCompositing.dll (API version 3944462).
LogModuleManager: Display: Found up-to-date module file ../../../Engine/Plugins/Media/MediaCompositing/Binaries/Win64/UE4Editor-MediaCompositingEditor.dll (API version 3944462).
LogModuleManager: Display: Found up-to-date module file ../../../Engine/Plugins/Media/MediaPlayerEditor/Binaries/Win64/UE4Editor-MediaPlayerEditor.dll (API version 3944462).
LogModuleManager: Display: Found up-to-date module file ../../../Engine/Plugins/Media/WmfMedia/Binaries/Win64/UE4Editor-WmfMedia.dll (API version 3944462).
LogModuleManager: Display: Found up-to-date module file ../../../Engine/Plugins/Media/WmfMedia/Binaries/Win64/UE4Editor-WmfMediaEditor.dll (API version 3944462).
LogModuleManager: Display: Found up-to-date module file ../../../Engine/Plugins/Media/WmfMedia/Binaries/Win64/UE4Editor-WmfMediaFactory.dll (API version 3944462).
LogModuleManager: Display: Found up-to-date module file ../../../Engine/Plugins/Media/WmfMedia/Binaries/Win64/UE4Editor-WmfMediaFactory.dll (API version 3944462).
LogModuleManager: Display: Found up-to-date module file ../../../Engine/Plugins/Messaging/TcpMessaging/Binaries/Win64/UE4Editor-TcpMessaging.dll (API version 3944462).
LogModuleManager: Display: Found up-to-date module file ../../../Engine/Plugins/Messaging/UdpMessaging/Binaries/Win64/UE4Editor-UdpMessaging.dll (API version 3944462).
LogModuleManager: Display: Found up-to-date module file ../../../Engine/Plugins/MovieScene/ActorSequence/Binaries/Win64/UE4Editor-ActorSequence.dll (API version 3944462).
LogModuleManager: Display: Found up-to-date module file ../../../Engine/Plugins/MovieScene/LevelSequenceEditor/Binaries/Win64/UE4Editor-LevelSequenceEditor.dll (API version 3944462).
LogModuleManager: Display: Found up-to-date module file ../../../Engine/Plugins/MovieScene/MatineeToLevelSequence/Binaries/Win64/UE4Editor-MatineeToLevelSequence.dll (API version 3944462).
LogModuleManager: Display: Found up-to-date module file ../../../Engine/Plugins/NetcodeUnitTest/NetcodeUnitTest/Binaries/Win64/UE4Editor-NetcodeUnitTest.dll (API version 3944462).
LogModuleManager: Display: Found up-to-date module file ../../../Engine/Plugins/NetcodeUnitTest/NUTUnrealEngine4/Binaries/Win64/UE4Editor-NUTUnrealEngine4.dll (API version 3944462).
LogModuleManager: Display: Found up-to-date module file ../../../Engine/Plugins/Online/OnlineSubsystem/Binaries/Win64/UE4Editor-OnlineSubsystem.dll (API version 3944462).
LogModuleManager: Display: Found up-to-date module file ../../../Engine/Plugins/Online/OnlineSubsystemNull/Binaries/Win64/UE4Editor-OnlineSubsystemNull.dll (API version 3944462).
LogModuleManager: Display: Found up-to-date module file ../../../Engine/Plugins/Online/OnlineSubsystemUtils/Binaries/Win64/UE4Editor-OnlineSubsystemUtils.dll (API version 3944462).
LogModuleManager: Display: Found up-to-date module file ../../../Engine/Plugins/Online/OnlineSubsystemUtils/Binaries/Win64/UE4Editor-OnlineBlueprintSupport.dll (API version 3944462).
LogModuleManager: Display: Found up-to-date module file ../../../Engine/Plugins/Runtime/AndroidDeviceProfileSelector/Binaries/Win64/UE4Editor-AndroidDeviceProfileSelector.dll (API version 3944462).
LogModuleManager: Display: Found up-to-date module file ../../../Engine/Plugins/Runtime/AndroidPermission/Binaries/Win64/UE4Editor-AndroidPermission.dll (API version 3944462).
LogModuleManager: Display: Found up-to-date module file ../../../Engine/Plugins/Runtime/AppleARKit/Binaries/Win64/UE4Editor-AppleARKit.dll (API version 3944462).
LogModuleManager: Display: Found up-to-date module file ../../../Engine/Plugins/Runtime/ArchVisCharacter/Binaries/Win64/UE4Editor-ArchVisCharacter.dll (API version 3944462).
LogModuleManager: Display: Found up-to-date module file ../../../Engine/Plugins/Runtime/AudioCapture/Binaries/Win64/UE4Editor-AudioCapture.dll (API version 3944462).
LogModuleManager: Display: Found up-to-date module file ../../../Engine/Plugins/Runtime/AudioCapture/Binaries/Win64/UE4Editor-AudioCaptureEditor.dll (API version 3944462).
LogModuleManager: Display: Found up-to-date module file ../../../Engine/Plugins/Runtime/CableComponent/Binaries/Win64/UE4Editor-CableComponent.dll (API version 3944462).
LogModuleManager: Display: Found up-to-date module file ../../../Engine/Plugins/Runtime/CustomMeshComponent/Binaries/Win64/UE4Editor-CustomMeshComponent.dll (API version 3944462).
LogModuleManager: Display: Found up-to-date module file ../../../Engine/Plugins/Runtime/ExampleDeviceProfileSelector/Binaries/Win64/UE4Editor-ExampleDeviceProfileSelector.dll (API version 3944462).
LogModuleManager: Display: Found up-to-date module file ../../../Engine/Plugins/Runtime/ImmediatePhysics/Binaries/Win64/UE4Editor-ImmediatePhysics.dll (API version 3944462).
LogModuleManager: Display: Found up-to-date module file ../../../Engine/Plugins/Runtime/ImmediatePhysics/Binaries/Win64/UE4Editor-ImmediatePhysicsEditor.dll (API version 3944462).
LogModuleManager: Display: Found up-to-date module file ../../../Engine/Plugins/Runtime/LocationServicesBPLibrary/Binaries/Win64/UE4Editor-LocationServicesBPLibrary.dll (API version 3944462).
LogModuleManager: Display: Found up-to-date module file ../../../Engine/Plugins/Runtime/MobilePatchingUtils/Binaries/Win64/UE4Editor-MobilePatchingUtils.dll (API version 3944462).
LogModuleManager: Display: Found up-to-date module file ../../../Engine/Plugins/Runtime/Oculus/OculusVR/Binaries/Win64/UE4Editor-OculusHMD.dll (API version 3944462).
LogModuleManager: Display: Found up-to-date module file ../../../Engine/Plugins/Runtime/Oculus/OculusVR/Binaries/Win64/UE4Editor-OculusInput.dll (API version 3944462).
LogModuleManager: Display: Found up-to-date module file ../../../Engine/Plugins/Runtime/Oculus/OculusVR/Binaries/Win64/UE4Editor-OculusEditor.dll (API version 3944462).
LogModuleManager: Display: Found up-to-date module file ../../../Engine/Plugins/Runtime/PhysXVehicles/Binaries/Win64/UE4Editor-PhysXVehicles.dll (API version 3944462).
LogModuleManager: Display: Found up-to-date module file ../../../Engine/Plugins/Runtime/PhysXVehicles/Binaries/Win64/UE4Editor-PhysXVehiclesEditor.dll (API version 3944462).
LogModuleManager: Display: Found up-to-date module file ../../../Engine/Plugins/Runtime/ProceduralMeshComponent/Binaries/Win64/UE4Editor-ProceduralMeshComponent.dll (API version 3944462).
LogModuleManager: Display: Found up-to-date module file ../../../Engine/Plugins/Runtime/ProceduralMeshComponent/Binaries/Win64/UE4Editor-ProceduralMeshComponentEditor.dll (API version 3944462).
LogModuleManager: Display: Found up-to-date module file ../../../Engine/Plugins/Runtime/RuntimePhysXCooking/Binaries/Win64/UE4Editor-RuntimePhysXCooking.dll (API version 3944462).
LogModuleManager: Display: Found up-to-date module file ../../../Engine/Plugins/Runtime/Steam/SteamVR/Binaries/Win64/UE4Editor-SteamVR.dll (API version 3944462).
LogModuleManager: Display: Found up-to-date module file ../../../Engine/Plugins/Runtime/Steam/SteamVR/Binaries/Win64/UE4Editor-SteamVRController.dll (API version 3944462).
LogModuleManager: Display: Found up-to-date module file ../../../Engine/Plugins/Runtime/WindowsMoviePlayer/Binaries/Win64/UE4Editor-WindowsMoviePlayer.dll (API version 3944462).
LogInit: Using libcurl 7.47.1
LogInit:  - built for x86_64-pc-win32
LogInit:  - supports SSL with OpenSSL/1.0.2g
LogInit:  - supports HTTP deflate (compression) using libz 1.2.8
LogInit:  - other features:
LogInit:      CURL_VERSION_SSL
LogInit:      CURL_VERSION_LIBZ
LogInit:      CURL_VERSION_IPV6
LogInit:      CURL_VERSION_ASYNCHDNS
LogInit:      CURL_VERSION_LARGEFILE
LogInit:      CURL_VERSION_IDN
LogInit:  CurlRequestOptions (configurable via config and command line):
LogInit:  - bVerifyPeer = false  - Libcurl will NOT verify peer certificate
LogInit:  - bUseHttpProxy = false  - Libcurl will NOT use HTTP proxy
LogInit:  - bDontReuseConnections = false  - Libcurl will reuse connections
LogInit:  - CertBundlePath = nullptr  - Libcurl will use whatever was configured at build time.
LogInit:  - MaxHostConnections = 16  - Libcurl will limit the number of connections to a host
LogInit:  - LocalHostAddr = Default
LogInit: WinSock: version 1.1 (2.2), MaxSocks=32767, MaxUdp=65467
LogInit: WinSock: I am DESKTOP-TFTFDIF (172.30.1.87:0)
LogInit: Build: ++UE4+Release-4.19-CL-4033788
LogInit: Engine Version: 4.19.2-4033788+++UE4+Release-4.19
LogInit: Compatible Engine Version: 4.19.0-3944462+++UE4+Release-4.19
LogInit: Net CL: 3944462
LogDevObjectVersion: Number of dev versions registered: 18
LogDevObjectVersion:   Dev-Blueprints (B0D832E4-1F89-4F0D-ACCF-7EB736FD4AA2): 10
LogDevObjectVersion:   Dev-Build (E1C64328-A22C-4D53-A36C-8E866417BD8C): 0
LogDevObjectVersion:   Dev-Core (375EC13C-06E4-48FB-B500-84F0262A717E): 2
LogDevObjectVersion:   Dev-Editor (E4B068ED-F494-42E9-A231-DA0B2E46BB41): 23
LogDevObjectVersion:   Dev-Framework (CFFC743F-43B0-4480-9391-14DF171D2073): 33
LogDevObjectVersion:   Dev-Mobile (B02B49B5-BB20-44E9-A304-32B752E40360): 2
LogDevObjectVersion:   Dev-Networking (A4E4105C-59A1-49B5-A7C5-40C4547EDFEE): 0
LogDevObjectVersion:   Dev-Online (39C831C9-5AE6-47DC-9A44-9C173E1C8E7C): 0
LogDevObjectVersion:   Dev-Physics (78F01B33-EBEA-4F98-B9B4-84EACCB95AA2): 0
LogDevObjectVersion:   Dev-Platform (6631380F-2D4D-43E0-8009-CF276956A95A): 0
LogDevObjectVersion:   Dev-Rendering (12F88B9F-8875-4AFC-A67C-D90C383ABD29): 25
LogDevObjectVersion:   Dev-Sequencer (7B5AE74C-D270-4C10-A958-57980B212A5A): 6
LogDevObjectVersion:   Dev-VR (D7296918-1DD6-4BDD-9DE2-64A83CC13884): 1
LogDevObjectVersion:   Dev-LoadTimes (C2A15278-BFE7-4AFE-6C17-90FF531DF755): 1
LogDevObjectVersion:   Private-Geometry (6EACA3D4-40EC-4CC1-B786-8BED09428FC5): 2
LogDevObjectVersion:   Dev-AnimPhys (29E575DD-E0A3-4627-9D10-D276232CDCEA): 16
LogDevObjectVersion:   Dev-ReflectionCapture (6B266CEC-1EC7-4B8F-A30B-E4D90942FC07): 1
LogDevObjectVersion:   Dev-Automation (0DF73D61-A23F-47EA-B727-89E90C41499A): 1
LogInit: Compiled (64-bit): Apr 27 2018 02:06:57
LogInit: Compiled with Visual C++: 19.00.24215.01
LogInit: Build Configuration: Development
LogInit: Branch Name: ++UE4+Release-4.19
LogInit: Command Line:  
LogInit: Base Directory: C:/Program Files/Epic Games/UE_4.19/Engine/Binaries/Win64/
LogInit: Installed Engine Build: 1
LogStreaming: Display: Took  0.004s to delete old logs.
LogInit: Presizing for max 8388607 objects, including 0 objects not considered by GC, pre-allocating 0 bytes for permanent pool.
LogInit: Object subsystem initialized
[2018.07.07-11.37.49:296][  0]LogInit: Selected Device Profile: [Windows]
[2018.07.07-11.37.49:296][  0]LogInit: Applying CVar settings loaded from the selected device profile: [Windows]
[2018.07.07-11.37.49:389][  0]LogInit: Computer: DESKTOP-TFTFDIF
[2018.07.07-11.37.49:390][  0]LogInit: User: LeeOneHyo
[2018.07.07-11.37.49:390][  0]LogInit: CPU Page size=4096, Cores=4
[2018.07.07-11.37.49:390][  0]LogInit: High frequency timer resolution =2.435776 MHz
[2018.07.07-11.37.49:390][  0]LogMemory: Memory total: Physical=15.9GB (16GB approx)
[2018.07.07-11.37.49:390][  0]LogMemory: Platform Memory Stats for Windows
[2018.07.07-11.37.49:390][  0]LogMemory: Process Physical Memory: 274.15 MB used, 274.15 MB peak
[2018.07.07-11.37.49:391][  0]LogMemory: Process Virtual Memory: 264.45 MB used, 264.45 MB peak
[2018.07.07-11.37.49:391][  0]LogMemory: Physical Memory: 3344.49 MB used,  12915.71 MB free, 16260.20 MB total
[2018.07.07-11.37.49:391][  0]LogMemory: Virtual Memory: 4791.84 MB used,  12915.71 MB free, 134217728.00 MB total
[2018.07.07-11.37.49:864][  0]LogInit: Overriding language with editor language configuration option (en).
[2018.07.07-11.37.49:864][  0]LogInit: Overriding locale with editor locale configuration option (en).
[2018.07.07-11.37.50:548][  0]LogStreaming: Display: Took  0.685s to EndInitTextLocalization.
[2018.07.07-11.37.50:548][  0]LogInit: Setting process to per monitor DPI aware
[2018.07.07-11.37.50:638][  0]LogSlate: New Slate User Created.  User Index 0, Is Virtual User: 0
[2018.07.07-11.37.50:638][  0]LogSlate: Slate User Registered.  User Index 0, Is Virtual User: 0
[2018.07.07-11.37.53:620][  0]LogD3D11RHI: D3D11 adapters:
[2018.07.07-11.37.53:648][  0]LogD3D11RHI:    0. 'AMD Radeon R9 M370X' (Feature Level 11_0)
[2018.07.07-11.37.53:648][  0]LogD3D11RHI:       2029/0/8130 MB DedicatedVideo/DedicatedSystem/SharedSystem, Outputs:1, VendorId:0x1002
[2018.07.07-11.37.53:664][  0]LogD3D11RHI:    1. 'Microsoft Basic Render Driver' (Feature Level 11_0)
[2018.07.07-11.37.53:664][  0]LogD3D11RHI:       0/0/8130 MB DedicatedVideo/DedicatedSystem/SharedSystem, Outputs:0, VendorId:0x1414
[2018.07.07-11.37.53:664][  0]LogD3D11RHI: Chosen D3D11 Adapter: 0
[2018.07.07-11.37.53:672][  0]LogD3D11RHI: Creating new Direct3DDevice
[2018.07.07-11.37.53:672][  0]LogD3D11RHI:     GPU DeviceId: 0x6821 (for the marketing name, search the web for "GPU Device Id")
[2018.07.07-11.37.53:672][  0]LogWindows: EnumDisplayDevices:
[2018.07.07-11.37.53:673][  0]LogWindows:    0. 'AMD Radeon R9 M370X' (P:1 D:1)
[2018.07.07-11.37.53:673][  0]LogWindows:    1. 'AMD Radeon R9 M370X' (P:0 D:0)
[2018.07.07-11.37.53:673][  0]LogWindows:    2. 'AMD Radeon R9 M370X' (P:0 D:0)
[2018.07.07-11.37.53:674][  0]LogWindows:    3. 'AMD Radeon R9 M370X' (P:0 D:0)
[2018.07.07-11.37.53:674][  0]LogWindows:    4. 'AMD Radeon R9 M370X' (P:0 D:0)
[2018.07.07-11.37.53:674][  0]LogWindows:    5. 'AMD Radeon R9 M370X' (P:0 D:0)
[2018.07.07-11.37.53:675][  0]LogWindows: DebugString: GetVideoDriverDetailsInvalid PrimaryIsNotTheChoosenAdapter GetVideoDriverDetailsInvalid PrimaryIsNotTheChoosenAdapter GetVideoDriverDetailsInvalid PrimaryIsNotTheChoosenAdapter GetVideoDriverDetailsInvalid PrimaryIsNotTheChoosenAdapter GetVideoDriverDetailsInvalid PrimaryIsNotTheChoosenAdapter GetVideoDriverDetailsInvalid PrimaryIsNotTheChoosenAdapter FoundDriverCount:0 
[2018.07.07-11.37.53:675][  0]LogD3D11RHI:     Adapter Name: AMD Radeon R9 M370X
[2018.07.07-11.37.53:675][  0]LogD3D11RHI:   Driver Version: Unknown (internal:Unknown, unified:Unknown)
[2018.07.07-11.37.53:675][  0]LogD3D11RHI:      Driver Date: Unknown
[2018.07.07-11.37.53:675][  0]LogRHI: Texture pool is 1420 MB (70% of 2029 MB)
[2018.07.07-11.37.53:868][  0]LogD3D11RHI: Async texture creation enabled
[2018.07.07-11.37.53:890][  0]LogD3D11RHI: GPU Timing Frequency: 27.000000 (Debug: 2 1)
[2018.07.07-11.37.53:894][  0]LogShaderCompilers: Guid format shader working directory is 6 characters bigger than the processId version (../../../../../../UnrealProject/FightMadang/Intermediate/Shaders/WorkingDirectory/11768/).
[2018.07.07-11.37.53:895][  0]LogShaderCompilers: Cleaned the shader compiler working directory 'C:/Users/LeeOneHyo/AppData/Local/Temp/UnrealShaderWorkingDir/F650DE2249087D1C1F579BB837A3224A/'.
[2018.07.07-11.37.55:425][  0]LogTemp: Display: Loaded TP AllDesktopTargetPlatform
[2018.07.07-11.37.55:440][  0]LogTemp: Display: Loaded TP MacClientTargetPlatform
[2018.07.07-11.37.55:455][  0]LogTemp: Display: Loaded TP MacNoEditorTargetPlatform
[2018.07.07-11.37.55:470][  0]LogTemp: Display: Loaded TP MacServerTargetPlatform
[2018.07.07-11.37.55:494][  0]LogTemp: Display: Loaded TP MacTargetPlatform
[2018.07.07-11.37.55:509][  0]LogTemp: Display: Loaded TP WindowsClientTargetPlatform
[2018.07.07-11.37.55:524][  0]LogTemp: Display: Loaded TP WindowsNoEditorTargetPlatform
[2018.07.07-11.37.55:539][  0]LogTemp: Display: Loaded TP WindowsServerTargetPlatform
[2018.07.07-11.37.55:547][  0]LogTemp: Display: Loaded TP WindowsTargetPlatform
[2018.07.07-11.37.55:560][  0]LogTemp: Display: Loaded TP Android_ASTCTargetPlatform
[2018.07.07-11.37.55:573][  0]LogTemp: Display: Loaded TP Android_ATCTargetPlatform
[2018.07.07-11.37.55:586][  0]LogTemp: Display: Loaded TP Android_DXTTargetPlatform
[2018.07.07-11.37.55:599][  0]LogTemp: Display: Loaded TP Android_ETC1aTargetPlatform
[2018.07.07-11.37.55:612][  0]LogTemp: Display: Loaded TP Android_ETC1TargetPlatform
[2018.07.07-11.37.55:624][  0]LogTemp: Display: Loaded TP Android_ETC2TargetPlatform
[2018.07.07-11.37.55:651][  0]LogTemp: Display: Loaded TP Android_MultiTargetPlatform
[2018.07.07-11.37.55:651][  0]LogTemp: Display: Loaded TP Android_PVRTCTargetPlatform
[2018.07.07-11.37.55:669][  0]LogTemp: Display: Loaded TP AndroidTargetPlatform
[2018.07.07-11.37.55:671][  0]LogTemp: Display: Loaded TP HTML5TargetPlatform
[2018.07.07-11.37.55:759][  0]LogTemp: Display: Loaded TP IOSTargetPlatform
[2018.07.07-11.37.55:822][  0]LogTemp: Display: Loaded TP TVOSTargetPlatform
[2018.07.07-11.37.55:866][  0]LogTemp: Display: Loaded TP LinuxClientTargetPlatform
[2018.07.07-11.37.55:886][  0]LogTemp: Display: Loaded TP LinuxNoEditorTargetPlatform
[2018.07.07-11.37.55:904][  0]LogTemp: Display: Loaded TP LinuxServerTargetPlatform
[2018.07.07-11.37.55:922][  0]LogTemp: Display: Loaded TP LinuxTargetPlatform
[2018.07.07-11.37.55:923][  0]LogTargetPlatformManager: Display: Building Assets For Windows
[2018.07.07-11.37.56:696][  0]LogXGEController: Cleaning working directory: C:/Users/LeeOneHyo/AppData/Local/Temp/UnrealXGEWorkingDir/
[2018.07.07-11.37.56:696][  0]LogXGEController: Cannot use XGE Controller as Incredibuild is not installed on this machine.
[2018.07.07-11.37.56:696][  0]LogShaderCompilers: Cannot use XGE Shader Compiler as Incredibuild is not installed on this machine.
[2018.07.07-11.37.56:696][  0]LogShaderCompilers: Display: Using Local Shader Compiler.
[2018.07.07-11.37.59:625][  0]LogDerivedDataCache: Display: Max Cache Size: 512 MB
[2018.07.07-11.38.00:227][  0]LogDerivedDataCache: Loaded boot cache 0.60s 83MB C:/Users/LeeOneHyo/AppData/Local/UnrealEngine/4.19/DerivedDataCache/Boot.ddc.
[2018.07.07-11.38.00:228][  0]LogDerivedDataCache: Display: Loaded Boot cache: C:/Users/LeeOneHyo/AppData/Local/UnrealEngine/4.19/DerivedDataCache/Boot.ddc
[2018.07.07-11.38.00:228][  0]LogDerivedDataCache: FDerivedDataBackendGraph:  Pak pak cache file ../../../../../../UnrealProject/FightMadang/DerivedDataCache/DDC.ddp not found, will not use a pak cache.
[2018.07.07-11.38.00:228][  0]LogDerivedDataCache: Unable to find inner node Pak for hierarchical cache Hierarchy.
[2018.07.07-11.38.00:228][  0]LogDerivedDataCache: FDerivedDataBackendGraph:  CompressedPak pak cache file ../../../../../../UnrealProject/FightMadang/DerivedDataCache/Compressed.ddp not found, will not use a pak cache.
[2018.07.07-11.38.00:228][  0]LogDerivedDataCache: Unable to find inner node CompressedPak for hierarchical cache Hierarchy.
[2018.07.07-11.38.00:318][  0]LogDerivedDataCache: Display: Pak cache opened for reading ../../../Engine/DerivedDataCache/Compressed.ddp.
[2018.07.07-11.38.00:335][  0]LogDerivedDataCache: Using Local data cache path C:/Users/LeeOneHyo/AppData/Local/UnrealEngine/Common/DerivedDataCache: Writable
[2018.07.07-11.38.00:335][  0]LogDerivedDataCache: Shared data cache path not found in *engine.ini, will not use an Shared cache.
[2018.07.07-11.38.00:335][  0]LogDerivedDataCache: Unable to find inner node Shared for hierarchical cache Hierarchy.
[2018.07.07-11.38.00:363][  0]LogMaterial: Verifying Global Shaders for PCD3D_SM5
[2018.07.07-11.38.00:364][  0]LogSlate: Using Freetype 2.6.0
[2018.07.07-11.38.00:411][  0]LogSlate: SlateFontCache - WITH_FREETYPE: 1, WITH_HARFBUZZ: 1
[2018.07.07-11.38.00:411][  0]LogSlate: SlateFontCache - WITH_FREETYPE: 1, WITH_HARFBUZZ: 1
[2018.07.07-11.38.03:344][  0]LogAssetRegistry: FAssetRegistry took 0.0263 seconds to start up
[2018.07.07-11.38.03:768][  0]LogInit: Selected Device Profile: [Windows]
[2018.07.07-11.38.04:187][  0]LogSimplygon: Simplygon DLL not present - disabling.
[2018.07.07-11.38.04:200][  0]LogMeshReduction: Using SimplygonSwarm for distributed automatic mesh merging
[2018.07.07-11.38.04:201][  0]LogMeshReduction: Using QuadricMeshReduction for automatic static mesh reduction
[2018.07.07-11.38.04:201][  0]LogMeshReduction: No automatic skeletal mesh reduction module available
[2018.07.07-11.38.04:201][  0]LogMeshReduction: No automatic mesh merging module available
[2018.07.07-11.38.04:201][  0]LogMeshMerging: No automatic mesh merging module available
[2018.07.07-11.38.04:273][  0]LogNetVersion: FightMadang , NetCL: 3944462, EngineNetVer: 2, GameNetVer: 0 (Checksum: 2840535495)
[2018.07.07-11.38.05:935][  0]LogPackageLocalizationCache: Processed 9 localized package path(s) for 1 prioritized culture(s) in 0.143012 seconds
[2018.07.07-11.38.05:951][  0]LogUObjectArray: 36728 objects as part of root set at end of initial load.
[2018.07.07-11.38.05:952][  0]LogUObjectAllocator: 7314312 out of 0 bytes used by permanent object pool.
[2018.07.07-11.38.05:952][  0]LogUObjectArray: CloseDisregardForGC: 0/0 objects in disregard for GC pool
[2018.07.07-11.38.13:546][  0]LogTcpMessaging: Initializing TcpMessaging bridge
[2018.07.07-11.38.13:585][  0]LogUdpMessaging: Initializing bridge on interface 0.0.0.0:0 to multicast group 230.0.0.1:6666.
[2018.07.07-11.38.14:087][  0]LogUObjectGlobals: Created PersistentFrame Addr=0x000002cc68fd1bc0, Size=64, Default__Aj_bp_C Function /Game/ThirdPersonCPP/Blueprints/Aj_bp.Aj_bp_C:ExecuteUbergraph_Aj_bp
[2018.07.07-11.38.14:095][  0]LogUObjectGlobals: Destroyed PersistentFrame Addr=0x000002cc68fd1bc0, Size=64
[2018.07.07-11.38.14:095][  0]LogUObjectGlobals: Created PersistentFrame Addr=0x000002cc68fd1bc0, Size=64, Default__Aj_bp_C Function /Engine/Transient.REINST_Aj_bp_C_0:ExecuteUbergraph_Aj_bp
[2018.07.07-11.38.14:103][  0]LogUObjectGlobals: Created PersistentFrame Addr=0x000002cc6913c240, Size=64, Default__Aj_bp_C Function /Game/ThirdPersonCPP/Blueprints/Aj_bp.Aj_bp_C:ExecuteUbergraph_Aj_bp
[2018.07.07-11.38.14:429][  0]LogSkeletalMesh: Skeletal Mesh found in DDC [0.107563ms] /Game/InfinityBladeWeapons/Weapons/Blade/Silly_Weapons/Blade_BatAxe/SK_Blade_BatAxe.SK_Blade_BatAxe
[2018.07.07-11.38.14:448][  0]LogSkeletalMesh: Skeletal Mesh found in DDC [0.691771ms] /Game/Asset/Character/Aj/Mesh/aj.aj
[2018.07.07-11.38.14:455][  0]LogSkeletalMesh: Skeletal Mesh found in DDC [0.044750ms] /Game/InfinityBladeWeapons/Weapons/Blade/Silly_Weapons/Blade_Baguette/SK_Blade_Baguette.SK_Blade_Baguette
[2018.07.07-11.38.14:700][  0]SourceControl: Source control is disabled
[2018.07.07-11.38.14:700][  0]SourceControl: Source control is disabled
[2018.07.07-11.38.14:732][  0]LogPackageName: Warning: String asset reference "JW_FlameDungeon.FX.SM_FX_Embers" is in short form, which is unsupported and -- even if valid -- resolving it will be really slow.
[2018.07.07-11.38.14:732][  0]LogPackageName: Warning: Please consider resaving package in order to speed-up loading.
[2018.07.07-11.38.14:732][  0]SourceControl: Source control is disabled
[2018.07.07-11.38.14:763][  0]SourceControl: Source control is disabled
[2018.07.07-11.38.15:394][  0]LogPackageName: SearchForPackageOnDisk took   0.347s, but failed to resolve JW_FlameDungeon.
[2018.07.07-11.38.15:394][  0]LogPackageName: Warning: String asset reference "JW_FlameDungeon.FX.SM_FX_Embers" could not be resolved.
[2018.07.07-11.38.15:394][  0]LogPackageName: Warning: String asset reference "JW_FlameDungeon.FX.SM_FogPlane02" is in short form, which is unsupported and -- even if valid -- resolving it will be really slow.
[2018.07.07-11.38.15:394][  0]LogPackageName: Warning: Please consider resaving package in order to speed-up loading.
[2018.07.07-11.38.15:568][  0]LogPackageName: SearchForPackageOnDisk took   0.343s, but failed to resolve JW_FlameDungeon.
[2018.07.07-11.38.15:568][  0]LogPackageName: Warning: String asset reference "JW_FlameDungeon.FX.SM_FogPlane02" could not be resolved.
[2018.07.07-11.38.15:568][  0]LogAndroidPermission: UAndroidPermissionCallbackProxy::GetInstance
[2018.07.07-11.38.15:832][  0]LogOcInput: OculusInput pre-init called
[2018.07.07-11.38.15:992][  0]LogEngine: Initializing Engine...
[2018.07.07-11.38.15:994][  0]LogHMD: Failed to initialize OpenVR with code 110
[2018.07.07-11.38.15:995][  0]LogStats: UGameplayTagsManager::ConstructGameplayTagTree: Construct from data asset -  0.000 s
[2018.07.07-11.38.15:996][  0]LogStats: UGameplayTagsManager::ConstructGameplayTagTree: GameplayTagTreeChangedEvent.Broadcast -  0.000 s
[2018.07.07-11.38.16:238][  0]LogAIModule: Creating AISystem for world Untitled
[2018.07.07-11.38.16:266][  0]LogInit: XAudio2 using '헤드폰(Cirrus Logic CS4208 (AB 128))' : 2 channels at 48 kHz using 32 bits per sample (channel mask 0x3)
[2018.07.07-11.38.16:356][  0]LogInit: FAudioDevice initialized.
[2018.07.07-11.38.16:436][  0]LogDerivedDataCache: Saved boot cache 0.08s 83MB C:/Users/LeeOneHyo/AppData/Local/UnrealEngine/4.19/DerivedDataCache/Boot.ddc.
[2018.07.07-11.38.16:454][  0]LogInit: Texture streaming: Enabled
[2018.07.07-11.38.16:481][  0]LogEngineSessionManager: EngineSessionManager initialized
[2018.07.07-11.38.16:481][  0]LogEngineSessionManager: EngineSessionManager sent abnormal shutdown report. Type=AbnormalShutdown, SessionId={D0240BB4-4F52-BB55-5BC4-D49A61DC0F5E}
[2018.07.07-11.38.16:527][  0]LogInit: Transaction tracking system initialized
[2018.07.07-11.38.16:616][  0]BlueprintLog: New page: Editor Load
[2018.07.07-11.38.16:831][  0]LocalizationService: Localization service is disabled
[2018.07.07-11.38.17:052][  0]LogPackageName: Warning: String asset reference "StaticMesh'FX_Meshes_IB.SM_Debris_Box_RadialFull'" is in short form, which is unsupported and -- even if valid -- resolving it will be really slow.
[2018.07.07-11.38.17:052][  0]LogPackageName: Warning: Please consider resaving package in order to speed-up loading.
[2018.07.07-11.38.17:492][  0]LogConsoleResponse: Display: 
[2018.07.07-11.38.17:687][  0]LogPackageName: SearchForPackageOnDisk took   0.474s, but failed to resolve StaticMesh'FX_Meshes_IB.
[2018.07.07-11.38.17:687][  0]LogPackageName: Warning: String asset reference "StaticMesh'FX_Meshes_IB.SM_Debris_Box_RadialFull'" could not be resolved.
[2018.07.07-11.38.17:687][  0]LogCook: Display: Max memory allowance for cook 16384mb min free memory 0mb
[2018.07.07-11.38.17:687][  0]LogCook: Display: Mobile HDR setting 1
[2018.07.07-11.38.17:687][  0]LogGameplayTags: Display: UGameplayTagsManager::DoneAddingNativeTags. DelegateIsBound: 0
[2018.07.07-11.38.17:687][  0]LogStats: UGameplayTagsManager::ConstructGameplayTagTree: Construct from data asset -  0.000 s
[2018.07.07-11.38.17:687][  0]LogStats: UGameplayTagsManager::ConstructGameplayTagTree: GameplayTagTreeChangedEvent.Broadcast -  0.000 s
[2018.07.07-11.38.18:420][  0]LogPackageName: Warning: String asset reference "JW_Ice_Mountain.Mesh.SM_SnowBoulder" is in short form, which is unsupported and -- even if valid -- resolving it will be really slow.
[2018.07.07-11.38.18:420][  0]LogPackageName: Warning: Please consider resaving package in order to speed-up loading.
[2018.07.07-11.38.18:420][  0]LogFileCache: Scanning file cache for directory 'C:/UnrealProject/FightMadang/Content/' took 0.11s
[2018.07.07-11.38.18:420][  0]LogPackageName: SearchForPackageOnDisk took   0.370s, but failed to resolve JW_Ice_Mountain.
[2018.07.07-11.38.18:420][  0]LogPackageName: Warning: String asset reference "JW_Ice_Mountain.Mesh.SM_SnowBoulder" could not be resolved.
[2018.07.07-11.38.18:420][  0]LogPackageName: Warning: String asset reference "FX_Meshes.UI.SM_SelectionMesh_01" is in short form, which is unsupported and -- even if valid -- resolving it will be really slow.
[2018.07.07-11.38.18:420][  0]LogPackageName: Warning: Please consider resaving package in order to speed-up loading.
[2018.07.07-11.38.18:420][  0]SourceControl: Source control is disabled
[2018.07.07-11.38.18:421][  0]Cmd: MAP LOAD FILE="../../../../../../UnrealProject/FightMadang/Content/ThirdPersonCPP/Maps/ThirdPersonExampleMap.umap" TEMPLATE=0 SHOWPROGRESS=1 FEATURELEVEL=3
[2018.07.07-11.38.18:426][  0]LightingResults: New page: Lighting Build
[2018.07.07-11.38.18:430][  0]MapCheck: New page: Map Check
[2018.07.07-11.38.18:430][  0]LightingResults: New page: Lighting Build
[2018.07.07-11.38.18:441][  0]LogUObjectGlobals: Destroyed PersistentFrame Addr=0x000002cc68fd1bc0, Size=64
[2018.07.07-11.38.18:529][  0]LogUObjectGlobals: Created PersistentFrame Addr=0x000002cc79ccb240, Size=64, Default__ThirdPerson_AnimBP_C Function /Game/Mannequin/Animations/ThirdPerson_AnimBP.ThirdPerson_AnimBP_C:ExecuteUbergraph_ThirdPerson_AnimBP
[2018.07.07-11.38.18:540][  0]LogUObjectGlobals: Destroyed PersistentFrame Addr=0x000002cc79ccb240, Size=64
[2018.07.07-11.38.18:540][  0]LogUObjectGlobals: Created PersistentFrame Addr=0x000002cc79ccb2c0, Size=64, Default__ThirdPerson_AnimBP_C Function /Engine/Transient.REINST_ThirdPerson_AnimBP_C_1:ExecuteUbergraph_ThirdPerson_AnimBP
[2018.07.07-11.38.18:550][  0]LogUObjectGlobals: Created PersistentFrame Addr=0x000002cc79ab9fd0, Size=72, Default__ThirdPerson_AnimBP_C Function /Game/Mannequin/Animations/ThirdPerson_AnimBP.ThirdPerson_AnimBP_C:ExecuteUbergraph_ThirdPerson_AnimBP
[2018.07.07-11.38.18:849][  0]LogPackageName: SearchForPackageOnDisk took   0.352s, but failed to resolve FX_Meshes.
[2018.07.07-11.38.18:849][  0]LogPackageName: Warning: String asset reference "FX_Meshes.UI.SM_SelectionMesh_01" could not be resolved.
[2018.07.07-11.38.18:849][  0]LogPackageName: Warning: String asset reference "FX_Meshes.UI.SM_SelectionMesh_01" is in short form, which is unsupported and -- even if valid -- resolving it will be really slow.
[2018.07.07-11.38.18:849][  0]LogPackageName: Warning: Please consider resaving package in order to speed-up loading.
[2018.07.07-11.38.19:011][  0]LogPackageName: SearchForPackageOnDisk took   0.347s, but failed to resolve FX_Meshes.
[2018.07.07-11.38.19:011][  0]LogPackageName: Warning: String asset reference "FX_Meshes.UI.SM_SelectionMesh_01" could not be resolved.
[2018.07.07-11.38.19:011][  0]LogSkeletalMesh: Skeletal Mesh found in DDC [14.119115ms] /Game/Mannequin/Character/Mesh/SK_Mannequin.SK_Mannequin
[2018.07.07-11.38.19:066][  0]LogPackageName: Warning: String asset reference "'FX_Ambient.Meshes.SM_Bats'" is in short form, which is unsupported and -- even if valid -- resolving it will be really slow.
[2018.07.07-11.38.19:066][  0]LogPackageName: Warning: Please consider resaving package in order to speed-up loading.
[2018.07.07-11.38.19:068][  0]LogAIModule: Creating AISystem for world ThirdPersonExampleMap
[2018.07.07-11.38.19:085][  0]LogEditorServer: Finished looking for orphan Actors (0.000 secs)
[2018.07.07-11.38.19:103][  0]LogUObjectGlobals: Destroyed PersistentFrame Addr=0x000002cc79ccb2c0, Size=64
[2018.07.07-11.38.19:104][  0]Cmd: MAP CHECKDEP NOCLEARLOG
[2018.07.07-11.38.19:261][  0]MapCheck: Map check complete: 0 Error(s), 0 Warning(s), took 157.143ms to complete.
[2018.07.07-11.38.19:262][  0]LogFileHelpers: Loading map 'ThirdPersonExampleMap' took 0.841
[2018.07.07-11.38.19:575][  0]LogCollectionManager: Loaded 0 collections in 0.009054 seconds
[2018.07.07-11.38.19:633][  0]LogFileCache: Scanning file cache for directory 'C:/UnrealProject/FightMadang/Saved/Collections/' took 0.01s
[2018.07.07-11.38.19:633][  0]LogFileCache: Scanning file cache for directory 'C:/UnrealProject/FightMadang/Content/Developers/LeeOneHyo/Collections/' took 0.01s
[2018.07.07-11.38.19:633][  0]LogPackageName: SearchForPackageOnDisk took   0.583s, but failed to resolve 'FX_Ambient.
[2018.07.07-11.38.19:633][  0]LogPackageName: Warning: String asset reference "'FX_Ambient.Meshes.SM_Bats'" could not be resolved.
[2018.07.07-11.38.19:633][  0]LogFileCache: Scanning file cache for directory 'C:/UnrealProject/FightMadang/Content/Collections/' took 0.01s
[2018.07.07-11.38.19:633][  0]LogCollectionManager: Rebuilt the GUID cache for 0 collections in 0.000001 seconds
[2018.07.07-11.38.19:656][  0]LogContentBrowser: Native class hierarchy populated in 0.0222 seconds. Added 2457 classes and 560 folders.
[2018.07.07-11.38.19:681][  0]LogContentBrowser: Native class hierarchy updated for 'WidgetCarousel' in 0.0024 seconds. Added 0 classes and 0 folders.
[2018.07.07-11.38.20:507][  0]LogPackageName: Warning: String asset reference "CastleEffects.TouchToMoveArrow" is in short form, which is unsupported and -- even if valid -- resolving it will be really slow.
[2018.07.07-11.38.20:508][  0]LogPackageName: Warning: Please consider resaving package in order to speed-up loading.
[2018.07.07-11.38.20:508][  0]LogPackageName: SearchForPackageOnDisk took   0.722s, but failed to resolve CastleEffects.
[2018.07.07-11.38.20:508][  0]LogPackageName: Warning: String asset reference "CastleEffects.TouchToMoveArrow" could not be resolved.
[2018.07.07-11.38.20:508][  0]LogContentBrowser: Native class hierarchy updated for 'AddContentDialog' in 0.0019 seconds. Added 0 classes and 0 folders.
[2018.07.07-11.38.20:527][  0]LogContentBrowser: Native class hierarchy updated for 'SceneOutliner' in 0.0020 seconds. Added 1 classes and 2 folders.
[2018.07.07-11.38.20:593][  0]LogSlate: Took 0.006488 seconds to synchronously load lazily loaded font '../../../Engine/Content/Slate/Fonts/Roboto-Regular.ttf' (155K)
[2018.07.07-11.38.20:599][  0]LogSlate: Took 0.004344 seconds to synchronously load lazily loaded font '../../../Engine/Content/Slate/Fonts/Roboto-Bold.ttf' (160K)
[2018.07.07-11.38.20:610][  0]LogSlate: Took 0.005239 seconds to synchronously load lazily loaded font '../../../Engine/Content/Editor/Slate/Fonts/FontAwesome.ttf' (139K)
[2018.07.07-11.38.20:806][  0]LogRenderer: Reallocating scene render targets to support 1056x556 Format 9 NumSamples 1 (Frame:1).
[2018.07.07-11.38.20:981][  0]LogPackageName: Warning: String asset reference "StaticMesh'FX_Meshes.Fire.SM_Dungeon_Pipes_Lava01_Cool'" is in short form, which is unsupported and -- even if valid -- resolving it will be really slow.
[2018.07.07-11.38.20:981][  0]LogPackageName: Warning: Please consider resaving package in order to speed-up loading.
[2018.07.07-11.38.21:008][  0]LogContentBrowser: Native class hierarchy updated for 'HierarchicalLODOutliner' in 0.0020 seconds. Added 0 classes and 0 folders.
[2018.07.07-11.38.21:008][  0]LogLoad: (Engine Initialization) Total time: 40.42 seconds
[2018.07.07-11.38.21:008][  0]LogLoad: (Engine Initialization) Total Blueprint compile time: 0.00 seconds
[2018.07.07-11.38.21:387][  0]LogContentStreaming: Texture pool size now 600 MB
[2018.07.07-11.38.21:772][  1]LogSlate: Took 0.008075 seconds to synchronously load lazily loaded font '../../../Engine/Content/Slate/Fonts/Roboto-Light.ttf' (167K)
[2018.07.07-11.38.21:784][  2]LogPackageName: SearchForPackageOnDisk took   0.853s, but failed to resolve StaticMesh'FX_Meshes.
[2018.07.07-11.38.21:784][  2]LogPackageName: Warning: String asset reference "StaticMesh'FX_Meshes.Fire.SM_Dungeon_Pipes_Lava01_Cool'" could not be resolved.
[2018.07.07-11.38.22:080][  3]LogPackageName: Warning: String asset reference "m_FogSheet_02" is in short form, which is unsupported and -- even if valid -- resolving it will be really slow.
[2018.07.07-11.38.22:080][  3]LogPackageName: Warning: Please consider resaving package in order to speed-up loading.
[2018.07.07-11.38.23:044][  6]LogPackageName: SearchForPackageOnDisk took   0.960s to resolve m_FogSheet_02.
[2018.07.07-11.38.23:387][  7]LogPackageName: Warning: String asset reference "FX_Test_LAN.Meshes.SM_IceWall01" is in short form, which is unsupported and -- even if valid -- resolving it will be really slow.
[2018.07.07-11.38.23:387][  7]LogPackageName: Warning: Please consider resaving package in order to speed-up loading.
[2018.07.07-11.38.24:682][ 11]LogPackageName: SearchForPackageOnDisk took   1.199s, but failed to resolve FX_Test_LAN.
[2018.07.07-11.38.24:682][ 11]LogPackageName: Warning: String asset reference "FX_Test_LAN.Meshes.SM_IceWall01" could not be resolved.
[2018.07.07-11.38.26:017][ 14]LogSlate: FSceneViewport::OnFocusLost() reason 0
[2018.07.07-11.38.26:138][ 19]LogPackageName: Warning: String asset reference "m_FogSheet_02" is in short form, which is unsupported and -- even if valid -- resolving it will be really slow.
[2018.07.07-11.38.26:138][ 19]LogPackageName: Warning: Please consider resaving package in order to speed-up loading.
[2018.07.07-11.38.27:082][ 76]LogPackageName: SearchForPackageOnDisk took   0.931s to resolve m_FogSheet_02.
[2018.07.07-11.38.27:101][ 77]LogPackageName: Warning: String asset reference "m_FogSheet_02" is in short form, which is unsupported and -- even if valid -- resolving it will be really slow.
[2018.07.07-11.38.27:101][ 77]LogPackageName: Warning: Please consider resaving package in order to speed-up loading.
[2018.07.07-11.38.28:403][155]LogPackageName: SearchForPackageOnDisk took   1.317s to resolve m_FogSheet_02.
[2018.07.07-11.38.28:420][156]LogPackageName: Warning: String asset reference "m_FogSheet_02" is in short form, which is unsupported and -- even if valid -- resolving it will be really slow.
[2018.07.07-11.38.28:420][156]LogPackageName: Warning: Please consider resaving package in order to speed-up loading.
[2018.07.07-11.38.29:658][230]LogPackageName: SearchForPackageOnDisk took   1.233s to resolve m_FogSheet_02.
[2018.07.07-11.38.39:341][785]LogPackageName: Warning: String asset reference "JW_Ice_Mountain.Mesh.SM_SnowBoulder" is in short form, which is unsupported and -- even if valid -- resolving it will be really slow.
[2018.07.07-11.38.39:341][785]LogPackageName: Warning: Please consider resaving package in order to speed-up loading.
[2018.07.07-11.38.39:673][786]LogPackageName: SearchForPackageOnDisk took   0.378s, but failed to resolve JW_Ice_Mountain.
[2018.07.07-11.38.39:673][786]LogPackageName: Warning: String asset reference "JW_Ice_Mountain.Mesh.SM_SnowBoulder" could not be resolved.
[2018.07.07-11.38.39:673][786]LogPackageName: Warning: String asset reference "S_Survival_CA_Chicken_02.SM.S_Survival_CA_Chicken_02" is in short form, which is unsupported and -- even if valid -- resolving it will be really slow.
[2018.07.07-11.38.39:673][786]LogPackageName: Warning: Please consider resaving package in order to speed-up loading.
[2018.07.07-11.38.40:006][787]LogPackageName: SearchForPackageOnDisk took   0.317s to resolve S_Survival_CA_Chicken_02.
[2018.07.07-11.38.40:356][788]LogPackageName: Warning: String asset reference "JW_Ice_Mountain.Mesh.SM_SnowBoulder" is in short form, which is unsupported and -- even if valid -- resolving it will be really slow.
[2018.07.07-11.38.40:356][788]LogPackageName: Warning: Please consider resaving package in order to speed-up loading.
[2018.07.07-11.38.41:003][790]LogPackageName: SearchForPackageOnDisk took   0.627s, but failed to resolve JW_Ice_Mountain.
[2018.07.07-11.38.41:003][790]LogPackageName: Warning: String asset reference "JW_Ice_Mountain.Mesh.SM_SnowBoulder" could not be resolved.
[2018.07.07-11.38.41:003][790]LogPackageName: Warning: String asset reference "Env_ALL_Artifacts.Mesh.Env_ALL_Terminus001" is in short form, which is unsupported and -- even if valid -- resolving it will be really slow.
[2018.07.07-11.38.41:003][790]LogPackageName: Warning: Please consider resaving package in order to speed-up loading.
[2018.07.07-11.38.41:685][792]LogPackageName: SearchForPackageOnDisk took   0.845s, but failed to resolve Env_ALL_Artifacts.
[2018.07.07-11.38.41:686][792]LogPackageName: Warning: String asset reference "Env_ALL_Artifacts.Mesh.Env_ALL_Terminus001" could not be resolved.
[2018.07.07-11.38.49:014][813]LogAssetRegistry: Asset discovery search completed in 45.6922 seconds
[2018.07.07-11.38.49:037][813]LogCollectionManager: Rebuilt the object cache for 0 collections in 0.000000 seconds (found 0 objects)
[2018.07.07-11.38.49:038][813]LogCollectionManager: Fixed up redirectors for 0 collections in 0.000270 seconds (updated 0 objects)
[2018.07.07-11.39.27:238][245]LogSlate: Window 'Delete Assets' being destroyed
[2018.07.07-11.39.27:317][248]LogHttp: Warning: 000002CC79ACD180: request failed, libcurl error: 6 (Couldn't resolve host name)
[2018.07.07-11.39.27:317][248]LogHttp: Warning: 000002CC79ACD180: libcurl info message cache 0 (Could not resolve host: datarouter.ol.epicgames.com)
[2018.07.07-11.39.27:317][248]LogHttp: Warning: 000002CC79ACD180: libcurl info message cache 1 (Closing connection 0)
[2018.07.07-11.40.57:045][200]LogEditorViewport: Clicking on Actor (LMB): StaticMeshActor (Floor)
[2018.07.07-11.41.04:491][304]LogSlate: FSceneViewport::OnFocusLost() reason 2
[2018.07.07-11.41.11:019][683]LogSlate: Took 0.001127 seconds to synchronously load lazily loaded font '../../../Engine/Content/Slate/Fonts/Roboto-Light.ttf' (167K)
[2018.07.07-11.41.35:484][805]LogVSAccessor: Warning: Visual Studio is open but could not be queried - it may be blocked by a modal operation
[2018.07.07-11.41.36:671][807]LogHttp: Warning: 000002CC5F746380: request failed, libcurl error: 6 (Couldn't resolve host name)
[2018.07.07-11.41.36:671][807]LogHttp: Warning: 000002CC5F746380: libcurl info message cache 0 (Could not resolve host: datarouter.ol.epicgames.com)
[2018.07.07-11.41.36:671][807]LogHttp: Warning: 000002CC5F746380: libcurl info message cache 1 (Closing connection 1)
[2018.07.07-11.54.19:728][157]LogVSAccessor: Warning: Couldn't save all documents
[2018.07.07-11.54.19:736][157]Candidate modules for hot reload:
[2018.07.07-11.54.19:736][157]  FightMadang
[2018.07.07-11.54.19:737][157]Launching UnrealBuildTool... [C:/Program Files/Epic Games/UE_4.19/Engine/Binaries/DotNET/UnrealBuildTool.exe FightMadang -ModuleWithSuffix=FightMadang,5326 Win64 Development -editorrecompile -canskiplink "C:/UnrealProject/FightMadang/FightMadang.uproject" ]
[2018.07.07-11.54.20:010][157]Warning: Starting HotReload took  0.3s.
[2018.07.07-11.56.20:392][723]CompilerResultsLog: New page: Compilation - Jul 8, 2018, 5:56:20 AM
[2018.07.07-11.56.20:392][723]CompilerResultsLog: Using 'git status' to determine working set for adaptive non-unity build.
[2018.07.07-11.56.20:392][723]CompilerResultsLog: Creating makefile for hot reloading FightMadang (game project files are newer)
[2018.07.07-11.56.20:392][723]CompilerResultsLog: Compiling game modules for hot reload
[2018.07.07-11.56.20:392][723]CompilerResultsLog: Parsing headers for FightMadangEditor
[2018.07.07-11.56.20:392][723]CompilerResultsLog:   Running UnrealHeaderTool "C:\UnrealProject\FightMadang\FightMadang.uproject" "C:\UnrealProject\FightMadang\Intermediate\Build\Win64\FightMadangEditor\Development\FightMadangEditor.uhtmanifest" -LogCmds="loginit warning, logexit warning, logdatabase error" -Unattended -WarningsAsErrors -installed
[2018.07.07-11.56.20:392][723]CompilerResultsLog: Reflection code generated for FightMadangEditor in 26.1516017 seconds
[2018.07.07-11.56.20:392][723]CompilerResultsLog: Performing 14 actions (4 in parallel)
[2018.07.07-11.56.20:392][723]CompilerResultsLog: FightMadangGameMode.cpp
[2018.07.07-11.56.20:392][723]CompilerResultsLog: FightMadang.init.gen.cpp
[2018.07.07-11.56.20:392][723]CompilerResultsLog: FightMadangCharacter.cpp
[2018.07.07-11.56.20:392][723]CompilerResultsLog: FightMadang.cpp
[2018.07.07-11.56.20:392][723]CompilerResultsLog: Projectile.cpp
[2018.07.07-11.56.20:392][723]CompilerResultsLog: PublicCharacter.cpp
[2018.07.07-11.56.20:392][723]CompilerResultsLog: WeaponBase.cpp
[2018.07.07-11.56.20:392][723]CompilerResultsLog: Error: C:\UnrealProject\FightMadang\Source\FightMadang\Projectile.cpp(7) : fatal error C1083: ???? ?????? ?? ?? ?????ϴ?. 'GameFramework/Engine.h': No such file or directory
[2018.07.07-11.56.20:392][723]CompilerResultsLog: FightMadangGameMode.gen.cpp
[2018.07.07-11.56.20:392][723]CompilerResultsLog: FightMadangCharacter.gen.cpp
[2018.07.07-11.56.20:392][723]CompilerResultsLog: Projectile.gen.cpp
[2018.07.07-11.56.20:392][723]CompilerResultsLog: PublicCharacter.gen.cpp
[2018.07.07-11.56.20:392][723]CompilerResultsLog: WeaponBase.gen.cpp
[2018.07.07-11.56.20:392][723]CompilerResultsLog: Error: C:\UnrealProject\FightMadang\Source\FightMadang\WeaponBase.cpp(23) : warning C4996: 'USceneComponent::AttachTo': This function is deprecated, please use AttachToComponent instead. Please update your code to the new API before upgrading to the next release, otherwise your project will no longer compile.
[2018.07.07-11.56.20:392][723]CompilerResultsLog: Error: C:\Program Files\Epic Games\UE_4.19\Engine\Source\Runtime\Engine\Classes\Components/SceneComponent.h(641) : note: 'USceneComponent::AttachTo' ?????? ?????Ͻʽÿ?.
[2018.07.07-11.56.20:392][723]CompilerResultsLog: ERROR: UBT ERROR: Failed to produce item: C:\UnrealProject\FightMadang\Binaries\Win64\UE4Editor-FightMadang-5326.dll
[2018.07.07-11.56.20:392][723]CompilerResultsLog: Failed to write dependency cache: 'D:\Project\UnrealProject\FightMadang\Intermediate\Build\Win64\FightMadangEditor' ?????? ?Ϻθ? ã?? ?? ?????ϴ?.
[2018.07.07-11.56.20:392][723]CompilerResultsLog: Failed to write FlatCPPIncludeDependencyCache: 'D:\Project\UnrealProject\FightMadang\Intermediate\Build\Win64\FightMadangEditor' ?????? ?Ϻθ? ã?? ?? ?????ϴ?.
[2018.07.07-11.56.20:392][723]CompilerResultsLog: Total build time: 119.49 seconds (Local executor: 0.00 seconds)
[2018.07.07-11.56.20:392][723]LogMainFrame: MainFrame: Module compiling took 120.664 seconds
[2018.07.07-11.56.20:393][723]Warning: HotReload failed, recompile failed
[2018.07.07-11.59.21:797][566]LogSlate: Window 'FightMadang - Unreal Editor' being destroyed
[2018.07.07-11.59.21:985][567]Cmd: QUIT_EDITOR
[2018.07.07-11.59.22:012][567]LogWindowsTextInputMethodSystem: Display: IME system now activated using TSF (Microsoft 입력기).
[2018.07.07-11.59.22:034][567]LogSlate: Slate User Destroyed.  User Index 0, Is Virtual User: 0
[2018.07.07-11.59.22:034][567]LogExit: Preparing to exit.
[2018.07.07-11.59.22:236][567]LogDirectoryWatcher: A directory notification for 'C:/UnrealProject/FightMadang/Content/' was aborted.
[2018.07.07-11.59.22:254][567]LogUObjectGlobals: Destroyed PersistentFrame Addr=0x000002cc6913c240, Size=64
[2018.07.07-11.59.22:259][567]LogExit: Editor shut down
[2018.07.07-11.59.22:263][567]LogExit: Transaction tracking system shut down
[2018.07.07-11.59.22:263][567]LogUObjectGlobals: Destroyed PersistentFrame Addr=0x000002cc79ab9fd0, Size=72
[2018.07.07-11.59.22:477][567]LogDirectoryWatcher: A directory notification for '../../../Engine/Content/' was aborted.
[2018.07.07-11.59.22:477][567]LogDirectoryWatcher: A directory notification for '../../../../../../UnrealProject/FightMadang/Content/' was aborted.
[2018.07.07-11.59.22:477][567]LogDirectoryWatcher: A directory notification for '../../Plugins/2D/Paper2D/Content/' was aborted.
[2018.07.07-11.59.22:477][567]LogDirectoryWatcher: A directory notification for '../../Plugins/Enterprise/DatasmithContent/Content/' was aborted.
[2018.07.07-11.59.22:477][567]LogDirectoryWatcher: A directory notification for '../../Plugins/Media/MediaCompositing/Content/' was aborted.
[2018.07.07-11.59.22:477][567]LogDirectoryWatcher: A directory notification for '../../Plugins/Runtime/AppleARKit/Content/' was aborted.
[2018.07.07-11.59.22:477][567]LogDirectoryWatcher: A directory notification for '../../Plugins/Runtime/Oculus/OculusVR/Content/' was aborted.
[2018.07.07-11.59.22:477][567]LogDirectoryWatcher: A directory notification for '../../Plugins/Runtime/Steam/SteamVR/Content/' was aborted.
[2018.07.07-11.59.22:553][567]LogExit: Object subsystem successfully closed.
[2018.07.07-11.59.22:575][567]LogShaderCompilers: Display: Shaders left to compile 0
[2018.07.07-11.59.22:583][567]LogD3D11RHI: Shutdown
[2018.07.07-11.59.22:583][567]LogD3D11RHI: CleanupD3DDevice
[2018.07.07-11.59.22:593][567]LogD3D11RHI: ~FD3D11DynamicRHI
[2018.07.07-11.59.22:643][567]LogModuleManager: Shutting down and abandoning module HierarchicalLODOutliner (576)
[2018.07.07-11.59.22:643][567]LogModuleManager: Shutting down and abandoning module DesktopPlatform (574)
[2018.07.07-11.59.22:643][567]LogModuleManager: Shutting down and abandoning module SceneOutliner (572)
[2018.07.07-11.59.22:643][567]LogModuleManager: Shutting down and abandoning module AddContentDialog (570)
[2018.07.07-11.59.22:643][567]LogDirectoryWatcher: A directory notification for 'C:/Program Files/Epic Games/UE_4.19/FeaturePacks/' was aborted.
[2018.07.07-11.59.22:644][567]LogModuleManager: Shutting down and abandoning module WidgetCarousel (569)
[2018.07.07-11.59.22:644][567]LogModuleManager: Shutting down and abandoning module EditorWidgets (566)
[2018.07.07-11.59.22:644][567]LogModuleManager: Shutting down and abandoning module CollectionManager (564)
[2018.07.07-11.59.22:644][567]LogDirectoryWatcher: A directory notification for 'C:/UnrealProject/FightMadang/Content/Collections/' was aborted.
[2018.07.07-11.59.22:644][567]LogDirectoryWatcher: A directory notification for 'C:/UnrealProject/FightMadang/Content/Developers/LeeOneHyo/Collections/' was aborted.
[2018.07.07-11.59.22:645][567]LogDirectoryWatcher: A directory notification for 'C:/UnrealProject/FightMadang/Saved/Collections/' was aborted.
[2018.07.07-11.59.22:645][567]LogModuleManager: Shutting down and abandoning module StatsViewer (562)
[2018.07.07-11.59.22:645][567]LogModuleManager: Shutting down and abandoning module FoliageEdit (560)
[2018.07.07-11.59.22:645][567]LogModuleManager: Shutting down and abandoning module LandscapeEditor (558)
[2018.07.07-11.59.22:645][567]LogModuleManager: Shutting down and abandoning module MeshPaintMode (556)
[2018.07.07-11.59.22:645][567]LogModuleManager: Shutting down and abandoning module SceneDepthPickerMode (554)
[2018.07.07-11.59.22:645][567]LogModuleManager: Shutting down and abandoning module ActorPickerMode (552)
[2018.07.07-11.59.22:645][567]LogModuleManager: Shutting down and abandoning module GeometryMode (550)
[2018.07.07-11.59.22:645][567]LogModuleManager: Shutting down and abandoning module TextureAlignMode (548)
[2018.07.07-11.59.22:645][567]LogModuleManager: Shutting down and abandoning module BspMode (546)
[2018.07.07-11.59.22:645][567]LogModuleManager: Shutting down and abandoning module PIEPreviewDeviceProfileSelector (544)
[2018.07.07-11.59.22:645][567]LogModuleManager: Shutting down and abandoning module HardwareSurvey (542)
[2018.07.07-11.59.22:645][567]LogModuleManager: Shutting down and abandoning module SequenceRecorderSections (540)
[2018.07.07-11.59.22:645][567]LogModuleManager: Shutting down and abandoning module AutomationWorker (538)
[2018.07.07-11.59.22:645][567]LogModuleManager: Shutting down and abandoning module AudioCaptureEditor (536)
[2018.07.07-11.59.22:645][567]LogModuleManager: Shutting down and abandoning module SequenceRecorder (535)
[2018.07.07-11.59.22:645][567]LogModuleManager: Shutting down and abandoning module MatineeToLevelSequence (532)
[2018.07.07-11.59.22:645][567]LogModuleManager: Shutting down and abandoning module LevelSequenceEditor (530)
[2018.07.07-11.59.22:646][567]LogModuleManager: Shutting down and abandoning module PlacementMode (529)
[2018.07.07-11.59.22:646][567]LogModuleManager: Shutting down and abandoning module MaterialEditor (528)
[2018.07.07-11.59.22:646][567]LogModuleManager: Shutting down and abandoning module WmfMediaFactory (524)
[2018.07.07-11.59.22:646][567]LogModuleManager: Shutting down and abandoning module WmfMediaEditor (522)
[2018.07.07-11.59.22:646][567]LogModuleManager: Shutting down and abandoning module MediaPlayerEditor (520)
[2018.07.07-11.59.22:646][567]LogModuleManager: Shutting down and abandoning module OpenExrWrapper (518)
[2018.07.07-11.59.22:646][567]LogModuleManager: Shutting down and abandoning module ImgMediaFactory (516)
[2018.07.07-11.59.22:646][567]LogModuleManager: Shutting down and abandoning module ImgMediaEditor (514)
[2018.07.07-11.59.22:646][567]LogModuleManager: Shutting down and abandoning module AvfMediaFactory (512)
[2018.07.07-11.59.22:646][567]LogModuleManager: Shutting down and abandoning module AvfMediaEditor (510)
[2018.07.07-11.59.22:646][567]LogModuleManager: Shutting down and abandoning module AndroidMediaFactory (508)
[2018.07.07-11.59.22:646][567]LogModuleManager: Shutting down and abandoning module AndroidMediaEditor (506)
[2018.07.07-11.59.22:646][567]LogModuleManager: Shutting down and abandoning module CharacterAI (504)
[2018.07.07-11.59.22:646][567]LogModuleManager: Shutting down and abandoning module SmartSnapping (502)
[2018.07.07-11.59.22:646][567]LogModuleManager: Shutting down and abandoning module SessionServices (500)
[2018.07.07-11.59.22:646][567]LogModuleManager: Shutting down and abandoning module ViewportSnapping (498)
[2018.07.07-11.59.22:646][567]LogModuleManager: Shutting down and abandoning module ViewportInteraction (496)
[2018.07.07-11.59.22:646][567]LogModuleManager: Shutting down and abandoning module ClothPainter (494)
[2018.07.07-11.59.22:646][567]LogModuleManager: Shutting down and abandoning module SkeletalMeshEditor (493)
[2018.07.07-11.59.22:646][567]LogModuleManager: Shutting down and abandoning module LogVisualizer (490)
[2018.07.07-11.59.22:647][567]LogModuleManager: Shutting down and abandoning module IntroTutorials (488)
[2018.07.07-11.59.22:647][567]LogModuleManager: Shutting down and abandoning module GameProjectGeneration (487)
[2018.07.07-11.59.22:647][567]LogModuleManager: Shutting down and abandoning module IOSPlatformEditor (484)
[2018.07.07-11.59.22:647][567]LogModuleManager: Shutting down and abandoning module HTML5PlatformEditor (482)
[2018.07.07-11.59.22:647][567]LogModuleManager: Shutting down and abandoning module AndroidPlatformEditor (480)
[2018.07.07-11.59.22:647][567]LogModuleManager: Shutting down and abandoning module AndroidDeviceDetection (479)
[2018.07.07-11.59.23:615][567]LogModuleManager: Shutting down and abandoning module WindowsPlatformEditor (476)
[2018.07.07-11.59.23:615][567]LogModuleManager: Shutting down and abandoning module IOSRuntimeSettings (474)
[2018.07.07-11.59.23:615][567]LogModuleManager: Shutting down and abandoning module AndroidRuntimeSettings (472)
[2018.07.07-11.59.23:615][567]LogModuleManager: Shutting down and abandoning module InputBindingEditor (470)
[2018.07.07-11.59.23:615][567]LogModuleManager: Shutting down and abandoning module MergeActors (468)
[2018.07.07-11.59.23:615][567]LogModuleManager: Shutting down and abandoning module LocalizationDashboard (466)
[2018.07.07-11.59.23:615][567]LogModuleManager: Shutting down and abandoning module LocalizationService (465)
[2018.07.07-11.59.23:615][567]LogModuleManager: Shutting down and abandoning module HardwareTargeting (462)
[2018.07.07-11.59.23:616][567]LogModuleManager: Shutting down and abandoning module DeviceProfileEditor (460)
[2018.07.07-11.59.23:616][567]LogModuleManager: Shutting down and abandoning module UndoHistory (458)
[2018.07.07-11.59.23:616][567]LogModuleManager: Shutting down and abandoning module XmlParser (456)
[2018.07.07-11.59.23:616][567]LogModuleManager: Shutting down and abandoning module Blutility (454)
[2018.07.07-11.59.23:616][567]LogModuleManager: Shutting down and abandoning module ProjectSettingsViewer (452)
[2018.07.07-11.59.23:616][567]LogModuleManager: Shutting down and abandoning module ProjectTargetPlatformEditor (451)
[2018.07.07-11.59.23:616][567]LogModuleManager: Shutting down and abandoning module EditorSettingsViewer (448)
[2018.07.07-11.59.23:617][567]LogModuleManager: Shutting down and abandoning module SettingsEditor (446)
[2018.07.07-11.59.23:617][567]LogModuleManager: Shutting down and abandoning module ProjectLauncher (444)
[2018.07.07-11.59.23:617][567]LogModuleManager: Shutting down and abandoning module SessionFrontend (442)
[2018.07.07-11.59.23:617][567]LogModuleManager: Shutting down and abandoning module ProfilerClient (440)
[2018.07.07-11.59.23:617][567]LogModuleManager: Shutting down and abandoning module DeviceManager (438)
[2018.07.07-11.59.23:617][567]LogModuleManager: Shutting down and abandoning module TargetDeviceServices (437)
[2018.07.07-11.59.23:661][567]LogModuleManager: Shutting down and abandoning module AutomationController (434)
[2018.07.07-11.59.23:661][567]LogModuleManager: Shutting down and abandoning module AutomationWindow (432)
[2018.07.07-11.59.23:661][567]LogModuleManager: Shutting down and abandoning module Layers (430)
[2018.07.07-11.59.23:661][567]LogModuleManager: Shutting down and abandoning module ComponentVisualizers (428)
[2018.07.07-11.59.23:661][567]LogModuleManager: Shutting down and abandoning module DetailCustomizations (426)
[2018.07.07-11.59.23:661][567]LogModuleManager: Shutting down and abandoning module PackagesDialog (424)
[2018.07.07-11.59.23:661][567]LogModuleManager: Shutting down and abandoning module Persona (422)
[2018.07.07-11.59.23:661][567]LogModuleManager: Shutting down and abandoning module AdvancedPreviewScene (421)
[2018.07.07-11.59.23:661][567]LogModuleManager: Shutting down and abandoning module AnimGraph (419)
[2018.07.07-11.59.23:661][567]LogModuleManager: Shutting down and abandoning module Kismet (416)
[2018.07.07-11.59.23:662][567]LogModuleManager: Shutting down and abandoning module GraphEditor (414)
[2018.07.07-11.59.23:662][567]LogModuleManager: Shutting down and abandoning module ClassViewer (412)
[2018.07.07-11.59.23:662][567]LogModuleManager: Shutting down and abandoning module Toolbox (410)
[2018.07.07-11.59.23:662][567]LogModuleManager: Shutting down and abandoning module ModuleUI (408)
[2018.07.07-11.59.23:662][567]LogModuleManager: Shutting down and abandoning module MovieSceneTools (406)
[2018.07.07-11.59.23:662][567]LogModuleManager: Shutting down and abandoning module OutputLog (404)
[2018.07.07-11.59.23:662][567]LogModuleManager: Shutting down and abandoning module GammaUI (402)
[2018.07.07-11.59.23:662][567]LogModuleManager: Shutting down and abandoning module Documentation (400)
[2018.07.07-11.59.23:662][567]LogModuleManager: Shutting down and abandoning module MovieSceneTracks (398)
[2018.07.07-11.59.23:662][567]LogModuleManager: Shutting down and abandoning module MovieScene (396)
[2018.07.07-11.59.23:662][567]LogModuleManager: Shutting down and abandoning module StreamingPauseRendering (394)
[2018.07.07-11.59.23:662][567]LogModuleManager: Shutting down and abandoning module LauncherPlatform (392)
[2018.07.07-11.59.23:662][567]LogModuleManager: Shutting down and abandoning module AnalyticsET (390)
[2018.07.07-11.59.23:662][567]LogModuleManager: Shutting down and abandoning module PortalServices (388)
[2018.07.07-11.59.23:662][567]LogModuleManager: Shutting down and abandoning module PortalRpc (386)
[2018.07.07-11.59.23:662][567]LogModuleManager: Shutting down and abandoning module MessagingRpc (384)
[2018.07.07-11.59.23:662][567]LogModuleManager: Shutting down and abandoning module AIModule (382)
[2018.07.07-11.59.23:662][567]LogModuleManager: Shutting down and abandoning module GameplayDebugger (381)
[2018.07.07-11.59.23:663][567]LogModuleManager: Shutting down and abandoning module AITestSuite (379)
[2018.07.07-11.59.23:663][567]LogModuleManager: Shutting down and abandoning module ProfilerService (376)
[2018.07.07-11.59.23:695][567]LogModuleManager: Shutting down and abandoning module TaskGraph (374)
[2018.07.07-11.59.23:695][567]LogModuleManager: Shutting down and abandoning module SteamVRController (372)
[2018.07.07-11.59.23:695][567]LogModuleManager: Shutting down and abandoning module ProceduralMeshComponentEditor (370)
[2018.07.07-11.59.23:695][567]LogModuleManager: Shutting down and abandoning module ProceduralMeshComponent (368)
[2018.07.07-11.59.23:695][567]LogModuleManager: Shutting down and abandoning module OculusInput (366)
[2018.07.07-11.59.23:695][567]LogModuleManager: Shutting down and abandoning module MobilePatchingUtils (364)
[2018.07.07-11.59.23:696][567]LogModuleManager: Shutting down and abandoning module CustomMeshComponent (362)
[2018.07.07-11.59.23:696][567]LogModuleManager: Shutting down and abandoning module CableComponent (360)
[2018.07.07-11.59.23:696][567]LogModuleManager: Shutting down and abandoning module AudioCapture (358)
[2018.07.07-11.59.23:696][567]LogModuleManager: Shutting down and abandoning module ArchVisCharacter (356)
[2018.07.07-11.59.23:696][567]LogModuleManager: Shutting down and abandoning module AndroidPermission (354)
[2018.07.07-11.59.23:696][567]LogModuleManager: Shutting down and abandoning module NUTUnrealEngine4 (350)
[2018.07.07-11.59.23:696][567]LogModuleManager: Shutting down and abandoning module NetcodeUnitTest (348)
[2018.07.07-11.59.23:696][567]LogModuleManager: Shutting down and abandoning module MediaCompositingEditor (346)
[2018.07.07-11.59.23:696][567]LogModuleManager: Shutting down and abandoning module MediaCompositing (344)
[2018.07.07-11.59.23:696][567]LogModuleManager: Shutting down and abandoning module LinearTimecode (342)
[2018.07.07-11.59.23:696][567]LogModuleManager: Shutting down and abandoning module ImgMedia (340)
[2018.07.07-11.59.23:700][567]LogModuleManager: Shutting down and abandoning module HTML5Networking (338)
[2018.07.07-11.59.23:700][567]LogModuleManager: Shutting down and abandoning module AlembicImporter (336)
[2018.07.07-11.59.23:700][567]LogModuleManager: Shutting down and abandoning module AlembicLibrary (335)
[2018.07.07-11.59.23:700][567]LogModuleManager: Shutting down and abandoning module GeometryCache (334)
[2018.07.07-11.59.23:700][567]LogModuleManager: Shutting down and abandoning module GeometryCacheEd (333)
[2018.07.07-11.59.23:700][567]LogModuleManager: Shutting down and abandoning module DatasmithContent (328)
[2018.07.07-11.59.23:700][567]LogModuleManager: Shutting down and abandoning module SpeedTreeImporter (326)
[2018.07.07-11.59.23:700][567]LogModuleManager: Shutting down and abandoning module PluginBrowser (324)
[2018.07.07-11.59.23:700][567]LogModuleManager: Shutting down and abandoning module MobileLauncherProfileWizard (322)
[2018.07.07-11.59.23:700][567]LogModuleManager: Shutting down and abandoning module CryptoKeysOpenSSL (320)
[2018.07.07-11.59.23:700][567]LogModuleManager: Shutting down and abandoning module CryptoKeys (318)
[2018.07.07-11.59.23:700][567]LogModuleManager: Shutting down and abandoning module VisualStudioSourceCodeAccess (316)
[2018.07.07-11.59.23:700][567]LogModuleManager: Shutting down and abandoning module VisualStudioCodeSourceCodeAccess (314)
[2018.07.07-11.59.23:700][567]LogModuleManager: Shutting down and abandoning module UObjectPlugin (312)
[2018.07.07-11.59.23:700][567]LogModuleManager: Shutting down and abandoning module SubversionSourceControl (310)
[2018.07.07-11.59.23:701][567]LogModuleManager: Shutting down and abandoning module PerforceSourceControl (308)
[2018.07.07-11.59.23:701][567]LogModuleManager: Shutting down and abandoning module GitSourceControl (306)
[2018.07.07-11.59.23:701][567]LogModuleManager: Shutting down and abandoning module SourceControl (305)
[2018.07.07-11.59.23:701][567]LogModuleManager: Shutting down and abandoning module CLionSourceCodeAccess (302)
[2018.07.07-11.59.23:701][567]LogModuleManager: Shutting down and abandoning module LightPropagationVolumeEditor (300)
[2018.07.07-11.59.23:701][567]LogModuleManager: Shutting down and abandoning module PaperTiledImporter (298)
[2018.07.07-11.59.23:701][567]LogModuleManager: Shutting down and abandoning module PaperSpriteSheetImporter (296)
[2018.07.07-11.59.23:701][567]LogModuleManager: Shutting down and abandoning module Paper2DEditor (294)
[2018.07.07-11.59.23:701][567]LogModuleManager: Shutting down and abandoning module MeshPaint (293)
[2018.07.07-11.59.23:701][567]LogModuleManager: Shutting down and abandoning module FightMadang (290)
[2018.07.07-11.59.23:701][567]LogModuleManager: Shutting down and abandoning module RuntimePhysXCooking (288)
[2018.07.07-11.59.23:701][567]LogModuleManager: Shutting down and abandoning module PhysXVehiclesEditor (286)
[2018.07.07-11.59.23:701][567]LogModuleManager: Shutting down and abandoning module PhysXVehicles (284)
[2018.07.07-11.59.23:701][567]LogModuleManager: Shutting down and abandoning module OculusEditor (282)
[2018.07.07-11.59.23:701][567]LogModuleManager: Shutting down and abandoning module LocationServicesBPLibrary (280)
[2018.07.07-11.59.23:701][567]LogModuleManager: Shutting down and abandoning module ImmediatePhysicsEditor (278)
[2018.07.07-11.59.23:701][567]LogModuleManager: Shutting down and abandoning module ImmediatePhysics (276)
[2018.07.07-11.59.23:701][567]LogModuleManager: Shutting down and abandoning module ActorSequence (274)
[2018.07.07-11.59.23:701][567]LogModuleManager: Shutting down and abandoning module UdpMessaging (272)
[2018.07.07-11.59.23:802][567]LogModuleManager: Shutting down and abandoning module TcpMessaging (270)
[2018.07.07-11.59.23:903][567]LogModuleManager: Shutting down and abandoning module GameplayTagsEditor (268)
[2018.07.07-11.59.23:903][567]LogModuleManager: Shutting down and abandoning module FacialAnimationEditor (266)
[2018.07.07-11.59.23:903][567]LogModuleManager: Shutting down and abandoning module FacialAnimation (264)
[2018.07.07-11.59.23:903][567]LogModuleManager: Shutting down and abandoning module DataValidation (262)
[2018.07.07-11.59.23:903][567]LogModuleManager: Shutting down and abandoning module AssetManagerEditor (260)
[2018.07.07-11.59.23:903][567]LogModuleManager: Shutting down and abandoning module LevelEditor (259)
[2018.07.07-11.59.23:904][567]LogModuleManager: Shutting down and abandoning module PixelInspectorModule (258)
[2018.07.07-11.59.23:904][567]LogModuleManager: Shutting down and abandoning module CommonMenuExtensions (256)
[2018.07.07-11.59.23:904][567]LogModuleManager: Shutting down and abandoning module MainFrame (254)
[2018.07.07-11.59.23:904][567]LogModuleManager: Shutting down and abandoning module HotReload (253)
[2018.07.07-11.59.23:904][567]LogDirectoryWatcher: A directory notification for 'C:/UnrealProject/FightMadang/Binaries/Win64' was aborted.
[2018.07.07-11.59.23:905][567]LogModuleManager: Shutting down and abandoning module ContentBrowser (249)
[2018.07.07-11.59.23:907][567]LogModuleManager: Shutting down and abandoning module TreeMap (247)
[2018.07.07-11.59.23:907][567]LogModuleManager: Shutting down and abandoning module LightPropagationVolumeRuntime (244)
[2018.07.07-11.59.23:907][567]LogModuleManager: Shutting down and abandoning module LiveLinkEditor (242)
[2018.07.07-11.59.23:908][567]LogModuleManager: Shutting down and abandoning module LiveLink (240)
[2018.07.07-11.59.24:853][567]LogModuleManager: Shutting down and abandoning module Paper2D (238)
[2018.07.07-11.59.24:853][567]LogModuleManager: Shutting down and abandoning module WindowsMoviePlayer (236)
[2018.07.07-11.59.24:853][567]LogModuleManager: Shutting down and abandoning module WmfMedia (234)
[2018.07.07-11.59.24:854][567]LogModuleManager: Shutting down and abandoning module Media (233)
[2018.07.07-11.59.24:860][567]LogModuleManager: Shutting down and abandoning module PacketHandler (230)
[2018.07.07-11.59.24:860][567]LogModuleManager: Shutting down and abandoning module ClothingSystemEditor (228)
[2018.07.07-11.59.24:860][567]LogModuleManager: Shutting down and abandoning module ClothingSystemRuntime (226)
[2018.07.07-11.59.24:860][567]LogModuleManager: Shutting down and abandoning module MediaAssets (224)
[2018.07.07-11.59.24:860][567]LogModuleManager: Shutting down and abandoning module Overlay (222)
[2018.07.07-11.59.24:860][567]LogModuleManager: Shutting down and abandoning module OverlayEditor (221)
[2018.07.07-11.59.24:860][567]LogModuleManager: Shutting down and abandoning module VREditor (218)
[2018.07.07-11.59.24:860][567]LogModuleManager: Shutting down and abandoning module StringTableEditor (216)
[2018.07.07-11.59.24:860][567]LogModuleManager: Shutting down and abandoning module GameplayTasksEditor (214)
[2018.07.07-11.59.24:860][567]LogModuleManager: Shutting down and abandoning module BehaviorTreeEditor (212)
[2018.07.07-11.59.24:861][567]LogModuleManager: Shutting down and abandoning module FunctionalTesting (210)
[2018.07.07-11.59.24:861][567]LogModuleManager: Shutting down and abandoning module CollisionAnalyzer (208)
[2018.07.07-11.59.24:861][567]LogModuleManager: Shutting down and abandoning module WorkspaceMenuStructure (207)
[2018.07.07-11.59.24:861][567]LogModuleManager: Shutting down and abandoning module UMG (204)
[2018.07.07-11.59.24:861][567]LogModuleManager: Shutting down and abandoning module UMGEditor (203)
[2018.07.07-11.59.24:861][567]LogModuleManager: Shutting down and abandoning module Sequencer (202)
[2018.07.07-11.59.24:861][567]LogModuleManager: Shutting down and abandoning module MessageLog (199)
[2018.07.07-11.59.24:861][567]LogModuleManager: Shutting down and abandoning module SlateReflector (194)
[2018.07.07-11.59.24:861][567]LogModuleManager: Shutting down and abandoning module Slate (192)
[2018.07.07-11.59.24:861][567]LogModuleManager: Shutting down and abandoning module EditorStyle (190)
[2018.07.07-11.59.24:863][567]LogModuleManager: Shutting down and abandoning module MRMesh (188)
[2018.07.07-11.59.24:863][567]LogModuleManager: Shutting down and abandoning module SourceCodeAccess (186)
[2018.07.07-11.59.24:863][567]LogModuleManager: Shutting down and abandoning module HeadMountedDisplay (184)
[2018.07.07-11.59.24:863][567]LogModuleManager: Shutting down and abandoning module XAudio2 (182)
[2018.07.07-11.59.24:863][567]LogModuleManager: Shutting down and abandoning module Networking (180)
[2018.07.07-11.59.24:863][567]LogModuleManager: Shutting down and abandoning module Core (178)
[2018.07.07-11.59.24:863][567]LogModuleManager: Shutting down and abandoning module LevelSequence (176)
[2018.07.07-11.59.24:863][567]LogModuleManager: Shutting down and abandoning module KismetCompiler (174)
[2018.07.07-11.59.24:863][567]LogModuleManager: Shutting down and abandoning module MeshUtilities (172)
[2018.07.07-11.59.24:863][567]LogModuleManager: Shutting down and abandoning module MeshMergeUtilities (171)
[2018.07.07-11.59.24:863][567]LogModuleManager: Shutting down and abandoning module MeshReductionInterface (170)
[2018.07.07-11.59.24:863][567]LogModuleManager: Shutting down and abandoning module SimplygonSwarm (169)
[2018.07.07-11.59.24:863][567]LogModuleManager: Shutting down and abandoning module SimplygonMeshReduction (167)
[2018.07.07-11.59.24:863][567]LogModuleManager: Shutting down and abandoning module QuadricMeshReduction (165)
[2018.07.07-11.59.24:863][567]LogModuleManager: Shutting down and abandoning module MaterialBaking (161)
[2018.07.07-11.59.24:863][567]LogModuleManager: Shutting down and abandoning module DirectoryWatcher (157)
[2018.07.07-11.59.24:864][567]LogModuleManager: Shutting down and abandoning module DerivedDataCache (154)
[2018.07.07-11.59.24:914][567]LogDerivedDataCache: Shutdown
[2018.07.07-11.59.24:914][567]LogModuleManager: Shutting down and abandoning module XGEController (152)
[2018.07.07-11.59.24:914][567]LogXGEController: Cleaning working directory: C:/Users/LeeOneHyo/AppData/Local/Temp/UnrealXGEWorkingDir/
[2018.07.07-11.59.24:914][567]LogModuleManager: Shutting down and abandoning module TargetPlatform (150)
[2018.07.07-11.59.24:914][567]LogModuleManager: Shutting down and abandoning module VulkanShaderFormat (149)
[2018.07.07-11.59.24:915][567]LogModuleManager: Shutting down and abandoning module ShaderFormatVectorVM (147)
[2018.07.07-11.59.24:915][567]LogModuleManager: Shutting down and abandoning module ShaderFormatOpenGL (145)
[2018.07.07-11.59.24:915][567]LogModuleManager: Shutting down and abandoning module ShaderFormatD3D (143)
[2018.07.07-11.59.24:915][567]LogModuleManager: Shutting down and abandoning module MetalShaderFormat (141)
[2018.07.07-11.59.24:915][567]LogModuleManager: Shutting down and abandoning module TextureFormatUncompressed (139)
[2018.07.07-11.59.24:915][567]LogModuleManager: Shutting down and abandoning module TextureFormatPVR (137)
[2018.07.07-11.59.24:915][567]LogModuleManager: Shutting down and abandoning module TextureFormatDXT (135)
[2018.07.07-11.59.24:915][567]LogModuleManager: Shutting down and abandoning module TextureFormatIntelISPCTexComp (133)
[2018.07.07-11.59.24:915][567]LogModuleManager: Shutting down and abandoning module TextureFormatASTC (131)
[2018.07.07-11.59.24:915][567]LogModuleManager: Shutting down and abandoning module ImageWrapper (130)
[2018.07.07-11.59.24:915][567]LogModuleManager: Shutting down and abandoning module TextureFormatAndroid (127)
[2018.07.07-11.59.24:915][567]LogModuleManager: Shutting down and abandoning module AudioFormatOpus (125)
[2018.07.07-11.59.24:915][567]LogModuleManager: Shutting down and abandoning module AudioFormatOgg (123)
[2018.07.07-11.59.24:915][567]LogModuleManager: Shutting down and abandoning module AudioFormatADPCM (121)
[2018.07.07-11.59.24:915][567]LogModuleManager: Shutting down and abandoning module LinuxTargetPlatform (119)
[2018.07.07-11.59.24:915][567]LogModuleManager: Shutting down and abandoning module LinuxServerTargetPlatform (117)
[2018.07.07-11.59.24:915][567]LogModuleManager: Shutting down and abandoning module LinuxNoEditorTargetPlatform (115)
[2018.07.07-11.59.24:915][567]LogModuleManager: Shutting down and abandoning module LinuxClientTargetPlatform (113)
[2018.07.07-11.59.24:915][567]LogModuleManager: Shutting down and abandoning module TVOSTargetPlatform (111)
[2018.07.07-11.59.24:915][567]LogModuleManager: Shutting down and abandoning module Messaging (109)
[2018.07.07-11.59.24:915][567]LogModuleManager: Shutting down and abandoning module IOSTargetPlatform (107)
[2018.07.07-11.59.24:915][567]LogModuleManager: Shutting down and abandoning module HTML5TargetPlatform (105)
[2018.07.07-11.59.24:915][567]LogModuleManager: Shutting down and abandoning module AndroidTargetPlatform (103)
[2018.07.07-11.59.24:915][567]LogModuleManager: Shutting down and abandoning module Android_PVRTCTargetPlatform (101)
[2018.07.07-11.59.24:915][567]LogModuleManager: Shutting down and abandoning module Android_MultiTargetPlatform (99)
[2018.07.07-11.59.24:915][567]LogModuleManager: Shutting down and abandoning module Android_ETC2TargetPlatform (97)
[2018.07.07-11.59.24:915][567]LogModuleManager: Shutting down and abandoning module Android_ETC1TargetPlatform (95)
[2018.07.07-11.59.24:915][567]LogModuleManager: Shutting down and abandoning module Android_ETC1aTargetPlatform (93)
[2018.07.07-11.59.24:915][567]LogModuleManager: Shutting down and abandoning module Android_DXTTargetPlatform (91)
[2018.07.07-11.59.24:915][567]LogModuleManager: Shutting down and abandoning module Android_ATCTargetPlatform (89)
[2018.07.07-11.59.24:915][567]LogModuleManager: Shutting down and abandoning module Android_ASTCTargetPlatform (87)
[2018.07.07-11.59.24:915][567]LogModuleManager: Shutting down and abandoning module WindowsTargetPlatform (85)
[2018.07.07-11.59.24:915][567]LogModuleManager: Shutting down and abandoning module WindowsServerTargetPlatform (83)
[2018.07.07-11.59.24:915][567]LogModuleManager: Shutting down and abandoning module WindowsNoEditorTargetPlatform (81)
[2018.07.07-11.59.24:915][567]LogModuleManager: Shutting down and abandoning module WindowsClientTargetPlatform (79)
[2018.07.07-11.59.24:915][567]LogModuleManager: Shutting down and abandoning module MacTargetPlatform (77)
[2018.07.07-11.59.24:915][567]LogModuleManager: Shutting down and abandoning module MacServerTargetPlatform (75)
[2018.07.07-11.59.24:915][567]LogModuleManager: Shutting down and abandoning module MacNoEditorTargetPlatform (73)
[2018.07.07-11.59.24:915][567]LogModuleManager: Shutting down and abandoning module MacClientTargetPlatform (71)
[2018.07.07-11.59.24:915][567]LogModuleManager: Shutting down and abandoning module AllDesktopTargetPlatform (69)
[2018.07.07-11.59.24:915][567]LogModuleManager: Shutting down and abandoning module InputCore (66)
[2018.07.07-11.59.24:915][567]LogModuleManager: Shutting down and abandoning module Settings (64)
[2018.07.07-11.59.24:915][567]LogModuleManager: Shutting down and abandoning module PhysXCooking (62)
[2018.07.07-11.59.24:915][567]LogModuleManager: Shutting down and abandoning module SteamVR (60)
[2018.07.07-11.59.24:915][567]LogModuleManager: Shutting down and abandoning module OculusHMD (58)
[2018.07.07-11.59.24:915][567]LogModuleManager: Shutting down and abandoning module ExampleDeviceProfileSelector (56)
[2018.07.07-11.59.24:915][567]LogModuleManager: Shutting down and abandoning module AppleARKit (54)
[2018.07.07-11.59.24:915][567]LogModuleManager: Shutting down and abandoning module AugmentedReality (51)
[2018.07.07-11.59.24:916][567]LogModuleManager: Shutting down and abandoning module OnlineBlueprintSupport (48)
[2018.07.07-11.59.24:916][567]LogModuleManager: Shutting down and abandoning module OnlineSubsystem (44)
[2018.07.07-11.59.24:916][567]LogModuleManager: Shutting down and abandoning module XMPP (43)
[2018.07.07-11.59.24:916][567]LogModuleManager: Shutting down and abandoning module HTTP (41)
[2018.07.07-11.59.24:916][567]LogHttp: Display: Http module shutting down, but needs to wait on 1 outstanding Http requests:
[2018.07.07-11.59.24:916][567]LogHttp: Display: 	verb=[POST] url=[https://datarouter.ol.epicgames.com/datarouter/api/v1/public/data?SessionID=%7BFD4F3DC2-4B1E-FB8E-6872-8B951F6C50FB%7D&AppID=UEEditor.Rocket.Release&AppVersion=4.19.2-4033788%2B%2B%2BUE4%2BRelease-4.19&UserID=acd9169a466f96a2e8642ab1d44f33c4%7C1bff99bb91874efbbd33ff55a4ebc08a%7Ca4226710-ab76-4c5c-9d4e-3fb7c1422e44&AppEnvironment=datacollector-binary&UploadType=eteventstream] status=Processing
[2018.07.07-11.59.24:918][567]LogModuleManager: Shutting down and abandoning module SSL (40)
[2018.07.07-11.59.24:919][567]LogModuleManager: Shutting down and abandoning module AnimationModifiers (36)
[2018.07.07-11.59.24:919][567]LogModuleManager: Shutting down and abandoning module PropertyEditor (35)
[2018.07.07-11.59.24:919][567]LogModuleManager: Shutting down and abandoning module AudioEditor (32)
[2018.07.07-11.59.24:919][567]LogModuleManager: Shutting down and abandoning module TextureCompressor (30)
[2018.07.07-11.59.24:921][567]LogModuleManager: Shutting down and abandoning module ShaderCore (28)
[2018.07.07-11.59.24:921][567]LogModuleManager: Shutting down and abandoning module Landscape (26)
[2018.07.07-11.59.24:921][567]LogModuleManager: Shutting down and abandoning module SlateRHIRenderer (24)
[2018.07.07-11.59.24:922][567]LogModuleManager: Shutting down and abandoning module OpenGLDrv (22)
[2018.07.07-11.59.24:922][567]LogModuleManager: Shutting down and abandoning module D3D11RHI (20)
[2018.07.07-11.59.24:922][567]LogModuleManager: Shutting down and abandoning module AnimGraphRuntime (18)
[2018.07.07-11.59.24:922][567]LogModuleManager: Shutting down and abandoning module Renderer (16)
[2018.07.07-11.59.24:922][567]LogModuleManager: Shutting down and abandoning module Engine (14)
[2018.07.07-11.59.24:922][567]LogModuleManager: Shutting down and abandoning module CoreUObject (12)
[2018.07.07-11.59.24:922][567]LogModuleManager: Shutting down and abandoning module NetworkFile (10)
[2018.07.07-11.59.24:922][567]LogModuleManager: Shutting down and abandoning module CookedIterativeFile (8)
[2018.07.07-11.59.24:922][567]LogModuleManager: Shutting down and abandoning module StreamingFile (6)
[2018.07.07-11.59.24:922][567]LogModuleManager: Shutting down and abandoning module SandboxFile (4)
[2018.07.07-11.59.24:922][567]LogModuleManager: Shutting down and abandoning module PakFile (2)
[2018.07.07-11.59.24:928][567]LogExit: Exiting.
[2018.07.07-11.59.24:944][567]Log file closed, 07/07/18 20:59:24
