Log file open, 07/06/18 21:12:27
LogWindows: Failed to load 'aqProf.dll' (GetLastError=126)
LogWindows: File 'aqProf.dll' does not exist
LogWindows: Failed to load 'VtuneApi.dll' (GetLastError=126)
LogWindows: File 'VtuneApi.dll' does not exist
LogWindows: Failed to load 'VtuneApi32e.dll' (GetLastError=126)
LogWindows: File 'VtuneApi32e.dll' does not exist
LogInit: Display: Running engine for game: FightMadang
LogPlatformFile: Not using cached read wrapper
LogInit: Display: RandInit(1147428442) SRandInit(1147428442).
LogInit: Read version file with build ID '3944462'
LogInit: Overriding engine version to CL 4033788, compatible CL 3944462
LogInit: Registered custom module enumerator with build ID '3944462'
LogTaskGraph: Started task graph with 5 named threads and 14 total threads with 3 sets of task threads.
LogStats: Stats thread started at 0.224160
LogD3D11RHI: Aftermath initialized
LogICUInternationalization: Display: ICU TimeZone Detection - Raw Offset: +9:00, Platform Override: ''
LogPluginManager: Mounting plugin Paper2D
LogPluginManager: Mounting plugin LiveLink
LogPluginManager: Mounting plugin LightPropagationVolume
LogPluginManager: Mounting plugin CLionSourceCodeAccess
LogPluginManager: Mounting plugin CodeLiteSourceCodeAccess
LogPluginManager: Mounting plugin GitSourceControl
LogPluginManager: Mounting plugin KDevelopSourceCodeAccess
LogPluginManager: Mounting plugin NullSourceCodeAccess
LogPluginManager: Mounting plugin PerforceSourceControl
LogPluginManager: Mounting plugin SubversionSourceControl
LogPluginManager: Mounting plugin UObjectPlugin
LogPluginManager: Mounting plugin VisualStudioCodeSourceCodeAccess
LogPluginManager: Mounting plugin VisualStudioSourceCodeAccess
LogPluginManager: Mounting plugin XCodeSourceCodeAccess
LogPluginManager: Mounting plugin AssetManagerEditor
LogPluginManager: Mounting plugin CryptoKeys
LogPluginManager: Mounting plugin DataValidation
LogPluginManager: Mounting plugin FacialAnimation
LogPluginManager: Mounting plugin GameplayTagsEditor
LogPluginManager: Mounting plugin MobileLauncherProfileWizard
LogPluginManager: Mounting plugin PluginBrowser
LogPluginManager: Mounting plugin SpeedTreeImporter
LogPluginManager: Mounting plugin DatasmithContent
LogPluginManager: Mounting plugin AlembicImporter
LogPluginManager: Mounting plugin CharacterAI
LogPluginManager: Mounting plugin HTML5Networking
LogPluginManager: Mounting plugin AndroidMedia
LogPluginManager: Mounting plugin AvfMedia
LogPluginManager: Mounting plugin ImgMedia
LogPluginManager: Mounting plugin LinearTimecode
LogPluginManager: Mounting plugin MediaCompositing
LogPluginManager: Mounting plugin MediaPlayerEditor
LogPluginManager: Mounting plugin WmfMedia
LogPluginManager: Mounting plugin TcpMessaging
LogPluginManager: Mounting plugin UdpMessaging
LogPluginManager: Mounting plugin ActorSequence
LogPluginManager: Mounting plugin LevelSequenceEditor
LogPluginManager: Mounting plugin MatineeToLevelSequence
LogPluginManager: Mounting plugin NetcodeUnitTest
LogPluginManager: Mounting plugin NUTUnrealEngine4
LogPluginManager: Mounting plugin OnlineSubsystemGooglePlay
LogPluginManager: Mounting plugin OnlineSubsystemIOS
LogPluginManager: Mounting plugin OnlineSubsystem
LogPluginManager: Mounting plugin OnlineSubsystemNull
LogPluginManager: Mounting plugin OnlineSubsystemUtils
LogPluginManager: Mounting plugin AndroidDeviceProfileSelector
LogPluginManager: Mounting plugin AndroidMoviePlayer
LogPluginManager: Mounting plugin AndroidPermission
LogPluginManager: Mounting plugin AppleARKit
LogPluginManager: Mounting plugin AppleMoviePlayer
LogPluginManager: Mounting plugin ArchVisCharacter
LogPluginManager: Mounting plugin AudioCapture
LogPluginManager: Mounting plugin CableComponent
LogPluginManager: Mounting plugin CustomMeshComponent
LogPluginManager: Mounting plugin ExampleDeviceProfileSelector
LogPluginManager: Mounting plugin GoogleCloudMessaging
LogPluginManager: Mounting plugin ImmediatePhysics
LogPluginManager: Mounting plugin IOSDeviceProfileSelector
LogPluginManager: Mounting plugin LinuxDeviceProfileSelector
LogPluginManager: Mounting plugin LocationServicesBPLibrary
LogPluginManager: Mounting plugin MobilePatchingUtils
LogPluginManager: Mounting plugin OculusVR
LogPluginManager: Plugin shader directory ../../../Engine/Plugins/Runtime/Oculus/OculusVR/Shaders found
LogPluginManager: Mapping shader source directory ../../../Engine/Plugins/Runtime/Oculus/OculusVR/Shaders to virtual directory /Plugin/OculusVR
LogPluginManager: Mounting plugin PhysXVehicles
LogPluginManager: Mounting plugin ProceduralMeshComponent
LogPluginManager: Mounting plugin RuntimePhysXCooking
LogPluginManager: Mounting plugin SteamVR
LogPluginManager: Mounting plugin WindowsMoviePlayer
LogStreaming: Display: Took  0.133s to configure plugins.
LogModuleManager: Display: Found up-to-date module file ../../../../Project/UnrealProject/FightMadang/Binaries/Win64/UE4Editor-FightMadang.dll (API version 3944462).
LogModuleManager: Display: Found up-to-date module file ../../../Engine/Plugins/2D/Paper2D/Binaries/Win64/UE4Editor-Paper2D.dll (API version 3944462).
LogModuleManager: Display: Found up-to-date module file ../../../Engine/Plugins/2D/Paper2D/Binaries/Win64/UE4Editor-Paper2DEditor.dll (API version 3944462).
LogModuleManager: Display: Found up-to-date module file ../../../Engine/Plugins/2D/Paper2D/Binaries/Win64/UE4Editor-PaperSpriteSheetImporter.dll (API version 3944462).
LogModuleManager: Display: Found up-to-date module file ../../../Engine/Plugins/2D/Paper2D/Binaries/Win64/UE4Editor-PaperTiledImporter.dll (API version 3944462).
LogModuleManager: Display: Found up-to-date module file ../../../Engine/Plugins/2D/Paper2D/Binaries/Win64/UE4Editor-SmartSnapping.dll (API version 3944462).
LogModuleManager: Display: Found up-to-date module file ../../../Engine/Plugins/Animation/LiveLink/Binaries/Win64/UE4Editor-LiveLink.dll (API version 3944462).
LogModuleManager: Display: Found up-to-date module file ../../../Engine/Plugins/Animation/LiveLink/Binaries/Win64/UE4Editor-LiveLinkEditor.dll (API version 3944462).
LogModuleManager: Display: Found up-to-date module file ../../../Engine/Plugins/Blendables/LightPropagationVolume/Binaries/Win64/UE4Editor-LightPropagationVolumeRuntime.dll (API version 3944462).
LogModuleManager: Display: Found up-to-date module file ../../../Engine/Plugins/Blendables/LightPropagationVolume/Binaries/Win64/UE4Editor-LightPropagationVolumeEditor.dll (API version 3944462).
LogModuleManager: Display: Found up-to-date module file ../../../Engine/Plugins/Developer/CLionSourceCodeAccess/Binaries/Win64/UE4Editor-CLionSourceCodeAccess.dll (API version 3944462).
LogModuleManager: Display: Found up-to-date module file ../../../Engine/Plugins/Developer/GitSourceControl/Binaries/Win64/UE4Editor-GitSourceControl.dll (API version 3944462).
LogModuleManager: Display: Found up-to-date module file ../../../Engine/Plugins/Developer/PerforceSourceControl/Binaries/Win64/UE4Editor-PerforceSourceControl.dll (API version 3944462).
LogModuleManager: Display: Found up-to-date module file ../../../Engine/Plugins/Developer/SubversionSourceControl/Binaries/Win64/UE4Editor-SubversionSourceControl.dll (API version 3944462).
LogModuleManager: Display: Found up-to-date module file ../../../Engine/Plugins/Developer/UObjectPlugin/Binaries/Win64/UE4Editor-UObjectPlugin.dll (API version 3944462).
LogModuleManager: Display: Found up-to-date module file ../../../Engine/Plugins/Developer/VisualStudioCodeSourceCodeAccess/Binaries/Win64/UE4Editor-VisualStudioCodeSourceCodeAccess.dll (API version 3944462).
LogModuleManager: Display: Found up-to-date module file ../../../Engine/Plugins/Developer/VisualStudioSourceCodeAccess/Binaries/Win64/UE4Editor-VisualStudioSourceCodeAccess.dll (API version 3944462).
LogModuleManager: Display: Found up-to-date module file ../../../Engine/Plugins/Editor/AssetManagerEditor/Binaries/Win64/UE4Editor-AssetManagerEditor.dll (API version 3944462).
LogModuleManager: Display: Found up-to-date module file ../../../Engine/Plugins/Editor/CryptoKeys/Binaries/Win64/UE4Editor-CryptoKeys.dll (API version 3944462).
LogModuleManager: Display: Found up-to-date module file ../../../Engine/Plugins/Editor/CryptoKeys/Binaries/Win64/UE4Editor-CryptoKeysOpenSSL.dll (API version 3944462).
LogModuleManager: Display: Found up-to-date module file ../../../Engine/Plugins/Editor/DataValidation/Binaries/Win64/UE4Editor-DataValidation.dll (API version 3944462).
LogModuleManager: Display: Found up-to-date module file ../../../Engine/Plugins/Editor/FacialAnimation/Binaries/Win64/UE4Editor-FacialAnimation.dll (API version 3944462).
LogModuleManager: Display: Found up-to-date module file ../../../Engine/Plugins/Editor/FacialAnimation/Binaries/Win64/UE4Editor-FacialAnimationEditor.dll (API version 3944462).
LogModuleManager: Display: Found up-to-date module file ../../../Engine/Plugins/Editor/GameplayTagsEditor/Binaries/Win64/UE4Editor-GameplayTagsEditor.dll (API version 3944462).
LogModuleManager: Display: Found up-to-date module file ../../../Engine/Plugins/Editor/MobileLauncherProfileWizard/Binaries/Win64/UE4Editor-MobileLauncherProfileWizard.dll (API version 3944462).
LogModuleManager: Display: Found up-to-date module file ../../../Engine/Plugins/Editor/PluginBrowser/Binaries/Win64/UE4Editor-PluginBrowser.dll (API version 3944462).
LogModuleManager: Display: Found up-to-date module file ../../../Engine/Plugins/Editor/SpeedTreeImporter/Binaries/Win64/UE4Editor-SpeedTreeImporter.dll (API version 3944462).
LogModuleManager: Display: Found up-to-date module file ../../../Engine/Plugins/Enterprise/DatasmithContent/Binaries/Win64/UE4Editor-DatasmithContent.dll (API version 3944462).
LogModuleManager: Display: Found up-to-date module file ../../../Engine/Plugins/Experimental/AlembicImporter/Binaries/Win64/UE4Editor-AlembicImporter.dll (API version 3944462).
LogModuleManager: Display: Found up-to-date module file ../../../Engine/Plugins/Experimental/AlembicImporter/Binaries/Win64/UE4Editor-AlembicLibrary.dll (API version 3944462).
LogModuleManager: Display: Found up-to-date module file ../../../Engine/Plugins/Experimental/CharacterAI/Binaries/Win64/UE4Editor-CharacterAI.dll (API version 3944462).
LogModuleManager: Display: Found up-to-date module file ../../../Engine/Plugins/Experimental/HTML5Networking/Binaries/Win64/UE4Editor-HTML5Networking.dll (API version 3944462).
LogModuleManager: Display: Found up-to-date module file ../../../Engine/Plugins/Media/AndroidMedia/Binaries/Win64/UE4Editor-AndroidMediaEditor.dll (API version 3944462).
LogModuleManager: Display: Found up-to-date module file ../../../Engine/Plugins/Media/AndroidMedia/Binaries/Win64/UE4Editor-AndroidMediaFactory.dll (API version 3944462).
LogModuleManager: Display: Found up-to-date module file ../../../Engine/Plugins/Media/AvfMedia/Binaries/Win64/UE4Editor-AvfMediaEditor.dll (API version 3944462).
LogModuleManager: Display: Found up-to-date module file ../../../Engine/Plugins/Media/AvfMedia/Binaries/Win64/UE4Editor-AvfMediaFactory.dll (API version 3944462).
LogModuleManager: Display: Found up-to-date module file ../../../Engine/Plugins/Media/AvfMedia/Binaries/Win64/UE4Editor-AvfMediaFactory.dll (API version 3944462).
LogModuleManager: Display: Found up-to-date module file ../../../Engine/Plugins/Media/ImgMedia/Binaries/Win64/UE4Editor-ImgMedia.dll (API version 3944462).
LogModuleManager: Display: Found up-to-date module file ../../../Engine/Plugins/Media/ImgMedia/Binaries/Win64/UE4Editor-ImgMediaEditor.dll (API version 3944462).
LogModuleManager: Display: Found up-to-date module file ../../../Engine/Plugins/Media/ImgMedia/Binaries/Win64/UE4Editor-ImgMediaFactory.dll (API version 3944462).
LogModuleManager: Display: Found up-to-date module file ../../../Engine/Plugins/Media/ImgMedia/Binaries/Win64/UE4Editor-ImgMediaFactory.dll (API version 3944462).
LogModuleManager: Display: Found up-to-date module file ../../../Engine/Plugins/Media/ImgMedia/Binaries/Win64/UE4Editor-OpenExrWrapper.dll (API version 3944462).
LogModuleManager: Display: Found up-to-date module file ../../../Engine/Plugins/Media/LinearTimecode/Binaries/Win64/UE4Editor-LinearTimecode.dll (API version 3944462).
LogModuleManager: Display: Found up-to-date module file ../../../Engine/Plugins/Media/MediaCompositing/Binaries/Win64/UE4Editor-MediaCompositing.dll (API version 3944462).
LogModuleManager: Display: Found up-to-date module file ../../../Engine/Plugins/Media/MediaCompositing/Binaries/Win64/UE4Editor-MediaCompositingEditor.dll (API version 3944462).
LogModuleManager: Display: Found up-to-date module file ../../../Engine/Plugins/Media/MediaPlayerEditor/Binaries/Win64/UE4Editor-MediaPlayerEditor.dll (API version 3944462).
LogModuleManager: Display: Found up-to-date module file ../../../Engine/Plugins/Media/WmfMedia/Binaries/Win64/UE4Editor-WmfMedia.dll (API version 3944462).
LogModuleManager: Display: Found up-to-date module file ../../../Engine/Plugins/Media/WmfMedia/Binaries/Win64/UE4Editor-WmfMediaEditor.dll (API version 3944462).
LogModuleManager: Display: Found up-to-date module file ../../../Engine/Plugins/Media/WmfMedia/Binaries/Win64/UE4Editor-WmfMediaFactory.dll (API version 3944462).
LogModuleManager: Display: Found up-to-date module file ../../../Engine/Plugins/Media/WmfMedia/Binaries/Win64/UE4Editor-WmfMediaFactory.dll (API version 3944462).
LogModuleManager: Display: Found up-to-date module file ../../../Engine/Plugins/Messaging/TcpMessaging/Binaries/Win64/UE4Editor-TcpMessaging.dll (API version 3944462).
LogModuleManager: Display: Found up-to-date module file ../../../Engine/Plugins/Messaging/UdpMessaging/Binaries/Win64/UE4Editor-UdpMessaging.dll (API version 3944462).
LogModuleManager: Display: Found up-to-date module file ../../../Engine/Plugins/MovieScene/ActorSequence/Binaries/Win64/UE4Editor-ActorSequence.dll (API version 3944462).
LogModuleManager: Display: Found up-to-date module file ../../../Engine/Plugins/MovieScene/LevelSequenceEditor/Binaries/Win64/UE4Editor-LevelSequenceEditor.dll (API version 3944462).
LogModuleManager: Display: Found up-to-date module file ../../../Engine/Plugins/MovieScene/MatineeToLevelSequence/Binaries/Win64/UE4Editor-MatineeToLevelSequence.dll (API version 3944462).
LogModuleManager: Display: Found up-to-date module file ../../../Engine/Plugins/NetcodeUnitTest/NetcodeUnitTest/Binaries/Win64/UE4Editor-NetcodeUnitTest.dll (API version 3944462).
LogModuleManager: Display: Found up-to-date module file ../../../Engine/Plugins/NetcodeUnitTest/NUTUnrealEngine4/Binaries/Win64/UE4Editor-NUTUnrealEngine4.dll (API version 3944462).
LogModuleManager: Display: Found up-to-date module file ../../../Engine/Plugins/Online/OnlineSubsystem/Binaries/Win64/UE4Editor-OnlineSubsystem.dll (API version 3944462).
LogModuleManager: Display: Found up-to-date module file ../../../Engine/Plugins/Online/OnlineSubsystemNull/Binaries/Win64/UE4Editor-OnlineSubsystemNull.dll (API version 3944462).
LogModuleManager: Display: Found up-to-date module file ../../../Engine/Plugins/Online/OnlineSubsystemUtils/Binaries/Win64/UE4Editor-OnlineSubsystemUtils.dll (API version 3944462).
LogModuleManager: Display: Found up-to-date module file ../../../Engine/Plugins/Online/OnlineSubsystemUtils/Binaries/Win64/UE4Editor-OnlineBlueprintSupport.dll (API version 3944462).
LogModuleManager: Display: Found up-to-date module file ../../../Engine/Plugins/Runtime/AndroidDeviceProfileSelector/Binaries/Win64/UE4Editor-AndroidDeviceProfileSelector.dll (API version 3944462).
LogModuleManager: Display: Found up-to-date module file ../../../Engine/Plugins/Runtime/AndroidPermission/Binaries/Win64/UE4Editor-AndroidPermission.dll (API version 3944462).
LogModuleManager: Display: Found up-to-date module file ../../../Engine/Plugins/Runtime/AppleARKit/Binaries/Win64/UE4Editor-AppleARKit.dll (API version 3944462).
LogModuleManager: Display: Found up-to-date module file ../../../Engine/Plugins/Runtime/ArchVisCharacter/Binaries/Win64/UE4Editor-ArchVisCharacter.dll (API version 3944462).
LogModuleManager: Display: Found up-to-date module file ../../../Engine/Plugins/Runtime/AudioCapture/Binaries/Win64/UE4Editor-AudioCapture.dll (API version 3944462).
LogModuleManager: Display: Found up-to-date module file ../../../Engine/Plugins/Runtime/AudioCapture/Binaries/Win64/UE4Editor-AudioCaptureEditor.dll (API version 3944462).
LogModuleManager: Display: Found up-to-date module file ../../../Engine/Plugins/Runtime/CableComponent/Binaries/Win64/UE4Editor-CableComponent.dll (API version 3944462).
LogModuleManager: Display: Found up-to-date module file ../../../Engine/Plugins/Runtime/CustomMeshComponent/Binaries/Win64/UE4Editor-CustomMeshComponent.dll (API version 3944462).
LogModuleManager: Display: Found up-to-date module file ../../../Engine/Plugins/Runtime/ExampleDeviceProfileSelector/Binaries/Win64/UE4Editor-ExampleDeviceProfileSelector.dll (API version 3944462).
LogModuleManager: Display: Found up-to-date module file ../../../Engine/Plugins/Runtime/ImmediatePhysics/Binaries/Win64/UE4Editor-ImmediatePhysics.dll (API version 3944462).
LogModuleManager: Display: Found up-to-date module file ../../../Engine/Plugins/Runtime/ImmediatePhysics/Binaries/Win64/UE4Editor-ImmediatePhysicsEditor.dll (API version 3944462).
LogModuleManager: Display: Found up-to-date module file ../../../Engine/Plugins/Runtime/LocationServicesBPLibrary/Binaries/Win64/UE4Editor-LocationServicesBPLibrary.dll (API version 3944462).
LogModuleManager: Display: Found up-to-date module file ../../../Engine/Plugins/Runtime/MobilePatchingUtils/Binaries/Win64/UE4Editor-MobilePatchingUtils.dll (API version 3944462).
LogModuleManager: Display: Found up-to-date module file ../../../Engine/Plugins/Runtime/Oculus/OculusVR/Binaries/Win64/UE4Editor-OculusHMD.dll (API version 3944462).
LogModuleManager: Display: Found up-to-date module file ../../../Engine/Plugins/Runtime/Oculus/OculusVR/Binaries/Win64/UE4Editor-OculusInput.dll (API version 3944462).
LogModuleManager: Display: Found up-to-date module file ../../../Engine/Plugins/Runtime/Oculus/OculusVR/Binaries/Win64/UE4Editor-OculusEditor.dll (API version 3944462).
LogModuleManager: Display: Found up-to-date module file ../../../Engine/Plugins/Runtime/PhysXVehicles/Binaries/Win64/UE4Editor-PhysXVehicles.dll (API version 3944462).
LogModuleManager: Display: Found up-to-date module file ../../../Engine/Plugins/Runtime/PhysXVehicles/Binaries/Win64/UE4Editor-PhysXVehiclesEditor.dll (API version 3944462).
LogModuleManager: Display: Found up-to-date module file ../../../Engine/Plugins/Runtime/ProceduralMeshComponent/Binaries/Win64/UE4Editor-ProceduralMeshComponent.dll (API version 3944462).
LogModuleManager: Display: Found up-to-date module file ../../../Engine/Plugins/Runtime/ProceduralMeshComponent/Binaries/Win64/UE4Editor-ProceduralMeshComponentEditor.dll (API version 3944462).
LogModuleManager: Display: Found up-to-date module file ../../../Engine/Plugins/Runtime/RuntimePhysXCooking/Binaries/Win64/UE4Editor-RuntimePhysXCooking.dll (API version 3944462).
LogModuleManager: Display: Found up-to-date module file ../../../Engine/Plugins/Runtime/Steam/SteamVR/Binaries/Win64/UE4Editor-SteamVR.dll (API version 3944462).
LogModuleManager: Display: Found up-to-date module file ../../../Engine/Plugins/Runtime/Steam/SteamVR/Binaries/Win64/UE4Editor-SteamVRController.dll (API version 3944462).
LogModuleManager: Display: Found up-to-date module file ../../../Engine/Plugins/Runtime/WindowsMoviePlayer/Binaries/Win64/UE4Editor-WindowsMoviePlayer.dll (API version 3944462).
LogInit: Using libcurl 7.47.1
LogInit:  - built for x86_64-pc-win32
LogInit:  - supports SSL with OpenSSL/1.0.2g
LogInit:  - supports HTTP deflate (compression) using libz 1.2.8
LogInit:  - other features:
LogInit:      CURL_VERSION_SSL
LogInit:      CURL_VERSION_LIBZ
LogInit:      CURL_VERSION_IPV6
LogInit:      CURL_VERSION_ASYNCHDNS
LogInit:      CURL_VERSION_LARGEFILE
LogInit:      CURL_VERSION_IDN
LogInit:  CurlRequestOptions (configurable via config and command line):
LogInit:  - bVerifyPeer = false  - Libcurl will NOT verify peer certificate
LogInit:  - bUseHttpProxy = false  - Libcurl will NOT use HTTP proxy
LogInit:  - bDontReuseConnections = false  - Libcurl will reuse connections
LogInit:  - CertBundlePath = nullptr  - Libcurl will use whatever was configured at build time.
LogInit:  - MaxHostConnections = 16  - Libcurl will limit the number of connections to a host
LogInit:  - LocalHostAddr = Default
LogInit: WinSock: version 1.1 (2.2), MaxSocks=32767, MaxUdp=65467
LogInit: WinSock: I am DESKTOP-8KB68SJ (192.168.0.8:0)
LogInit: Build: ++UE4+Release-4.19-CL-4033788
LogInit: Engine Version: 4.19.2-4033788+++UE4+Release-4.19
LogInit: Compatible Engine Version: 4.19.0-3944462+++UE4+Release-4.19
LogInit: Net CL: 3944462
LogDevObjectVersion: Number of dev versions registered: 18
LogDevObjectVersion:   Dev-Blueprints (B0D832E4-1F89-4F0D-ACCF-7EB736FD4AA2): 10
LogDevObjectVersion:   Dev-Build (E1C64328-A22C-4D53-A36C-8E866417BD8C): 0
LogDevObjectVersion:   Dev-Core (375EC13C-06E4-48FB-B500-84F0262A717E): 2
LogDevObjectVersion:   Dev-Editor (E4B068ED-F494-42E9-A231-DA0B2E46BB41): 23
LogDevObjectVersion:   Dev-Framework (CFFC743F-43B0-4480-9391-14DF171D2073): 33
LogDevObjectVersion:   Dev-Mobile (B02B49B5-BB20-44E9-A304-32B752E40360): 2
LogDevObjectVersion:   Dev-Networking (A4E4105C-59A1-49B5-A7C5-40C4547EDFEE): 0
LogDevObjectVersion:   Dev-Online (39C831C9-5AE6-47DC-9A44-9C173E1C8E7C): 0
LogDevObjectVersion:   Dev-Physics (78F01B33-EBEA-4F98-B9B4-84EACCB95AA2): 0
LogDevObjectVersion:   Dev-Platform (6631380F-2D4D-43E0-8009-CF276956A95A): 0
LogDevObjectVersion:   Dev-Rendering (12F88B9F-8875-4AFC-A67C-D90C383ABD29): 25
LogDevObjectVersion:   Dev-Sequencer (7B5AE74C-D270-4C10-A958-57980B212A5A): 6
LogDevObjectVersion:   Dev-VR (D7296918-1DD6-4BDD-9DE2-64A83CC13884): 1
LogDevObjectVersion:   Dev-LoadTimes (C2A15278-BFE7-4AFE-6C17-90FF531DF755): 1
LogDevObjectVersion:   Private-Geometry (6EACA3D4-40EC-4CC1-B786-8BED09428FC5): 2
LogDevObjectVersion:   Dev-AnimPhys (29E575DD-E0A3-4627-9D10-D276232CDCEA): 16
LogDevObjectVersion:   Dev-ReflectionCapture (6B266CEC-1EC7-4B8F-A30B-E4D90942FC07): 1
LogDevObjectVersion:   Dev-Automation (0DF73D61-A23F-47EA-B727-89E90C41499A): 1
LogInit: Compiled (64-bit): Apr 27 2018 02:06:57
LogInit: Compiled with Visual C++: 19.00.24215.01
LogInit: Build Configuration: Development
LogInit: Branch Name: ++UE4+Release-4.19
LogInit: Command Line:  
LogInit: Base Directory: D:/UE_4.19/Engine/Binaries/Win64/
LogInit: Installed Engine Build: 1
LogStreaming: Display: Took  0.002s to delete old logs.
LogInit: Presizing for max 8388607 objects, including 0 objects not considered by GC, pre-allocating 0 bytes for permanent pool.
LogInit: Object subsystem initialized
[2018.07.06-12.12.30:989][  0]LogInit: Selected Device Profile: [Windows]
[2018.07.06-12.12.30:989][  0]LogInit: Applying CVar settings loaded from the selected device profile: [Windows]
[2018.07.06-12.12.31:045][  0]LogInit: Computer: DESKTOP-8KB68SJ
[2018.07.06-12.12.31:045][  0]LogInit: User: LeeOneHyo
[2018.07.06-12.12.31:045][  0]LogInit: CPU Page size=4096, Cores=4
[2018.07.06-12.12.31:045][  0]LogInit: High frequency timer resolution =3.416977 MHz
[2018.07.06-12.12.31:045][  0]LogMemory: Memory total: Physical=7.9GB (8GB approx)
[2018.07.06-12.12.31:045][  0]LogMemory: Platform Memory Stats for Windows
[2018.07.06-12.12.31:045][  0]LogMemory: Process Physical Memory: 273.26 MB used, 273.26 MB peak
[2018.07.06-12.12.31:045][  0]LogMemory: Process Virtual Memory: 269.89 MB used, 269.89 MB peak
[2018.07.06-12.12.31:045][  0]LogMemory: Physical Memory: 6756.70 MB used,  1354.36 MB free, 8111.06 MB total
[2018.07.06-12.12.31:045][  0]LogMemory: Virtual Memory: 4788.90 MB used,  1354.36 MB free, 134217728.00 MB total
[2018.07.06-12.12.31:349][  0]LogInit: Overriding language with editor language configuration option (en).
[2018.07.06-12.12.31:349][  0]LogInit: Overriding locale with editor locale configuration option (en).
[2018.07.06-12.12.32:055][  0]LogStreaming: Display: Took  0.706s to EndInitTextLocalization.
[2018.07.06-12.12.32:058][  0]LogInit: Setting process to per monitor DPI aware
[2018.07.06-12.12.32:213][  0]LogSlate: New Slate User Created.  User Index 0, Is Virtual User: 0
[2018.07.06-12.12.32:213][  0]LogSlate: Slate User Registered.  User Index 0, Is Virtual User: 0
[2018.07.06-12.12.36:192][  0]LogD3D11RHI: D3D11 adapters:
[2018.07.06-12.12.36:288][  0]LogD3D11RHI:    0. 'NVIDIA GeForce GTX 970' (Feature Level 11_0)
[2018.07.06-12.12.36:288][  0]LogD3D11RHI:       4043/0/4055 MB DedicatedVideo/DedicatedSystem/SharedSystem, Outputs:1, VendorId:0x10de
[2018.07.06-12.12.36:291][  0]LogD3D11RHI:    1. 'Microsoft Basic Render Driver' (Feature Level 11_0)
[2018.07.06-12.12.36:291][  0]LogD3D11RHI:       0/0/4055 MB DedicatedVideo/DedicatedSystem/SharedSystem, Outputs:0, VendorId:0x1414
[2018.07.06-12.12.36:291][  0]LogD3D11RHI: Chosen D3D11 Adapter: 0
[2018.07.06-12.12.36:302][  0]LogD3D11RHI: Creating new Direct3DDevice
[2018.07.06-12.12.36:302][  0]LogD3D11RHI:     GPU DeviceId: 0x13c2 (for the marketing name, search the web for "GPU Device Id")
[2018.07.06-12.12.36:302][  0]LogWindows: EnumDisplayDevices:
[2018.07.06-12.12.36:303][  0]LogWindows:    0. 'NVIDIA GeForce GTX 970' (P:1 D:1)
[2018.07.06-12.12.36:303][  0]LogWindows:    1. 'NVIDIA GeForce GTX 970' (P:0 D:0)
[2018.07.06-12.12.36:304][  0]LogWindows:    2. 'NVIDIA GeForce GTX 970' (P:0 D:0)
[2018.07.06-12.12.36:304][  0]LogWindows:    3. 'NVIDIA GeForce GTX 970' (P:0 D:0)
[2018.07.06-12.12.36:304][  0]LogWindows: DebugString: GetVideoDriverDetailsInvalid PrimaryIsNotTheChoosenAdapter GetVideoDriverDetailsInvalid PrimaryIsNotTheChoosenAdapter GetVideoDriverDetailsInvalid PrimaryIsNotTheChoosenAdapter GetVideoDriverDetailsInvalid PrimaryIsNotTheChoosenAdapter FoundDriverCount:0 
[2018.07.06-12.12.36:304][  0]LogD3D11RHI:     Adapter Name: NVIDIA GeForce GTX 970
[2018.07.06-12.12.36:304][  0]LogD3D11RHI:   Driver Version: Unknown (internal:Unknown, unified:Unknown)
[2018.07.06-12.12.36:304][  0]LogD3D11RHI:      Driver Date: Unknown
[2018.07.06-12.12.36:304][  0]LogRHI: Texture pool is 2830 MB (70% of 4043 MB)
[2018.07.06-12.12.36:356][  0]LogD3D11RHI: [Aftermath] Aftermath enabled and primed
[2018.07.06-12.12.36:356][  0]LogD3D11RHI: [Aftermath] Aftermath enabled and primed
[2018.07.06-12.12.36:356][  0]LogD3D11RHI: Async texture creation enabled
[2018.07.06-12.12.36:432][  0]LogD3D11RHI: GPU Timing Frequency: 1000.000000 (Debug: 2 3)
[2018.07.06-12.12.36:486][  0]LogShaderCompilers: Guid format shader working directory is 1 characters bigger than the processId version (../../../../Project/UnrealProject/FightMadang/Intermediate/Shaders/WorkingDirectory/6092/).
[2018.07.06-12.12.36:487][  0]LogShaderCompilers: Cleaned the shader compiler working directory 'C:/Users/ertai/AppData/Local/Temp/UnrealShaderWorkingDir/EA3B4A7D42651321E13A5B8946924322/'.
[2018.07.06-12.12.37:180][  0]LogTemp: Display: Loaded TP AllDesktopTargetPlatform
[2018.07.06-12.12.37:192][  0]LogTemp: Display: Loaded TP MacClientTargetPlatform
[2018.07.06-12.12.37:205][  0]LogTemp: Display: Loaded TP MacNoEditorTargetPlatform
[2018.07.06-12.12.37:217][  0]LogTemp: Display: Loaded TP MacServerTargetPlatform
[2018.07.06-12.12.37:237][  0]LogTemp: Display: Loaded TP MacTargetPlatform
[2018.07.06-12.12.37:249][  0]LogTemp: Display: Loaded TP WindowsClientTargetPlatform
[2018.07.06-12.12.37:262][  0]LogTemp: Display: Loaded TP WindowsNoEditorTargetPlatform
[2018.07.06-12.12.37:274][  0]LogTemp: Display: Loaded TP WindowsServerTargetPlatform
[2018.07.06-12.12.37:280][  0]LogTemp: Display: Loaded TP WindowsTargetPlatform
[2018.07.06-12.12.37:293][  0]LogTemp: Display: Loaded TP Android_ASTCTargetPlatform
[2018.07.06-12.12.37:311][  0]LogTemp: Display: Loaded TP Android_ATCTargetPlatform
[2018.07.06-12.12.37:324][  0]LogTemp: Display: Loaded TP Android_DXTTargetPlatform
[2018.07.06-12.12.37:337][  0]LogTemp: Display: Loaded TP Android_ETC1aTargetPlatform
[2018.07.06-12.12.37:349][  0]LogTemp: Display: Loaded TP Android_ETC1TargetPlatform
[2018.07.06-12.12.37:362][  0]LogTemp: Display: Loaded TP Android_ETC2TargetPlatform
[2018.07.06-12.12.37:388][  0]LogTemp: Display: Loaded TP Android_MultiTargetPlatform
[2018.07.06-12.12.37:388][  0]LogTemp: Display: Loaded TP Android_PVRTCTargetPlatform
[2018.07.06-12.12.37:407][  0]LogTemp: Display: Loaded TP AndroidTargetPlatform
[2018.07.06-12.12.37:409][  0]LogTemp: Display: Loaded TP HTML5TargetPlatform
[2018.07.06-12.12.37:477][  0]LogTemp: Display: Loaded TP IOSTargetPlatform
[2018.07.06-12.12.37:488][  0]LogTemp: Display: Loaded TP TVOSTargetPlatform
[2018.07.06-12.12.37:501][  0]LogTemp: Display: Loaded TP LinuxClientTargetPlatform
[2018.07.06-12.12.37:516][  0]LogTemp: Display: Loaded TP LinuxNoEditorTargetPlatform
[2018.07.06-12.12.37:529][  0]LogTemp: Display: Loaded TP LinuxServerTargetPlatform
[2018.07.06-12.12.37:549][  0]LogTemp: Display: Loaded TP LinuxTargetPlatform
[2018.07.06-12.12.37:549][  0]LogTargetPlatformManager: Display: Building Assets For Windows
[2018.07.06-12.12.37:990][  0]LogXGEController: Cleaning working directory: C:/Users/ertai/AppData/Local/Temp/UnrealXGEWorkingDir/
[2018.07.06-12.12.37:990][  0]LogXGEController: Cannot use XGE Controller as Incredibuild is not installed on this machine.
[2018.07.06-12.12.37:991][  0]LogShaderCompilers: Cannot use XGE Shader Compiler as Incredibuild is not installed on this machine.
[2018.07.06-12.12.37:991][  0]LogShaderCompilers: Display: Using Local Shader Compiler.
[2018.07.06-12.12.40:389][  0]LogDerivedDataCache: Display: Max Cache Size: 512 MB
[2018.07.06-12.12.40:729][  0]LogDerivedDataCache: Loaded boot cache 0.34s 77MB C:/Users/ertai/AppData/Local/UnrealEngine/4.19/DerivedDataCache/Boot.ddc.
[2018.07.06-12.12.40:729][  0]LogDerivedDataCache: Display: Loaded Boot cache: C:/Users/ertai/AppData/Local/UnrealEngine/4.19/DerivedDataCache/Boot.ddc
[2018.07.06-12.12.40:729][  0]LogDerivedDataCache: FDerivedDataBackendGraph:  Pak pak cache file ../../../../Project/UnrealProject/FightMadang/DerivedDataCache/DDC.ddp not found, will not use a pak cache.
[2018.07.06-12.12.40:729][  0]LogDerivedDataCache: Unable to find inner node Pak for hierarchical cache Hierarchy.
[2018.07.06-12.12.40:729][  0]LogDerivedDataCache: FDerivedDataBackendGraph:  CompressedPak pak cache file ../../../../Project/UnrealProject/FightMadang/DerivedDataCache/Compressed.ddp not found, will not use a pak cache.
[2018.07.06-12.12.40:729][  0]LogDerivedDataCache: Unable to find inner node CompressedPak for hierarchical cache Hierarchy.
[2018.07.06-12.12.40:762][  0]LogDerivedDataCache: Display: Pak cache opened for reading ../../../Engine/DerivedDataCache/Compressed.ddp.
[2018.07.06-12.12.40:775][  0]LogDerivedDataCache: Using Local data cache path C:/Users/ertai/AppData/Local/UnrealEngine/Common/DerivedDataCache: Writable
[2018.07.06-12.12.40:775][  0]LogDerivedDataCache: Shared data cache path not found in *engine.ini, will not use an Shared cache.
[2018.07.06-12.12.40:775][  0]LogDerivedDataCache: Unable to find inner node Shared for hierarchical cache Hierarchy.
[2018.07.06-12.12.40:791][  0]LogMaterial: Verifying Global Shaders for PCD3D_SM5
[2018.07.06-12.12.40:799][  0]LogSlate: Using Freetype 2.6.0
[2018.07.06-12.12.40:822][  0]LogSlate: SlateFontCache - WITH_FREETYPE: 1, WITH_HARFBUZZ: 1
[2018.07.06-12.12.40:822][  0]LogSlate: SlateFontCache - WITH_FREETYPE: 1, WITH_HARFBUZZ: 1
[2018.07.06-12.12.43:911][  0]LogAssetRegistry: FAssetRegistry took 0.0288 seconds to start up
[2018.07.06-12.12.44:458][  0]LogInit: Selected Device Profile: [Windows]
[2018.07.06-12.12.44:870][  0]LogSimplygon: Simplygon DLL not present - disabling.
[2018.07.06-12.12.44:874][  0]LogMeshReduction: Using SimplygonSwarm for distributed automatic mesh merging
[2018.07.06-12.12.44:875][  0]LogMeshReduction: Using QuadricMeshReduction for automatic static mesh reduction
[2018.07.06-12.12.44:875][  0]LogMeshReduction: No automatic skeletal mesh reduction module available
[2018.07.06-12.12.44:875][  0]LogMeshReduction: No automatic mesh merging module available
[2018.07.06-12.12.44:875][  0]LogMeshMerging: No automatic mesh merging module available
[2018.07.06-12.12.44:956][  0]LogNetVersion: FightMadang , NetCL: 3944462, EngineNetVer: 2, GameNetVer: 0 (Checksum: 2840535495)
[2018.07.06-12.12.46:423][  0]LogPackageLocalizationCache: Processed 9 localized package path(s) for 1 prioritized culture(s) in 0.048293 seconds
[2018.07.06-12.12.46:431][  0]LogUObjectArray: 36728 objects as part of root set at end of initial load.
[2018.07.06-12.12.46:431][  0]LogUObjectAllocator: 7314304 out of 0 bytes used by permanent object pool.
[2018.07.06-12.12.46:432][  0]LogUObjectArray: CloseDisregardForGC: 0/0 objects in disregard for GC pool
[2018.07.06-12.12.52:184][  0]LogTcpMessaging: Initializing TcpMessaging bridge
[2018.07.06-12.12.52:215][  0]LogUdpMessaging: Initializing bridge on interface 0.0.0.0:0 to multicast group 230.0.0.1:6666.
[2018.07.06-12.12.52:652][  0]LogUObjectGlobals: Created PersistentFrame Addr=0x000001ecc46a1780, Size=64, Default__Aj_bp_C Function /Game/ThirdPersonCPP/Blueprints/Aj_bp.Aj_bp_C:ExecuteUbergraph_Aj_bp
[2018.07.06-12.12.52:681][  0]LogUObjectGlobals: Destroyed PersistentFrame Addr=0x000001ecc46a1780, Size=64
[2018.07.06-12.12.52:681][  0]LogUObjectGlobals: Created PersistentFrame Addr=0x000001ecc46a1780, Size=64, Default__Aj_bp_C Function /Engine/Transient.REINST_Aj_bp_C_0:ExecuteUbergraph_Aj_bp
[2018.07.06-12.12.52:704][  0]LogUObjectGlobals: Created PersistentFrame Addr=0x000001ecc4a27440, Size=64, Default__Aj_bp_C Function /Game/ThirdPersonCPP/Blueprints/Aj_bp.Aj_bp_C:ExecuteUbergraph_Aj_bp
[2018.07.06-12.12.53:846][  0]LogTexture: Display: Building textures: T_Blade_BatAxe2_M (AutoDXT, 512X512)
[2018.07.06-12.12.53:846][  0]LogTexture: Display: Building textures: T_Blade_BatAxe2_N (BC5, 512X512)
[2018.07.06-12.12.53:846][  0]LogTexture: Display: Building textures: T_Blade_BatAxe2_D (AutoDXT, 512X512)
[2018.07.06-12.12.53:846][  0]LogTexture: Display: Building textures: T_Blade_BatAxe1_N (BC5, 512X512)
[2018.07.06-12.12.53:846][  0]LogTexture: Display: Building textures: T_Blade_BatAxe1_M (AutoDXT, 512X512)
[2018.07.06-12.12.53:846][  0]LogTexture: Display: Building textures: T_Blade_BatAxe1_D (AutoDXT, 512X512)
[2018.07.06-12.12.54:176][  0]LogTexture: Display: Building textures: Boy01_FacialAnimMap (AutoDXT, 4096X4096)
[2018.07.06-12.12.54:176][  0]LogMaterial: Missing cached shader map for material M_Blade_BatAxe, compiling. 
[2018.07.06-12.12.54:237][  0]LogAnimationCompression: Building Anim DDC data for AnimSequence /Game/Asset/Character/Aj/Animations/Standing_React_Death_Forward.Standing_React_Death_Forward
[2018.07.06-12.12.54:239][  0]LogAnimationCompression: Recompressing (AnimSequence /Game/Asset/Character/Aj/Animations/Standing_React_Death_Forward.Standing_React_Death_Forward) using current/default (AnimCompress_BitwiseCompressOnly_0) bFirstRecompressUsingCurrentOrDefault(1) bTryAlternateCompressor(0) IsCompressedDataValid(0)
[2018.07.06-12.12.54:449][  0]LogShaderCompilers: Display: Shaders left to compile 60
[2018.07.06-12.12.54:449][  0]LogShaderCompilers: Display: Shaders left to compile 50
[2018.07.06-12.12.54:449][  0]LogShaderCompilers: Display: Shaders left to compile 40
[2018.07.06-12.12.54:449][  0]LogTexture: Display: Building textures: Boy01_spec (AutoDXT, 2048X2048)
[2018.07.06-12.12.54:449][  0]LogAnimationCompression: Building Anim DDC data for AnimSequence /Game/Asset/Character/Aj/Animations/Hit_To_Body.Hit_To_Body
[2018.07.06-12.12.54:449][  0]LogAnimationCompression: Recompressing (AnimSequence /Game/Asset/Character/Aj/Animations/Hit_To_Body.Hit_To_Body) using current/default (AnimCompress_BitwiseCompressOnly_0) bFirstRecompressUsingCurrentOrDefault(1) bTryAlternateCompressor(0) IsCompressedDataValid(0)
[2018.07.06-12.12.54:453][  0]LogSkeletalMesh: Building Skeletal Mesh SK_Blade_BatAxe...
[2018.07.06-12.12.54:457][  0]LogSkeletalMesh: Built Skeletal Mesh [0.01s] /Game/InfinityBladeWeapons/Weapons/Blade/Silly_Weapons/Blade_BatAxe/SK_Blade_BatAxe.SK_Blade_BatAxe
[2018.07.06-12.12.54:461][  0]LogAnimationCompression: Building Anim DDC data for AnimSequence /Game/Asset/Character/Aj/Animations/Standing_Melee_Attack_Horizontal.Standing_Melee_Attack_Horizontal
[2018.07.06-12.12.54:461][  0]LogAnimationCompression: Recompressing (AnimSequence /Game/Asset/Character/Aj/Animations/Standing_Melee_Attack_Horizontal.Standing_Melee_Attack_Horizontal) using current/default (AnimCompress_BitwiseCompressOnly_0) bFirstRecompressUsingCurrentOrDefault(1) bTryAlternateCompressor(0) IsCompressedDataValid(0)
[2018.07.06-12.12.54:464][  0]LogAnimationCompression: Building Anim DDC data for AnimSequence /Game/Asset/Character/Aj/Animations/Walking.Walking
[2018.07.06-12.12.54:464][  0]LogAnimationCompression: Recompressing (AnimSequence /Game/Asset/Character/Aj/Animations/Walking.Walking) using current/default (AnimCompress_BitwiseCompressOnly_0) bFirstRecompressUsingCurrentOrDefault(1) bTryAlternateCompressor(0) IsCompressedDataValid(0)
[2018.07.06-12.12.54:466][  0]LogAnimationCompression: Building Anim DDC data for AnimSequence /Game/Asset/Character/Aj/Animations/Running.Running
[2018.07.06-12.12.54:466][  0]LogAnimationCompression: Recompressing (AnimSequence /Game/Asset/Character/Aj/Animations/Running.Running) using current/default (AnimCompress_BitwiseCompressOnly_0) bFirstRecompressUsingCurrentOrDefault(1) bTryAlternateCompressor(0) IsCompressedDataValid(0)
[2018.07.06-12.12.54:501][  0]LogAnimationCompression: Building Anim DDC data for AnimSequence /Game/Asset/Character/Aj/Animations/Idle.Idle
[2018.07.06-12.12.54:501][  0]LogAnimationCompression: Recompressing (AnimSequence /Game/Asset/Character/Aj/Animations/Idle.Idle) using current/default (AnimCompress_BitwiseCompressOnly_0) bFirstRecompressUsingCurrentOrDefault(1) bTryAlternateCompressor(0) IsCompressedDataValid(0)
[2018.07.06-12.12.54:507][  0]LogAnimationCompression: Building Anim DDC data for AnimSequence /Game/Asset/Character/Aj/Animations/Jumping_Up.Jumping_Up
[2018.07.06-12.12.54:507][  0]LogAnimationCompression: Recompressing (AnimSequence /Game/Asset/Character/Aj/Animations/Jumping_Up.Jumping_Up) using current/default (AnimCompress_BitwiseCompressOnly_0) bFirstRecompressUsingCurrentOrDefault(1) bTryAlternateCompressor(0) IsCompressedDataValid(0)
[2018.07.06-12.12.54:508][  0]LogAnimationCompression: Building Anim DDC data for AnimSequence /Game/Asset/Character/Aj/Animations/Jump_Down.Jump_Down
[2018.07.06-12.12.54:508][  0]LogAnimationCompression: Recompressing (AnimSequence /Game/Asset/Character/Aj/Animations/Jump_Down.Jump_Down) using current/default (AnimCompress_BitwiseCompressOnly_0) bFirstRecompressUsingCurrentOrDefault(1) bTryAlternateCompressor(0) IsCompressedDataValid(0)
[2018.07.06-12.13.05:262][  0]LogTexture: Display: Building textures: Boy01_normal (BC5, 2048X2048)
[2018.07.06-12.13.05:262][  0]LogTexture: Display: Building textures: Boy01_diffuse (AutoDXT, 2048X2048)
[2018.07.06-12.13.05:262][  0]LogTexture: Display: Building textures: T_Blade_Baguette2_N (BC5, 512X512)
[2018.07.06-12.13.05:262][  0]LogTexture: Display: Building textures: T_Blade_Baguette2_D (AutoDXT, 512X512)
[2018.07.06-12.13.05:262][  0]LogTexture: Display: Building textures: T_Blade_Baguette1_N (BC5, 512X512)
[2018.07.06-12.13.05:262][  0]LogTexture: Display: Building textures: T_Blade_Baguette1_D (AutoDXT, 512X512)
[2018.07.06-12.13.05:262][  0]LogMaterial: Missing cached shader map for material Boy01_Mouth_MAT1, compiling. 
[2018.07.06-12.13.05:327][  0]LogMaterial: Missing cached shader map for material Boy01_Eyes_MAT1, compiling. 
[2018.07.06-12.13.05:352][  0]LogMaterial: Missing cached shader map for material Boy01_Brows_MAT1, compiling. 
[2018.07.06-12.13.05:396][  0]LogMaterial: Missing cached shader map for material Boy01_Body_MAT, compiling. 
[2018.07.06-12.13.05:420][  0]LogSkeletalMesh: Building Skeletal Mesh aj...
[2018.07.06-12.13.05:432][  0]LogSkeletalMesh: Built Skeletal Mesh [0.02s] /Game/Asset/Character/Aj/Mesh/aj.aj
[2018.07.06-12.13.05:435][  0]LogMaterial: Missing cached shader map for material M_Blade_Baguette, compiling. 
[2018.07.06-12.13.05:453][  0]LogSkeletalMesh: Building Skeletal Mesh SK_Blade_Baguette...
[2018.07.06-12.13.05:453][  0]LogSkeletalMesh: Built Skeletal Mesh [0.00s] /Game/InfinityBladeWeapons/Weapons/Blade/Silly_Weapons/Blade_Baguette/SK_Blade_Baguette.SK_Blade_Baguette
[2018.07.06-12.13.05:771][  0]SourceControl: Source control is disabled
[2018.07.06-12.13.05:771][  0]SourceControl: Source control is disabled
[2018.07.06-12.13.05:819][  0]SourceControl: Source control is disabled
[2018.07.06-12.13.05:851][  0]SourceControl: Source control is disabled
[2018.07.06-12.13.07:021][  0]LogAndroidPermission: UAndroidPermissionCallbackProxy::GetInstance
[2018.07.06-12.13.08:212][  0]LogOcInput: OculusInput pre-init called
[2018.07.06-12.13.08:464][  0]LogEngine: Initializing Engine...
[2018.07.06-12.13.08:473][  0]LogHMD: Failed to initialize OpenVR with code 110
[2018.07.06-12.13.08:482][  0]LogStats: UGameplayTagsManager::ConstructGameplayTagTree: Construct from data asset -  0.000 s
[2018.07.06-12.13.08:483][  0]LogStats: UGameplayTagsManager::ConstructGameplayTagTree: GameplayTagTreeChangedEvent.Broadcast -  0.000 s
[2018.07.06-12.13.08:946][  0]LogAIModule: Creating AISystem for world Untitled
[2018.07.06-12.13.09:256][  0]LogInit: XAudio2 using 'M2752D(NVIDIA High Definition Audio)' : 2 channels at 48 kHz using 16 bits per sample (channel mask 0x3)
[2018.07.06-12.13.09:508][  0]LogInit: FAudioDevice initialized.
[2018.07.06-12.13.09:709][  0]LogDerivedDataCache: Saved boot cache 0.20s 116MB C:/Users/ertai/AppData/Local/UnrealEngine/4.19/DerivedDataCache/Boot.ddc.
[2018.07.06-12.13.09:725][  0]LogInit: Texture streaming: Enabled
[2018.07.06-12.13.09:798][  0]LogEngineSessionManager: EngineSessionManager initialized
[2018.07.06-12.13.09:851][  0]LogInit: Transaction tracking system initialized
[2018.07.06-12.13.09:975][  0]BlueprintLog: New page: Editor Load
[2018.07.06-12.13.10:489][  0]LocalizationService: Localization service is disabled
[2018.07.06-12.13.10:788][  0]LogLinker: Warning: Can't find file '/Game/TopDownCPP/TopDownOverview'
[2018.07.06-12.13.10:788][  0]LogLinker: Warning: Can't find file '/Game/TopDownCPP/TopDownOverview'
[2018.07.06-12.13.10:788][  0]LogUObjectGlobals: Warning: Failed to find object 'Class /Game/TopDownCPP/TopDownOverview.TopDownOverview_C'
[2018.07.06-12.13.10:945][  0]LogConsoleResponse: Display: 
[2018.07.06-12.13.11:252][  0]LogCook: Display: Max memory allowance for cook 16384mb min free memory 0mb
[2018.07.06-12.13.11:252][  0]LogCook: Display: Mobile HDR setting 1
[2018.07.06-12.13.11:252][  0]LogGameplayTags: Display: UGameplayTagsManager::DoneAddingNativeTags. DelegateIsBound: 0
[2018.07.06-12.13.11:252][  0]LogStats: UGameplayTagsManager::ConstructGameplayTagTree: Construct from data asset -  0.000 s
[2018.07.06-12.13.11:252][  0]LogStats: UGameplayTagsManager::ConstructGameplayTagTree: GameplayTagTreeChangedEvent.Broadcast -  0.000 s
[2018.07.06-12.13.12:079][  0]LogFileCache: Scanning file cache for directory 'D:/Project/UnrealProject/FightMadang/Content/' took 0.05s
[2018.07.06-12.13.12:121][  0]SourceControl: Source control is disabled
[2018.07.06-12.13.12:123][  0]Cmd: MAP LOAD FILE="../../../../Project/UnrealProject/FightMadang/Content/ThirdPersonCPP/Maps/ThirdPersonExampleMap.umap" TEMPLATE=0 SHOWPROGRESS=1 FEATURELEVEL=3
[2018.07.06-12.13.12:161][  0]LightingResults: New page: Lighting Build
[2018.07.06-12.13.12:173][  0]MapCheck: New page: Map Check
[2018.07.06-12.13.12:173][  0]LightingResults: New page: Lighting Build
[2018.07.06-12.13.15:816][  0]LogUObjectGlobals: Destroyed PersistentFrame Addr=0x000001ecc46a1780, Size=64
[2018.07.06-12.13.15:950][  0]LogUObjectGlobals: Created PersistentFrame Addr=0x000001ecc4a240c0, Size=64, Default__ThirdPerson_AnimBP_C Function /Game/Mannequin/Animations/ThirdPerson_AnimBP.ThirdPerson_AnimBP_C:ExecuteUbergraph_ThirdPerson_AnimBP
[2018.07.06-12.13.15:962][  0]LogUObjectGlobals: Destroyed PersistentFrame Addr=0x000001ecc4a240c0, Size=64
[2018.07.06-12.13.15:962][  0]LogUObjectGlobals: Created PersistentFrame Addr=0x000001ecc775f580, Size=64, Default__ThirdPerson_AnimBP_C Function /Engine/Transient.REINST_ThirdPerson_AnimBP_C_1:ExecuteUbergraph_ThirdPerson_AnimBP
[2018.07.06-12.13.15:970][  0]LogUObjectGlobals: Created PersistentFrame Addr=0x000001eccb5bea70, Size=72, Default__ThirdPerson_AnimBP_C Function /Game/Mannequin/Animations/ThirdPerson_AnimBP.ThirdPerson_AnimBP_C:ExecuteUbergraph_ThirdPerson_AnimBP
[2018.07.06-12.13.16:349][  0]LogLinker: Warning: Can't find file '/Game/ThirdPersonCPP/Maps/ThirdPersonExampleMap_BuiltData'
[2018.07.06-12.13.16:349][  0]LogLinker: Warning: Can't find file for asset '/Game/ThirdPersonCPP/Maps/ThirdPersonExampleMap_BuiltData' while loading ../../../../Project/UnrealProject/FightMadang/Content/ThirdPersonCPP/Maps/ThirdPersonExampleMap.umap.
[2018.07.06-12.13.16:350][  0]LoadErrors: Error: /Game/ThirdPersonCPP/Maps/ThirdPersonExampleMap : Can't find file for asset. /Game/ThirdPersonCPP/Maps/ThirdPersonExampleMap_BuiltData
[2018.07.06-12.13.16:438][  0]LogLinker: Warning: Can't find file '/Game/ThirdPersonCPP/Maps/ThirdPersonExampleMap_BuiltData'
[2018.07.06-12.13.16:438][  0]LogLinker: Warning: Can't find file for asset '/Game/ThirdPersonCPP/Maps/ThirdPersonExampleMap_BuiltData' while loading ../../../../Project/UnrealProject/FightMadang/Content/ThirdPersonCPP/Maps/ThirdPersonExampleMap.umap.
[2018.07.06-12.13.16:438][  0]LoadErrors: Error: /Game/ThirdPersonCPP/Maps/ThirdPersonExampleMap : Can't find file for asset. /Game/ThirdPersonCPP/Maps/ThirdPersonExampleMap_BuiltData
[2018.07.06-12.13.16:442][  0]LogLinker: Warning: Can't find file '/Game/ThirdPersonCPP/Maps/ThirdPersonExampleMap_BuiltData'
[2018.07.06-12.13.16:442][  0]LogLinker: Warning: Can't find file for asset '/Game/ThirdPersonCPP/Maps/ThirdPersonExampleMap_BuiltData' while loading NULL.
[2018.07.06-12.13.16:442][  0]LogLinker: Warning: Can't find file '/Game/ThirdPersonCPP/Maps/ThirdPersonExampleMap_BuiltData'
[2018.07.06-12.13.16:442][  0]LogLinker: Warning: Can't find file for asset '/Game/ThirdPersonCPP/Maps/ThirdPersonExampleMap_BuiltData' while loading NULL.
[2018.07.06-12.13.16:449][  0]LogLinker: Warning: Can't find file '/Game/ThirdPersonCPP/Maps/ThirdPersonExampleMap_BuiltData'
[2018.07.06-12.13.16:450][  0]LoadErrors: Failed to load /Game/ThirdPersonCPP/Maps/ThirdPersonExampleMap_BuiltData.ThirdPersonExampleMap_BuiltData Referenced by PersistentLevel
[2018.07.06-12.13.16:450][  0]LogLinker: Warning: Can't find file for asset '/Game/ThirdPersonCPP/Maps/ThirdPersonExampleMap_BuiltData' while loading NULL.
[2018.07.06-12.13.16:450][  0]LoadErrors: Failed to load /Game/ThirdPersonCPP/Maps/ThirdPersonExampleMap_BuiltData.ThirdPersonExampleMap_BuiltData Referenced by PersistentLevel
[2018.07.06-12.13.16:723][  0]LogSkeletalMesh: Skeletal Mesh found in DDC [17.392567ms] /Game/Mannequin/Character/Mesh/SK_Mannequin.SK_Mannequin
[2018.07.06-12.13.16:739][  0]LogAIModule: Creating AISystem for world ThirdPersonExampleMap
[2018.07.06-12.13.16:786][  0]LogEditorServer: Finished looking for orphan Actors (0.000 secs)
[2018.07.06-12.13.17:598][  0]LogUObjectGlobals: Destroyed PersistentFrame Addr=0x000001ecc775f580, Size=64
[2018.07.06-12.13.17:601][  0]Cmd: MAP CHECKDEP NOCLEARLOG
[2018.07.06-12.13.17:677][  0]MapCheck: Map check complete: 0 Error(s), 0 Warning(s), took 75.492ms to complete.
[2018.07.06-12.13.17:677][  0]LogFileHelpers: Loading map 'ThirdPersonExampleMap' took 5.554
[2018.07.06-12.13.18:021][  0]LogCollectionManager: Loaded 0 collections in 0.001107 seconds
[2018.07.06-12.13.18:159][  0]LogFileCache: Scanning file cache for directory 'D:/Project/UnrealProject/FightMadang/Saved/Collections/' took 0.02s
[2018.07.06-12.13.18:159][  0]LogFileCache: Scanning file cache for directory 'D:/Project/UnrealProject/FightMadang/Content/Developers/LeeOneHyo/Collections/' took 0.04s
[2018.07.06-12.13.18:159][  0]LogFileCache: Scanning file cache for directory 'D:/Project/UnrealProject/FightMadang/Content/Collections/' took 0.02s
[2018.07.06-12.13.18:159][  0]LogCollectionManager: Rebuilt the GUID cache for 0 collections in 0.000001 seconds
[2018.07.06-12.13.18:172][  0]LogContentBrowser: Native class hierarchy populated in 0.0112 seconds. Added 2457 classes and 560 folders.
[2018.07.06-12.13.18:186][  0]LogContentBrowser: Native class hierarchy updated for 'WidgetCarousel' in 0.0006 seconds. Added 0 classes and 0 folders.
[2018.07.06-12.13.18:808][  0]LogContentBrowser: Native class hierarchy updated for 'AddContentDialog' in 0.0006 seconds. Added 0 classes and 0 folders.
[2018.07.06-12.13.18:831][  0]LogContentBrowser: Native class hierarchy updated for 'SceneOutliner' in 0.0006 seconds. Added 1 classes and 2 folders.
[2018.07.06-12.13.18:941][  0]LogSlate: Took 0.030787 seconds to synchronously load lazily loaded font '../../../Engine/Content/Slate/Fonts/Roboto-Regular.ttf' (155K)
[2018.07.06-12.13.18:951][  0]LogSlate: Took 0.007901 seconds to synchronously load lazily loaded font '../../../Engine/Content/Slate/Fonts/Roboto-Bold.ttf' (160K)
[2018.07.06-12.13.18:968][  0]LogSlate: Took 0.010468 seconds to synchronously load lazily loaded font '../../../Engine/Content/Editor/Slate/Fonts/FontAwesome.ttf' (139K)
[2018.07.06-12.13.19:142][  0]LogRenderer: Reallocating scene render targets to support 1208x576 Format 10 NumSamples 1 (Frame:1).
[2018.07.06-12.13.19:471][  0]LogContentBrowser: Native class hierarchy updated for 'HierarchicalLODOutliner' in 0.0006 seconds. Added 0 classes and 0 folders.
[2018.07.06-12.13.19:471][  0]LogLoad: (Engine Initialization) Total time: 54.85 seconds
[2018.07.06-12.13.19:471][  0]LogLoad: (Engine Initialization) Total Blueprint compile time: 0.00 seconds
[2018.07.06-12.13.20:329][  0]LogContentStreaming: Texture pool size now 1000 MB
[2018.07.06-12.13.20:352][  0]LogSlate: FSceneViewport::OnFocusLost() reason 2
[2018.07.06-12.13.21:383][  0]LogSlate: Took 0.011428 seconds to synchronously load lazily loaded font '../../../Engine/Content/Slate/Fonts/Roboto-Light.ttf' (167K)
[2018.07.06-12.13.27:265][  8]LogPackageName: Warning: String asset reference "JW_FlameDungeon.FX.SM_FX_Embers" is in short form, which is unsupported and -- even if valid -- resolving it will be really slow.
[2018.07.06-12.13.27:265][  8]LogPackageName: Warning: Please consider resaving package in order to speed-up loading.
[2018.07.06-12.13.27:451][  8]LogPackageName: SearchForPackageOnDisk took   0.186s, but failed to resolve JW_FlameDungeon.
[2018.07.06-12.13.27:451][  8]LogPackageName: Warning: String asset reference "JW_FlameDungeon.FX.SM_FX_Embers" could not be resolved.
[2018.07.06-12.13.27:471][  8]LogPackageName: Warning: String asset reference "JW_FlameDungeon.FX.SM_FogPlane02" is in short form, which is unsupported and -- even if valid -- resolving it will be really slow.
[2018.07.06-12.13.27:471][  8]LogPackageName: Warning: Please consider resaving package in order to speed-up loading.
[2018.07.06-12.13.27:601][  8]LogPackageName: SearchForPackageOnDisk took   0.122s, but failed to resolve JW_FlameDungeon.
[2018.07.06-12.13.27:601][  8]LogPackageName: Warning: String asset reference "JW_FlameDungeon.FX.SM_FogPlane02" could not be resolved.
[2018.07.06-12.13.31:568][  8]LogPackageName: Warning: String asset reference "StaticMesh'FX_Meshes_IB.SM_Debris_Box_RadialFull'" is in short form, which is unsupported and -- even if valid -- resolving it will be really slow.
[2018.07.06-12.13.31:568][  8]LogPackageName: Warning: Please consider resaving package in order to speed-up loading.
[2018.07.06-12.13.31:677][  8]LogPackageName: SearchForPackageOnDisk took   0.109s, but failed to resolve StaticMesh'FX_Meshes_IB.
[2018.07.06-12.13.31:677][  8]LogPackageName: Warning: String asset reference "StaticMesh'FX_Meshes_IB.SM_Debris_Box_RadialFull'" could not be resolved.
[2018.07.06-12.13.32:123][  8]LogPackageName: Warning: String asset reference "JW_Ice_Mountain.Mesh.SM_SnowBoulder" is in short form, which is unsupported and -- even if valid -- resolving it will be really slow.
[2018.07.06-12.13.32:123][  8]LogPackageName: Warning: Please consider resaving package in order to speed-up loading.
[2018.07.06-12.13.32:230][  8]LogPackageName: SearchForPackageOnDisk took   0.108s, but failed to resolve JW_Ice_Mountain.
[2018.07.06-12.13.32:230][  8]LogPackageName: Warning: String asset reference "JW_Ice_Mountain.Mesh.SM_SnowBoulder" could not be resolved.
[2018.07.06-12.13.32:629][  8]LogPackageName: Warning: String asset reference "FX_Meshes.UI.SM_SelectionMesh_01" is in short form, which is unsupported and -- even if valid -- resolving it will be really slow.
[2018.07.06-12.13.32:629][  8]LogPackageName: Warning: Please consider resaving package in order to speed-up loading.
[2018.07.06-12.13.32:774][  8]LogPackageName: SearchForPackageOnDisk took   0.111s, but failed to resolve FX_Meshes.
[2018.07.06-12.13.32:774][  8]LogPackageName: Warning: String asset reference "FX_Meshes.UI.SM_SelectionMesh_01" could not be resolved.
[2018.07.06-12.13.32:783][  8]LogPackageName: Warning: String asset reference "FX_Meshes.UI.SM_SelectionMesh_01" is in short form, which is unsupported and -- even if valid -- resolving it will be really slow.
[2018.07.06-12.13.32:783][  8]LogPackageName: Warning: Please consider resaving package in order to speed-up loading.
[2018.07.06-12.13.32:888][  8]LogPackageName: SearchForPackageOnDisk took   0.106s, but failed to resolve FX_Meshes.
[2018.07.06-12.13.32:888][  8]LogPackageName: Warning: String asset reference "FX_Meshes.UI.SM_SelectionMesh_01" could not be resolved.
[2018.07.06-12.13.33:089][  8]LogPackageName: Warning: String asset reference "'FX_Ambient.Meshes.SM_Bats'" is in short form, which is unsupported and -- even if valid -- resolving it will be really slow.
[2018.07.06-12.13.33:089][  8]LogPackageName: Warning: Please consider resaving package in order to speed-up loading.
[2018.07.06-12.13.33:199][  8]LogPackageName: SearchForPackageOnDisk took   0.109s, but failed to resolve 'FX_Ambient.
[2018.07.06-12.13.33:199][  8]LogPackageName: Warning: String asset reference "'FX_Ambient.Meshes.SM_Bats'" could not be resolved.
[2018.07.06-12.13.33:269][  8]LogPackageName: Warning: String asset reference "CastleEffects.TouchToMoveArrow" is in short form, which is unsupported and -- even if valid -- resolving it will be really slow.
[2018.07.06-12.13.33:269][  8]LogPackageName: Warning: Please consider resaving package in order to speed-up loading.
[2018.07.06-12.13.33:386][  8]LogPackageName: SearchForPackageOnDisk took   0.115s, but failed to resolve CastleEffects.
[2018.07.06-12.13.33:386][  8]LogPackageName: Warning: String asset reference "CastleEffects.TouchToMoveArrow" could not be resolved.
[2018.07.06-12.13.34:263][  8]LogPackageName: Warning: String asset reference "StaticMesh'FX_Meshes.Fire.SM_Dungeon_Pipes_Lava01_Cool'" is in short form, which is unsupported and -- even if valid -- resolving it will be really slow.
[2018.07.06-12.13.34:263][  8]LogPackageName: Warning: Please consider resaving package in order to speed-up loading.
[2018.07.06-12.13.34:376][  8]LogPackageName: SearchForPackageOnDisk took   0.113s, but failed to resolve StaticMesh'FX_Meshes.
[2018.07.06-12.13.34:376][  8]LogPackageName: Warning: String asset reference "StaticMesh'FX_Meshes.Fire.SM_Dungeon_Pipes_Lava01_Cool'" could not be resolved.
[2018.07.06-12.13.34:398][  8]LogPackageName: Warning: String asset reference "m_FogSheet_02" is in short form, which is unsupported and -- even if valid -- resolving it will be really slow.
[2018.07.06-12.13.34:398][  8]LogPackageName: Warning: Please consider resaving package in order to speed-up loading.
[2018.07.06-12.13.34:511][  8]LogPackageName: SearchForPackageOnDisk took   0.113s to resolve m_FogSheet_02.
[2018.07.06-12.13.34:897][  8]LogPackageName: Warning: String asset reference "FX_Test_LAN.Meshes.SM_IceWall01" is in short form, which is unsupported and -- even if valid -- resolving it will be really slow.
[2018.07.06-12.13.34:897][  8]LogPackageName: Warning: Please consider resaving package in order to speed-up loading.
[2018.07.06-12.13.35:007][  8]LogPackageName: SearchForPackageOnDisk took   0.110s, but failed to resolve FX_Test_LAN.
[2018.07.06-12.13.35:007][  8]LogPackageName: Warning: String asset reference "FX_Test_LAN.Meshes.SM_IceWall01" could not be resolved.
[2018.07.06-12.13.36:332][  8]LogPackageName: Warning: String asset reference "m_FogSheet_02" is in short form, which is unsupported and -- even if valid -- resolving it will be really slow.
[2018.07.06-12.13.36:332][  8]LogPackageName: Warning: Please consider resaving package in order to speed-up loading.
[2018.07.06-12.13.36:437][  8]LogPackageName: SearchForPackageOnDisk took   0.106s to resolve m_FogSheet_02.
[2018.07.06-12.13.36:472][  8]LogPackageName: Warning: String asset reference "m_FogSheet_02" is in short form, which is unsupported and -- even if valid -- resolving it will be really slow.
[2018.07.06-12.13.36:472][  8]LogPackageName: Warning: Please consider resaving package in order to speed-up loading.
[2018.07.06-12.13.36:584][  8]LogPackageName: SearchForPackageOnDisk took   0.112s to resolve m_FogSheet_02.
[2018.07.06-12.13.36:619][  8]LogPackageName: Warning: String asset reference "m_FogSheet_02" is in short form, which is unsupported and -- even if valid -- resolving it will be really slow.
[2018.07.06-12.13.36:619][  8]LogPackageName: Warning: Please consider resaving package in order to speed-up loading.
[2018.07.06-12.13.36:710][  8]LogPackageName: SearchForPackageOnDisk took   0.105s to resolve m_FogSheet_02.
[2018.07.06-12.13.57:867][  9]LogShaderCompilers: Display: Shaders left to compile 411
[2018.07.06-12.13.57:868][  9]LogPackageName: Warning: String asset reference "JW_Ice_Mountain.Mesh.SM_SnowBoulder" is in short form, which is unsupported and -- even if valid -- resolving it will be really slow.
[2018.07.06-12.13.57:868][  9]LogPackageName: Warning: Please consider resaving package in order to speed-up loading.
[2018.07.06-12.13.57:868][  9]LogPackageName: SearchForPackageOnDisk took   0.107s, but failed to resolve JW_Ice_Mountain.
[2018.07.06-12.13.57:868][  9]LogPackageName: Warning: String asset reference "JW_Ice_Mountain.Mesh.SM_SnowBoulder" could not be resolved.
[2018.07.06-12.13.57:868][  9]LogPackageName: Warning: String asset reference "S_Survival_CA_Chicken_02.SM.S_Survival_CA_Chicken_02" is in short form, which is unsupported and -- even if valid -- resolving it will be really slow.
[2018.07.06-12.13.57:868][  9]LogPackageName: Warning: Please consider resaving package in order to speed-up loading.
[2018.07.06-12.13.57:868][  9]LogPackageName: SearchForPackageOnDisk took   0.107s to resolve S_Survival_CA_Chicken_02.
[2018.07.06-12.13.57:868][  9]LogShaderCompilers: Display: Shaders left to compile 401
[2018.07.06-12.13.57:868][  9]LogPackageName: Warning: String asset reference "JW_Ice_Mountain.Mesh.SM_SnowBoulder" is in short form, which is unsupported and -- even if valid -- resolving it will be really slow.
[2018.07.06-12.13.57:868][  9]LogPackageName: Warning: Please consider resaving package in order to speed-up loading.
[2018.07.06-12.13.57:868][  9]LogPackageName: SearchForPackageOnDisk took   0.162s, but failed to resolve JW_Ice_Mountain.
[2018.07.06-12.13.57:868][  9]LogPackageName: Warning: String asset reference "JW_Ice_Mountain.Mesh.SM_SnowBoulder" could not be resolved.
[2018.07.06-12.13.57:868][  9]LogPackageName: Warning: String asset reference "Env_ALL_Artifacts.Mesh.Env_ALL_Terminus001" is in short form, which is unsupported and -- even if valid -- resolving it will be really slow.
[2018.07.06-12.13.57:868][  9]LogPackageName: Warning: Please consider resaving package in order to speed-up loading.
[2018.07.06-12.13.57:868][  9]LogPackageName: SearchForPackageOnDisk took   0.158s, but failed to resolve Env_ALL_Artifacts.
[2018.07.06-12.13.57:868][  9]LogPackageName: Warning: String asset reference "Env_ALL_Artifacts.Mesh.Env_ALL_Terminus001" could not be resolved.
[2018.07.06-12.13.57:868][  9]LogShaderCompilers: Display: Shaders left to compile 391
[2018.07.06-12.14.01:779][ 19]LogShaderCompilers: Display: Shaders left to compile 381
[2018.07.06-12.14.02:436][ 21]LogShaderCompilers: Display: Shaders left to compile 371
[2018.07.06-12.14.05:391][ 29]LogShaderCompilers: Display: Shaders left to compile 361
[2018.07.06-12.14.06:556][ 32]LogShaderCompilers: Display: Shaders left to compile 351
[2018.07.06-12.14.10:853][ 41]LogShaderCompilers: Display: Shaders left to compile 341
[2018.07.06-12.14.13:098][ 42]LogShaderCompilers: Display: Shaders left to compile 331
[2018.07.06-12.14.22:488][ 43]LogShaderCompilers: Display: Shaders left to compile 321
[2018.07.06-12.14.22:488][ 43]LogShaderCompilers: Display: Shaders left to compile 311
[2018.07.06-12.14.22:542][ 44]LogShaderCompilers: Display: Shaders left to compile 301
[2018.07.06-12.14.24:398][ 45]LogShaderCompilers: Display: Shaders left to compile 291
[2018.07.06-12.14.31:716][ 46]LogShaderCompilers: Display: Shaders left to compile 281
[2018.07.06-12.14.31:716][ 46]LogAssetRegistry: Asset discovery search completed in 107.8277 seconds
[2018.07.06-12.14.31:724][ 46]LogCollectionManager: Rebuilt the object cache for 0 collections in 0.000000 seconds (found 0 objects)
[2018.07.06-12.14.31:724][ 46]LogCollectionManager: Fixed up redirectors for 0 collections in 0.000530 seconds (updated 0 objects)
[2018.07.06-12.14.38:255][ 47]LogShaderCompilers: Display: Shaders left to compile 271
[2018.07.06-12.14.38:255][ 47]LogShaderCompilers: Display: Shaders left to compile 261
[2018.07.06-12.14.39:097][ 48]LogShaderCompilers: Display: Shaders left to compile 251
[2018.07.06-12.14.39:097][ 48]LogShaderCompilers: Display: Shaders left to compile 241
[2018.07.06-12.14.43:988][ 50]LogShaderCompilers: Display: Shaders left to compile 231
[2018.07.06-12.14.43:988][ 50]LogShaderCompilers: Display: Shaders left to compile 221
[2018.07.06-12.14.46:586][ 52]LogShaderCompilers: Display: Shaders left to compile 211
[2018.07.06-12.14.46:602][ 53]LogShaderCompilers: Display: Shaders left to compile 201
[2018.07.06-12.14.49:405][ 55]LogShaderCompilers: Display: Shaders left to compile 191
[2018.07.06-12.14.49:430][ 56]LogShaderCompilers: Display: Shaders left to compile 181
[2018.07.06-12.14.54:762][ 57]LogShaderCompilers: Display: Shaders left to compile 171
[2018.07.06-12.14.54:762][ 57]LogShaderCompilers: Display: Shaders left to compile 161
[2018.07.06-12.15.02:097][ 58]LogShaderCompilers: Display: Shaders left to compile 151
[2018.07.06-12.15.05:692][ 59]LogShaderCompilers: Display: Shaders left to compile 141
[2018.07.06-12.15.05:692][ 59]LogShaderCompilers: Display: Shaders left to compile 131
[2018.07.06-12.15.05:692][ 59]LogShaderCompilers: Display: Shaders left to compile 121
[2018.07.06-12.15.08:618][ 60]LogShaderCompilers: Display: Shaders left to compile 111
[2018.07.06-12.15.11:168][ 62]LogShaderCompilers: Display: Shaders left to compile 101
[2018.07.06-12.15.13:194][ 63]LogShaderCompilers: Display: Shaders left to compile 91
[2018.07.06-12.15.14:216][ 64]LogShaderCompilers: Display: Shaders left to compile 81
[2018.07.06-12.15.14:787][ 65]LogShaderCompilers: Display: Shaders left to compile 71
[2018.07.06-12.15.18:582][ 67]LogShaderCompilers: Display: Shaders left to compile 61
[2018.07.06-12.15.18:583][ 67]LogShaderCompilers: Display: Shaders left to compile 51
[2018.07.06-12.15.20:804][ 69]LogShaderCompilers: Display: Shaders left to compile 41
[2018.07.06-12.15.20:804][ 69]LogShaderCompilers: Display: Shaders left to compile 31
[2018.07.06-12.15.26:271][ 70]LogShaderCompilers: Display: Shaders left to compile 21
[2018.07.06-12.15.26:271][ 70]LogShaderCompilers: Display: Shaders left to compile 11
[2018.07.06-12.15.26:271][ 70]LogShaderCompilers: Display: Shaders left to compile 1
[2018.07.06-12.15.57:305][163]LogSlate: Took 0.007806 seconds to synchronously load lazily loaded font '../../../Engine/Content/Slate/Fonts/Roboto-Light.ttf' (167K)
[2018.07.06-12.16.04:002][841]LogSynthBenchmark: Display: FSynthBenchmark (V0.95):  requested WorkScale=1.00
[2018.07.06-12.16.04:002][841]LogSynthBenchmark: Display: ===============
[2018.07.06-12.16.04:002][841]LogSynthBenchmark: Display: Main Processor:
[2018.07.06-12.16.04:039][841]LogSynthBenchmark: Display:          ... 0.018669 s/Run 'RayIntersect'
[2018.07.06-12.16.04:039][841]LogSynthBenchmark: Display:          ... 0.018181 s/Run 'Fractal'
[2018.07.06-12.16.04:039][841]LogSynthBenchmark: Display: 
[2018.07.06-12.16.04:039][841]LogSynthBenchmark: Display:   CompiledTarget_x_Bits: 64
[2018.07.06-12.16.04:039][841]LogSynthBenchmark: Display:   UE_BUILD_SHIPPING: 0
[2018.07.06-12.16.04:039][841]LogSynthBenchmark: Display:   UE_BUILD_TEST: 0
[2018.07.06-12.16.04:039][841]LogSynthBenchmark: Display:   UE_BUILD_DEBUG: 0
[2018.07.06-12.16.04:039][841]LogSynthBenchmark: Display:   TotalPhysicalGBRam: 8
[2018.07.06-12.16.04:039][841]LogSynthBenchmark: Display:   NumberOfCores (physical): 4
[2018.07.06-12.16.04:039][841]LogSynthBenchmark: Display:   NumberOfCores (logical): 4
[2018.07.06-12.16.04:039][841]LogSynthBenchmark: Display:   CPU Perf Index 0: 137.2 (weight 1.00)
[2018.07.06-12.16.04:039][841]LogSynthBenchmark: Display:   CPU Perf Index 1: 157.3 (weight 1.50)
[2018.07.06-12.16.04:039][841]LogSynthBenchmark: Display:  
[2018.07.06-12.16.04:039][841]LogSynthBenchmark: Display: Graphics:
[2018.07.06-12.16.04:039][841]LogSynthBenchmark: Display:   Adapter Name: 'NVIDIA GeForce GTX 970'
[2018.07.06-12.16.04:039][841]LogSynthBenchmark: Display:   (On Optimus the name might be wrong, memory should be ok)
[2018.07.06-12.16.04:039][841]LogSynthBenchmark: Display:   Vendor Id: 0x10DE
[2018.07.06-12.16.04:039][841]LogSynthBenchmark: Display:   Device Id: 0x13C2
[2018.07.06-12.16.04:039][841]LogSynthBenchmark: Display:   Device Revision: 0xA1
[2018.07.06-12.16.04:039][841]LogSynthBenchmark: Display:   GPU Memory: 4044/0/4056 MB
[2018.07.06-12.16.04:106][841]LogSynthBenchmark: Display:   GPU first test: 0.01s
[2018.07.06-12.16.04:106][841]LogSynthBenchmark: Display:          ... 4.594 s/GigaPix, Confidence=60% 'ALUHeavyNoise' (likely to be very inaccurate)
[2018.07.06-12.16.04:106][841]LogSynthBenchmark: Display:          ... 2.388 s/GigaPix, Confidence=19% 'TexHeavy' (likely to be very inaccurate)
[2018.07.06-12.16.04:106][841]LogSynthBenchmark: Display:          ... 0.628 s/GigaPix, Confidence=51% 'DepTexHeavy' (likely to be very inaccurate)
[2018.07.06-12.16.04:106][841]LogSynthBenchmark: Display:          ... 2.072 s/GigaPix, Confidence=40% 'FillOnly' (likely to be very inaccurate)
[2018.07.06-12.16.04:106][841]LogSynthBenchmark: Display:          ... 0.205 s/GigaPix, Confidence=51% 'Bandwidth' (likely to be very inaccurate)
[2018.07.06-12.16.04:106][841]LogSynthBenchmark: Display:          ... 31.592 s/GigaVert, Confidence=89% 'VertThroughPut1' (likely to be very inaccurate)
[2018.07.06-12.16.04:106][841]LogSynthBenchmark: Display:          ... 31.034 s/GigaVert, Confidence=81% 'VertThroughPut2' (likely to be very inaccurate)
[2018.07.06-12.16.04:219][841]LogSynthBenchmark: Display:   GPU second test: 0.07s
[2018.07.06-12.16.04:219][841]LogSynthBenchmark: Display:          ... 4.055 s/GigaPix, Confidence=89% 'ALUHeavyNoise' (likely to be inaccurate)
[2018.07.06-12.16.04:219][841]LogSynthBenchmark: Display:          ... 1.379 s/GigaPix, Confidence=81% 'TexHeavy' (likely to be inaccurate)
[2018.07.06-12.16.04:219][841]LogSynthBenchmark: Display:          ... 1.680 s/GigaPix, Confidence=81% 'DepTexHeavy' (likely to be inaccurate)
[2018.07.06-12.16.04:219][841]LogSynthBenchmark: Display:          ... 5.215 s/GigaPix, Confidence=81% 'FillOnly' (likely to be inaccurate)
[2018.07.06-12.16.04:220][841]LogSynthBenchmark: Display:          ... 0.339 s/GigaPix, Confidence=89% 'Bandwidth' (likely to be inaccurate)
[2018.07.06-12.16.04:220][841]LogSynthBenchmark: Display:          ... 0.720 s/GigaVert, Confidence=81% 'VertThroughPut1' (likely to be inaccurate)
[2018.07.06-12.16.04:220][841]LogSynthBenchmark: Display:          ... 5.222 s/GigaVert, Confidence=100% 'VertThroughPut2' (likely to be inaccurate)
[2018.07.06-12.16.04:952][841]LogSynthBenchmark: Display:   GPU third test: 0.70s
[2018.07.06-12.16.04:952][841]LogSynthBenchmark: Display:          ... 6.199 s/GigaPix, Confidence=100% 'ALUHeavyNoise'
[2018.07.06-12.16.04:952][841]LogSynthBenchmark: Display:          ... 1.607 s/GigaPix, Confidence=100% 'TexHeavy'
[2018.07.06-12.16.04:952][841]LogSynthBenchmark: Display:          ... 2.848 s/GigaPix, Confidence=100% 'DepTexHeavy'
[2018.07.06-12.16.04:952][841]LogSynthBenchmark: Display:          ... 6.994 s/GigaPix, Confidence=100% 'FillOnly'
[2018.07.06-12.16.04:952][841]LogSynthBenchmark: Display:          ... 0.501 s/GigaPix, Confidence=100% 'Bandwidth'
[2018.07.06-12.16.04:952][841]LogSynthBenchmark: Display:          ... 0.477 s/GigaVert, Confidence=100% 'VertThroughPut1'
[2018.07.06-12.16.04:952][841]LogSynthBenchmark: Display:          ... 4.911 s/GigaVert, Confidence=100% 'VertThroughPut2'
[2018.07.06-12.16.04:952][841]LogSynthBenchmark: Display:   GPU Final Results:
[2018.07.06-12.16.04:952][841]LogSynthBenchmark: Display:          ... 6.199 s/GigaPix, Confidence=100% 'ALUHeavyNoise'
[2018.07.06-12.16.04:952][841]LogSynthBenchmark: Display:          ... 1.607 s/GigaPix, Confidence=100% 'TexHeavy'
[2018.07.06-12.16.04:952][841]LogSynthBenchmark: Display:          ... 2.848 s/GigaPix, Confidence=100% 'DepTexHeavy'
[2018.07.06-12.16.04:952][841]LogSynthBenchmark: Display:          ... 6.994 s/GigaPix, Confidence=100% 'FillOnly'
[2018.07.06-12.16.04:952][841]LogSynthBenchmark: Display:          ... 0.501 s/GigaPix, Confidence=100% 'Bandwidth'
[2018.07.06-12.16.04:952][841]LogSynthBenchmark: Display:          ... 0.477 s/GigaVert, Confidence=100% 'VertThroughPut1'
[2018.07.06-12.16.04:952][841]LogSynthBenchmark: Display:          ... 4.911 s/GigaVert, Confidence=100% 'VertThroughPut2'
[2018.07.06-12.16.04:952][841]LogSynthBenchmark: Display: 
[2018.07.06-12.16.04:952][841]LogSynthBenchmark: Display:   GPU Perf Index 0: 134.7 (weight 1.00)
[2018.07.06-12.16.04:952][841]LogSynthBenchmark: Display:   GPU Perf Index 1: 21.6 (weight 0.10)
[2018.07.06-12.16.04:952][841]LogSynthBenchmark: Display:   GPU Perf Index 2: 74.0 (weight 0.10)
[2018.07.06-12.16.04:952][841]LogSynthBenchmark: Display:   GPU Perf Index 3: 27.5 (weight 3.00)
[2018.07.06-12.16.04:952][841]LogSynthBenchmark: Display:   GPU Perf Index 4: 46.7 (weight 1.00)
[2018.07.06-12.16.04:952][841]LogSynthBenchmark: Display:   GPU Perf Index 5: 31.0 (weight 0.00)
[2018.07.06-12.16.04:952][841]LogSynthBenchmark: Display:   GPU Perf Index 6: 278.0 (weight 0.00)
[2018.07.06-12.16.04:952][841]LogSynthBenchmark: Display:   CPUIndex: 149.3
[2018.07.06-12.16.04:952][841]LogSynthBenchmark: Display:   GPUIndex: 52.6
[2018.07.06-12.16.04:952][841]LogSynthBenchmark: Display: 
[2018.07.06-12.16.04:952][841]LogSynthBenchmark: Display:          ... Total Time: 0.950359 sec
[2018.07.06-12.16.04:972][842]LogRenderer: Reallocating scene render targets to support 1208x576 Format 9 NumSamples 1 (Frame:611).
[2018.07.06-12.16.05:105][847]LogContentStreaming: Texture pool size now 800 MB
[2018.07.06-12.16.09:177][260]LogSlate: Window 'Message Log' being destroyed
[2018.07.06-12.16.09:180][260]LogSlate: Window 'Message Log' being destroyed
[2018.07.06-12.16.13:757][747]LogSlate: FSceneViewport::OnFocusLost() reason 0
[2018.07.06-12.16.17:835][204]LogTexture: Display: Building textures: T_UE4_Mannequin_Mobile_O (AutoDXT, 512X512)
[2018.07.06-12.16.17:835][204]LogTexture: Display: Building textures: T_ML_Rubber_Blue_01_N (BC5, 512X512)
[2018.07.06-12.16.17:835][204]LogTexture: Display: Building textures: T_ML_Rubber_Blue_01_D (AutoDXT, 512X512)
[2018.07.06-12.16.18:303][204]LogTexture: Display: Building textures: T_UE4_Mannequin_Mobile_M (AutoDXT, 1024X1024)
[2018.07.06-12.16.18:303][204]LogTexture: Display: Building textures: T_ML_Aluminum01_N (BC5, 512X512)
[2018.07.06-12.16.18:303][204]LogTexture: Display: Building textures: T_UE4_Mannequin_Mobile_N (BC5, 1024X1024)
[2018.07.06-12.16.18:303][204]LogTexture: Display: Building textures: T_ML_Aluminum01 (AutoDXT, 512X512)
[2018.07.06-12.16.18:303][204]LogMaterial: Missing cached shader map for material M_UE4Man_Body, compiling. 
[2018.07.06-12.16.18:364][204]LogShaderCompilers: Display: Shaders left to compile 128
[2018.07.06-12.16.18:364][204]LogShaderCompilers: Display: Shaders left to compile 118
[2018.07.06-12.16.18:364][204]LogShaderCompilers: Display: Shaders left to compile 108
[2018.07.06-12.16.18:364][204]LogMaterial: Missing cached shader map for material M_UE4Man_Body, compiling. 
[2018.07.06-12.16.18:419][204]LogSkeletalMesh: Building Skeletal Mesh SK_Mannequin_Mobile...
[2018.07.06-12.16.18:433][204]LogSkeletalMesh: Built Skeletal Mesh [0.01s] /Game/UE4_Mannequin_Mobile/Mesh/SK_Mannequin_Mobile.SK_Mannequin_Mobile
[2018.07.06-12.16.21:769][204]LogSlate: Window 'Delete Assets' being destroyed
[2018.07.06-12.16.24:365][204]LogShaderCompilers: Display: Shaders left to compile 226
[2018.07.06-12.16.24:365][204]LogShaderCompilers: Display: Shaders left to compile 216
[2018.07.06-12.16.34:515][204]LogShaderCompilers: Display: Shaders left to compile 206
[2018.07.06-12.16.34:515][204]LogShaderCompilers: Display: Shaders left to compile 196
[2018.07.06-12.16.34:515][204]LogShaderCompilers: Display: Shaders left to compile 186
[2018.07.06-12.16.34:515][204]LogShaderCompilers: Display: Shaders left to compile 176
[2018.07.06-12.16.34:515][204]LogShaderCompilers: Display: Shaders left to compile 166
[2018.07.06-12.16.35:167][204]LogShaderCompilers: Display: Shaders left to compile 156
[2018.07.06-12.16.35:752][204]LogShaderCompilers: Display: Shaders left to compile 146
[2018.07.06-12.16.35:752][204]LogShaderCompilers: Display: Shaders left to compile 136
[2018.07.06-12.16.37:199][204]LogShaderCompilers: Display: Shaders left to compile 126
[2018.07.06-12.16.39:710][204]LogShaderCompilers: Display: Shaders left to compile 116
[2018.07.06-12.16.39:730][204]LogShaderCompilers: Display: Shaders left to compile 106
[2018.07.06-12.16.39:969][204]LogShaderCompilers: Display: Shaders left to compile 96
[2018.07.06-12.16.42:557][204]LogShaderCompilers: Display: Shaders left to compile 86
[2018.07.06-12.16.44:373][204]LogShaderCompilers: Display: Shaders left to compile 76
[2018.07.06-12.16.45:318][208]LogShaderCompilers: Display: Shaders left to compile 66
[2018.07.06-12.16.46:616][212]LogShaderCompilers: Display: Shaders left to compile 56
[2018.07.06-12.16.47:587][214]LogShaderCompilers: Display: Shaders left to compile 46
[2018.07.06-12.16.51:297][476]LogShaderCompilers: Display: Shaders left to compile 36
[2018.07.06-12.16.55:783][856]LogShaderCompilers: Display: Shaders left to compile 26
[2018.07.06-12.16.57:370][  3]LogShaderCompilers: Display: Shaders left to compile 16
[2018.07.06-12.16.57:598][ 26]LogShaderCompilers: Display: Shaders left to compile 6
[2018.07.06-12.17.07:459][869]LogVSAccessor: Warning: Couldn't goto line number '1' in 'D:/Project/UnrealProject/FightMadang/Source/FightMadang/Projectile.h'
