Log file open, 06/29/18 08:21:35
LogWindows: Failed to load 'aqProf.dll' (GetLastError=126)
LogWindows: File 'aqProf.dll' does not exist
LogWindows: Failed to load 'VtuneApi.dll' (GetLastError=126)
LogWindows: File 'VtuneApi.dll' does not exist
LogWindows: Failed to load 'VtuneApi32e.dll' (GetLastError=126)
LogWindows: File 'VtuneApi32e.dll' does not exist
LogInit: Display: Running engine for game: FightMadang
LogPlatformFile: Not using cached read wrapper
LogInit: Display: RandInit(2093019125) SRandInit(2093019125).
LogInit: Read version file with build ID '3944462'
LogInit: Overriding engine version to CL 4033788, compatible CL 3944462
LogInit: Registered custom module enumerator with build ID '3944462'
LogTaskGraph: Started task graph with 5 named threads and 23 total threads with 3 sets of task threads.
LogStats: Stats thread started at 0.659767
LogD3D11RHI: Aftermath initialized
LogICUInternationalization: Display: ICU TimeZone Detection - Raw Offset: +9:00, Platform Override: ''
LogPluginManager: Mounting plugin Paper2D
LogPluginManager: Mounting plugin LiveLink
LogPluginManager: Mounting plugin LightPropagationVolume
LogPluginManager: Mounting plugin CLionSourceCodeAccess
LogPluginManager: Mounting plugin CodeLiteSourceCodeAccess
LogPluginManager: Mounting plugin GitSourceControl
LogPluginManager: Mounting plugin KDevelopSourceCodeAccess
LogPluginManager: Mounting plugin NullSourceCodeAccess
LogPluginManager: Mounting plugin PerforceSourceControl
LogPluginManager: Mounting plugin SubversionSourceControl
LogPluginManager: Mounting plugin UObjectPlugin
LogPluginManager: Mounting plugin VisualStudioCodeSourceCodeAccess
LogPluginManager: Mounting plugin VisualStudioSourceCodeAccess
LogPluginManager: Mounting plugin XCodeSourceCodeAccess
LogPluginManager: Mounting plugin AssetManagerEditor
LogPluginManager: Mounting plugin CryptoKeys
LogPluginManager: Mounting plugin DataValidation
LogPluginManager: Mounting plugin FacialAnimation
LogPluginManager: Mounting plugin GameplayTagsEditor
LogPluginManager: Mounting plugin MobileLauncherProfileWizard
LogPluginManager: Mounting plugin PluginBrowser
LogPluginManager: Mounting plugin SpeedTreeImporter
LogPluginManager: Mounting plugin DatasmithContent
LogPluginManager: Mounting plugin AlembicImporter
LogPluginManager: Mounting plugin CharacterAI
LogPluginManager: Mounting plugin HTML5Networking
LogPluginManager: Mounting plugin AndroidMedia
LogPluginManager: Mounting plugin AvfMedia
LogPluginManager: Mounting plugin ImgMedia
LogPluginManager: Mounting plugin LinearTimecode
LogPluginManager: Mounting plugin MediaCompositing
LogPluginManager: Mounting plugin MediaPlayerEditor
LogPluginManager: Mounting plugin WmfMedia
LogPluginManager: Mounting plugin TcpMessaging
LogPluginManager: Mounting plugin UdpMessaging
LogPluginManager: Mounting plugin ActorSequence
LogPluginManager: Mounting plugin LevelSequenceEditor
LogPluginManager: Mounting plugin MatineeToLevelSequence
LogPluginManager: Mounting plugin NetcodeUnitTest
LogPluginManager: Mounting plugin NUTUnrealEngine4
LogPluginManager: Mounting plugin OnlineSubsystemGooglePlay
LogPluginManager: Mounting plugin OnlineSubsystemIOS
LogPluginManager: Mounting plugin OnlineSubsystem
LogPluginManager: Mounting plugin OnlineSubsystemNull
LogPluginManager: Mounting plugin OnlineSubsystemUtils
LogPluginManager: Mounting plugin AndroidDeviceProfileSelector
LogPluginManager: Mounting plugin AndroidMoviePlayer
LogPluginManager: Mounting plugin AndroidPermission
LogPluginManager: Mounting plugin AppleARKit
LogPluginManager: Mounting plugin AppleMoviePlayer
LogPluginManager: Mounting plugin ArchVisCharacter
LogPluginManager: Mounting plugin AudioCapture
LogPluginManager: Mounting plugin CableComponent
LogPluginManager: Mounting plugin CustomMeshComponent
LogPluginManager: Mounting plugin ExampleDeviceProfileSelector
LogPluginManager: Mounting plugin GoogleCloudMessaging
LogPluginManager: Mounting plugin ImmediatePhysics
LogPluginManager: Mounting plugin IOSDeviceProfileSelector
LogPluginManager: Mounting plugin LinuxDeviceProfileSelector
LogPluginManager: Mounting plugin LocationServicesBPLibrary
LogPluginManager: Mounting plugin MobilePatchingUtils
LogPluginManager: Mounting plugin OculusVR
LogPluginManager: Plugin shader directory ../../../Engine/Plugins/Runtime/Oculus/OculusVR/Shaders found
LogPluginManager: Mapping shader source directory ../../../Engine/Plugins/Runtime/Oculus/OculusVR/Shaders to virtual directory /Plugin/OculusVR
LogPluginManager: Mounting plugin PhysXVehicles
LogPluginManager: Mounting plugin ProceduralMeshComponent
LogPluginManager: Mounting plugin RuntimePhysXCooking
LogPluginManager: Mounting plugin SteamVR
LogPluginManager: Mounting plugin WindowsMoviePlayer
LogStreaming: Display: Took  0.151s to configure plugins.
LogModuleManager: Display: Found up-to-date module file ../../../../../../UnrealProject/FightMadang/Binaries/Win64/UE4Editor-FightMadang-1204.dll (API version 3944462).
LogModuleManager: Display: Found up-to-date module file ../../../Engine/Plugins/2D/Paper2D/Binaries/Win64/UE4Editor-Paper2D.dll (API version 3944462).
LogModuleManager: Display: Found up-to-date module file ../../../Engine/Plugins/2D/Paper2D/Binaries/Win64/UE4Editor-Paper2DEditor.dll (API version 3944462).
LogModuleManager: Display: Found up-to-date module file ../../../Engine/Plugins/2D/Paper2D/Binaries/Win64/UE4Editor-PaperSpriteSheetImporter.dll (API version 3944462).
LogModuleManager: Display: Found up-to-date module file ../../../Engine/Plugins/2D/Paper2D/Binaries/Win64/UE4Editor-PaperTiledImporter.dll (API version 3944462).
LogModuleManager: Display: Found up-to-date module file ../../../Engine/Plugins/2D/Paper2D/Binaries/Win64/UE4Editor-SmartSnapping.dll (API version 3944462).
LogModuleManager: Display: Found up-to-date module file ../../../Engine/Plugins/Animation/LiveLink/Binaries/Win64/UE4Editor-LiveLink.dll (API version 3944462).
LogModuleManager: Display: Found up-to-date module file ../../../Engine/Plugins/Animation/LiveLink/Binaries/Win64/UE4Editor-LiveLinkEditor.dll (API version 3944462).
LogModuleManager: Display: Found up-to-date module file ../../../Engine/Plugins/Blendables/LightPropagationVolume/Binaries/Win64/UE4Editor-LightPropagationVolumeRuntime.dll (API version 3944462).
LogModuleManager: Display: Found up-to-date module file ../../../Engine/Plugins/Blendables/LightPropagationVolume/Binaries/Win64/UE4Editor-LightPropagationVolumeEditor.dll (API version 3944462).
LogModuleManager: Display: Found up-to-date module file ../../../Engine/Plugins/Developer/CLionSourceCodeAccess/Binaries/Win64/UE4Editor-CLionSourceCodeAccess.dll (API version 3944462).
LogModuleManager: Display: Found up-to-date module file ../../../Engine/Plugins/Developer/GitSourceControl/Binaries/Win64/UE4Editor-GitSourceControl.dll (API version 3944462).
LogModuleManager: Display: Found up-to-date module file ../../../Engine/Plugins/Developer/PerforceSourceControl/Binaries/Win64/UE4Editor-PerforceSourceControl.dll (API version 3944462).
LogModuleManager: Display: Found up-to-date module file ../../../Engine/Plugins/Developer/SubversionSourceControl/Binaries/Win64/UE4Editor-SubversionSourceControl.dll (API version 3944462).
LogModuleManager: Display: Found up-to-date module file ../../../Engine/Plugins/Developer/UObjectPlugin/Binaries/Win64/UE4Editor-UObjectPlugin.dll (API version 3944462).
LogModuleManager: Display: Found up-to-date module file ../../../Engine/Plugins/Developer/VisualStudioCodeSourceCodeAccess/Binaries/Win64/UE4Editor-VisualStudioCodeSourceCodeAccess.dll (API version 3944462).
LogModuleManager: Display: Found up-to-date module file ../../../Engine/Plugins/Developer/VisualStudioSourceCodeAccess/Binaries/Win64/UE4Editor-VisualStudioSourceCodeAccess.dll (API version 3944462).
LogModuleManager: Display: Found up-to-date module file ../../../Engine/Plugins/Editor/AssetManagerEditor/Binaries/Win64/UE4Editor-AssetManagerEditor.dll (API version 3944462).
LogModuleManager: Display: Found up-to-date module file ../../../Engine/Plugins/Editor/CryptoKeys/Binaries/Win64/UE4Editor-CryptoKeys.dll (API version 3944462).
LogModuleManager: Display: Found up-to-date module file ../../../Engine/Plugins/Editor/CryptoKeys/Binaries/Win64/UE4Editor-CryptoKeysOpenSSL.dll (API version 3944462).
LogModuleManager: Display: Found up-to-date module file ../../../Engine/Plugins/Editor/DataValidation/Binaries/Win64/UE4Editor-DataValidation.dll (API version 3944462).
LogModuleManager: Display: Found up-to-date module file ../../../Engine/Plugins/Editor/FacialAnimation/Binaries/Win64/UE4Editor-FacialAnimation.dll (API version 3944462).
LogModuleManager: Display: Found up-to-date module file ../../../Engine/Plugins/Editor/FacialAnimation/Binaries/Win64/UE4Editor-FacialAnimationEditor.dll (API version 3944462).
LogModuleManager: Display: Found up-to-date module file ../../../Engine/Plugins/Editor/GameplayTagsEditor/Binaries/Win64/UE4Editor-GameplayTagsEditor.dll (API version 3944462).
LogModuleManager: Display: Found up-to-date module file ../../../Engine/Plugins/Editor/MobileLauncherProfileWizard/Binaries/Win64/UE4Editor-MobileLauncherProfileWizard.dll (API version 3944462).
LogModuleManager: Display: Found up-to-date module file ../../../Engine/Plugins/Editor/PluginBrowser/Binaries/Win64/UE4Editor-PluginBrowser.dll (API version 3944462).
LogModuleManager: Display: Found up-to-date module file ../../../Engine/Plugins/Editor/SpeedTreeImporter/Binaries/Win64/UE4Editor-SpeedTreeImporter.dll (API version 3944462).
LogModuleManager: Display: Found up-to-date module file ../../../Engine/Plugins/Enterprise/DatasmithContent/Binaries/Win64/UE4Editor-DatasmithContent.dll (API version 3944462).
LogModuleManager: Display: Found up-to-date module file ../../../Engine/Plugins/Experimental/AlembicImporter/Binaries/Win64/UE4Editor-AlembicImporter.dll (API version 3944462).
LogModuleManager: Display: Found up-to-date module file ../../../Engine/Plugins/Experimental/AlembicImporter/Binaries/Win64/UE4Editor-AlembicLibrary.dll (API version 3944462).
LogModuleManager: Display: Found up-to-date module file ../../../Engine/Plugins/Experimental/CharacterAI/Binaries/Win64/UE4Editor-CharacterAI.dll (API version 3944462).
LogModuleManager: Display: Found up-to-date module file ../../../Engine/Plugins/Experimental/HTML5Networking/Binaries/Win64/UE4Editor-HTML5Networking.dll (API version 3944462).
LogModuleManager: Display: Found up-to-date module file ../../../Engine/Plugins/Media/AndroidMedia/Binaries/Win64/UE4Editor-AndroidMediaEditor.dll (API version 3944462).
LogModuleManager: Display: Found up-to-date module file ../../../Engine/Plugins/Media/AndroidMedia/Binaries/Win64/UE4Editor-AndroidMediaFactory.dll (API version 3944462).
LogModuleManager: Display: Found up-to-date module file ../../../Engine/Plugins/Media/AvfMedia/Binaries/Win64/UE4Editor-AvfMediaEditor.dll (API version 3944462).
LogModuleManager: Display: Found up-to-date module file ../../../Engine/Plugins/Media/AvfMedia/Binaries/Win64/UE4Editor-AvfMediaFactory.dll (API version 3944462).
LogModuleManager: Display: Found up-to-date module file ../../../Engine/Plugins/Media/AvfMedia/Binaries/Win64/UE4Editor-AvfMediaFactory.dll (API version 3944462).
LogModuleManager: Display: Found up-to-date module file ../../../Engine/Plugins/Media/ImgMedia/Binaries/Win64/UE4Editor-ImgMedia.dll (API version 3944462).
LogModuleManager: Display: Found up-to-date module file ../../../Engine/Plugins/Media/ImgMedia/Binaries/Win64/UE4Editor-ImgMediaEditor.dll (API version 3944462).
LogModuleManager: Display: Found up-to-date module file ../../../Engine/Plugins/Media/ImgMedia/Binaries/Win64/UE4Editor-ImgMediaFactory.dll (API version 3944462).
LogModuleManager: Display: Found up-to-date module file ../../../Engine/Plugins/Media/ImgMedia/Binaries/Win64/UE4Editor-ImgMediaFactory.dll (API version 3944462).
LogModuleManager: Display: Found up-to-date module file ../../../Engine/Plugins/Media/ImgMedia/Binaries/Win64/UE4Editor-OpenExrWrapper.dll (API version 3944462).
LogModuleManager: Display: Found up-to-date module file ../../../Engine/Plugins/Media/LinearTimecode/Binaries/Win64/UE4Editor-LinearTimecode.dll (API version 3944462).
LogModuleManager: Display: Found up-to-date module file ../../../Engine/Plugins/Media/MediaCompositing/Binaries/Win64/UE4Editor-MediaCompositing.dll (API version 3944462).
LogModuleManager: Display: Found up-to-date module file ../../../Engine/Plugins/Media/MediaCompositing/Binaries/Win64/UE4Editor-MediaCompositingEditor.dll (API version 3944462).
LogModuleManager: Display: Found up-to-date module file ../../../Engine/Plugins/Media/MediaPlayerEditor/Binaries/Win64/UE4Editor-MediaPlayerEditor.dll (API version 3944462).
LogModuleManager: Display: Found up-to-date module file ../../../Engine/Plugins/Media/WmfMedia/Binaries/Win64/UE4Editor-WmfMedia.dll (API version 3944462).
LogModuleManager: Display: Found up-to-date module file ../../../Engine/Plugins/Media/WmfMedia/Binaries/Win64/UE4Editor-WmfMediaEditor.dll (API version 3944462).
LogModuleManager: Display: Found up-to-date module file ../../../Engine/Plugins/Media/WmfMedia/Binaries/Win64/UE4Editor-WmfMediaFactory.dll (API version 3944462).
LogModuleManager: Display: Found up-to-date module file ../../../Engine/Plugins/Media/WmfMedia/Binaries/Win64/UE4Editor-WmfMediaFactory.dll (API version 3944462).
LogModuleManager: Display: Found up-to-date module file ../../../Engine/Plugins/Messaging/TcpMessaging/Binaries/Win64/UE4Editor-TcpMessaging.dll (API version 3944462).
LogModuleManager: Display: Found up-to-date module file ../../../Engine/Plugins/Messaging/UdpMessaging/Binaries/Win64/UE4Editor-UdpMessaging.dll (API version 3944462).
LogModuleManager: Display: Found up-to-date module file ../../../Engine/Plugins/MovieScene/ActorSequence/Binaries/Win64/UE4Editor-ActorSequence.dll (API version 3944462).
LogModuleManager: Display: Found up-to-date module file ../../../Engine/Plugins/MovieScene/LevelSequenceEditor/Binaries/Win64/UE4Editor-LevelSequenceEditor.dll (API version 3944462).
LogModuleManager: Display: Found up-to-date module file ../../../Engine/Plugins/MovieScene/MatineeToLevelSequence/Binaries/Win64/UE4Editor-MatineeToLevelSequence.dll (API version 3944462).
LogModuleManager: Display: Found up-to-date module file ../../../Engine/Plugins/NetcodeUnitTest/NetcodeUnitTest/Binaries/Win64/UE4Editor-NetcodeUnitTest.dll (API version 3944462).
LogModuleManager: Display: Found up-to-date module file ../../../Engine/Plugins/NetcodeUnitTest/NUTUnrealEngine4/Binaries/Win64/UE4Editor-NUTUnrealEngine4.dll (API version 3944462).
LogModuleManager: Display: Found up-to-date module file ../../../Engine/Plugins/Online/OnlineSubsystem/Binaries/Win64/UE4Editor-OnlineSubsystem.dll (API version 3944462).
LogModuleManager: Display: Found up-to-date module file ../../../Engine/Plugins/Online/OnlineSubsystemNull/Binaries/Win64/UE4Editor-OnlineSubsystemNull.dll (API version 3944462).
LogModuleManager: Display: Found up-to-date module file ../../../Engine/Plugins/Online/OnlineSubsystemUtils/Binaries/Win64/UE4Editor-OnlineSubsystemUtils.dll (API version 3944462).
LogModuleManager: Display: Found up-to-date module file ../../../Engine/Plugins/Online/OnlineSubsystemUtils/Binaries/Win64/UE4Editor-OnlineBlueprintSupport.dll (API version 3944462).
LogModuleManager: Display: Found up-to-date module file ../../../Engine/Plugins/Runtime/AndroidDeviceProfileSelector/Binaries/Win64/UE4Editor-AndroidDeviceProfileSelector.dll (API version 3944462).
LogModuleManager: Display: Found up-to-date module file ../../../Engine/Plugins/Runtime/AndroidPermission/Binaries/Win64/UE4Editor-AndroidPermission.dll (API version 3944462).
LogModuleManager: Display: Found up-to-date module file ../../../Engine/Plugins/Runtime/AppleARKit/Binaries/Win64/UE4Editor-AppleARKit.dll (API version 3944462).
LogModuleManager: Display: Found up-to-date module file ../../../Engine/Plugins/Runtime/ArchVisCharacter/Binaries/Win64/UE4Editor-ArchVisCharacter.dll (API version 3944462).
LogModuleManager: Display: Found up-to-date module file ../../../Engine/Plugins/Runtime/AudioCapture/Binaries/Win64/UE4Editor-AudioCapture.dll (API version 3944462).
LogModuleManager: Display: Found up-to-date module file ../../../Engine/Plugins/Runtime/AudioCapture/Binaries/Win64/UE4Editor-AudioCaptureEditor.dll (API version 3944462).
LogModuleManager: Display: Found up-to-date module file ../../../Engine/Plugins/Runtime/CableComponent/Binaries/Win64/UE4Editor-CableComponent.dll (API version 3944462).
LogModuleManager: Display: Found up-to-date module file ../../../Engine/Plugins/Runtime/CustomMeshComponent/Binaries/Win64/UE4Editor-CustomMeshComponent.dll (API version 3944462).
LogModuleManager: Display: Found up-to-date module file ../../../Engine/Plugins/Runtime/ExampleDeviceProfileSelector/Binaries/Win64/UE4Editor-ExampleDeviceProfileSelector.dll (API version 3944462).
LogModuleManager: Display: Found up-to-date module file ../../../Engine/Plugins/Runtime/ImmediatePhysics/Binaries/Win64/UE4Editor-ImmediatePhysics.dll (API version 3944462).
LogModuleManager: Display: Found up-to-date module file ../../../Engine/Plugins/Runtime/ImmediatePhysics/Binaries/Win64/UE4Editor-ImmediatePhysicsEditor.dll (API version 3944462).
LogModuleManager: Display: Found up-to-date module file ../../../Engine/Plugins/Runtime/LocationServicesBPLibrary/Binaries/Win64/UE4Editor-LocationServicesBPLibrary.dll (API version 3944462).
LogModuleManager: Display: Found up-to-date module file ../../../Engine/Plugins/Runtime/MobilePatchingUtils/Binaries/Win64/UE4Editor-MobilePatchingUtils.dll (API version 3944462).
LogModuleManager: Display: Found up-to-date module file ../../../Engine/Plugins/Runtime/Oculus/OculusVR/Binaries/Win64/UE4Editor-OculusHMD.dll (API version 3944462).
LogModuleManager: Display: Found up-to-date module file ../../../Engine/Plugins/Runtime/Oculus/OculusVR/Binaries/Win64/UE4Editor-OculusInput.dll (API version 3944462).
LogModuleManager: Display: Found up-to-date module file ../../../Engine/Plugins/Runtime/Oculus/OculusVR/Binaries/Win64/UE4Editor-OculusEditor.dll (API version 3944462).
LogModuleManager: Display: Found up-to-date module file ../../../Engine/Plugins/Runtime/PhysXVehicles/Binaries/Win64/UE4Editor-PhysXVehicles.dll (API version 3944462).
LogModuleManager: Display: Found up-to-date module file ../../../Engine/Plugins/Runtime/PhysXVehicles/Binaries/Win64/UE4Editor-PhysXVehiclesEditor.dll (API version 3944462).
LogModuleManager: Display: Found up-to-date module file ../../../Engine/Plugins/Runtime/ProceduralMeshComponent/Binaries/Win64/UE4Editor-ProceduralMeshComponent.dll (API version 3944462).
LogModuleManager: Display: Found up-to-date module file ../../../Engine/Plugins/Runtime/ProceduralMeshComponent/Binaries/Win64/UE4Editor-ProceduralMeshComponentEditor.dll (API version 3944462).
LogModuleManager: Display: Found up-to-date module file ../../../Engine/Plugins/Runtime/RuntimePhysXCooking/Binaries/Win64/UE4Editor-RuntimePhysXCooking.dll (API version 3944462).
LogModuleManager: Display: Found up-to-date module file ../../../Engine/Plugins/Runtime/Steam/SteamVR/Binaries/Win64/UE4Editor-SteamVR.dll (API version 3944462).
LogModuleManager: Display: Found up-to-date module file ../../../Engine/Plugins/Runtime/Steam/SteamVR/Binaries/Win64/UE4Editor-SteamVRController.dll (API version 3944462).
LogModuleManager: Display: Found up-to-date module file ../../../Engine/Plugins/Runtime/WindowsMoviePlayer/Binaries/Win64/UE4Editor-WindowsMoviePlayer.dll (API version 3944462).
LogInit: Using libcurl 7.47.1
LogInit:  - built for x86_64-pc-win32
LogInit:  - supports SSL with OpenSSL/1.0.2g
LogInit:  - supports HTTP deflate (compression) using libz 1.2.8
LogInit:  - other features:
LogInit:      CURL_VERSION_SSL
LogInit:      CURL_VERSION_LIBZ
LogInit:      CURL_VERSION_IPV6
LogInit:      CURL_VERSION_ASYNCHDNS
LogInit:      CURL_VERSION_LARGEFILE
LogInit:      CURL_VERSION_IDN
LogInit:  CurlRequestOptions (configurable via config and command line):
LogInit:  - bVerifyPeer = false  - Libcurl will NOT verify peer certificate
LogInit:  - bUseHttpProxy = false  - Libcurl will NOT use HTTP proxy
LogInit:  - bDontReuseConnections = false  - Libcurl will reuse connections
LogInit:  - CertBundlePath = nullptr  - Libcurl will use whatever was configured at build time.
LogInit:  - MaxHostConnections = 16  - Libcurl will limit the number of connections to a host
LogInit:  - LocalHostAddr = Default
LogInit: WinSock: version 1.1 (2.2), MaxSocks=32767, MaxUdp=65467
LogInit: WinSock: I am DESKTOP-TFTFDIF (192.168.0.4:0)
LogInit: Build: ++UE4+Release-4.19-CL-4033788
LogInit: Engine Version: 4.19.2-4033788+++UE4+Release-4.19
LogInit: Compatible Engine Version: 4.19.0-3944462+++UE4+Release-4.19
LogInit: Net CL: 3944462
LogDevObjectVersion: Number of dev versions registered: 18
LogDevObjectVersion:   Dev-Blueprints (B0D832E4-1F89-4F0D-ACCF-7EB736FD4AA2): 10
LogDevObjectVersion:   Dev-Build (E1C64328-A22C-4D53-A36C-8E866417BD8C): 0
LogDevObjectVersion:   Dev-Core (375EC13C-06E4-48FB-B500-84F0262A717E): 2
LogDevObjectVersion:   Dev-Editor (E4B068ED-F494-42E9-A231-DA0B2E46BB41): 23
LogDevObjectVersion:   Dev-Framework (CFFC743F-43B0-4480-9391-14DF171D2073): 33
LogDevObjectVersion:   Dev-Mobile (B02B49B5-BB20-44E9-A304-32B752E40360): 2
LogDevObjectVersion:   Dev-Networking (A4E4105C-59A1-49B5-A7C5-40C4547EDFEE): 0
LogDevObjectVersion:   Dev-Online (39C831C9-5AE6-47DC-9A44-9C173E1C8E7C): 0
LogDevObjectVersion:   Dev-Physics (78F01B33-EBEA-4F98-B9B4-84EACCB95AA2): 0
LogDevObjectVersion:   Dev-Platform (6631380F-2D4D-43E0-8009-CF276956A95A): 0
LogDevObjectVersion:   Dev-Rendering (12F88B9F-8875-4AFC-A67C-D90C383ABD29): 25
LogDevObjectVersion:   Dev-Sequencer (7B5AE74C-D270-4C10-A958-57980B212A5A): 6
LogDevObjectVersion:   Dev-VR (D7296918-1DD6-4BDD-9DE2-64A83CC13884): 1
LogDevObjectVersion:   Dev-LoadTimes (C2A15278-BFE7-4AFE-6C17-90FF531DF755): 1
LogDevObjectVersion:   Private-Geometry (6EACA3D4-40EC-4CC1-B786-8BED09428FC5): 2
LogDevObjectVersion:   Dev-AnimPhys (29E575DD-E0A3-4627-9D10-D276232CDCEA): 16
LogDevObjectVersion:   Dev-ReflectionCapture (6B266CEC-1EC7-4B8F-A30B-E4D90942FC07): 1
LogDevObjectVersion:   Dev-Automation (0DF73D61-A23F-47EA-B727-89E90C41499A): 1
LogInit: Compiled (64-bit): Apr 27 2018 02:06:57
LogInit: Compiled with Visual C++: 19.00.24215.01
LogInit: Build Configuration: Development
LogInit: Branch Name: ++UE4+Release-4.19
LogInit: Command Line:  
LogInit: Base Directory: C:/Program Files/Epic Games/UE_4.19/Engine/Binaries/Win64/
LogInit: Installed Engine Build: 1
LogStreaming: Display: Took  0.003s to delete old logs.
LogInit: Presizing for max 8388607 objects, including 0 objects not considered by GC, pre-allocating 0 bytes for permanent pool.
LogInit: Object subsystem initialized
[2018.06.28-23.21.39:591][  0]LogInit: Selected Device Profile: [Windows]
[2018.06.28-23.21.39:591][  0]LogInit: Applying CVar settings loaded from the selected device profile: [Windows]
[2018.06.28-23.21.39:621][  0]LogInit: Computer: DESKTOP-TFTFDIF
[2018.06.28-23.21.39:621][  0]LogInit: User: LeeOneHyo
[2018.06.28-23.21.39:621][  0]LogInit: CPU Page size=4096, Cores=4
[2018.06.28-23.21.39:622][  0]LogInit: High frequency timer resolution =2.435774 MHz
[2018.06.28-23.21.39:622][  0]LogMemory: Memory total: Physical=15.9GB (16GB approx)
[2018.06.28-23.21.39:622][  0]LogMemory: Platform Memory Stats for Windows
[2018.06.28-23.21.39:622][  0]LogMemory: Process Physical Memory: 274.11 MB used, 274.11 MB peak
[2018.06.28-23.21.39:622][  0]LogMemory: Process Virtual Memory: 264.39 MB used, 264.39 MB peak
[2018.06.28-23.21.39:622][  0]LogMemory: Physical Memory: 3123.48 MB used,  13136.71 MB free, 16260.20 MB total
[2018.06.28-23.21.39:622][  0]LogMemory: Virtual Memory: 4791.84 MB used,  13136.71 MB free, 134217728.00 MB total
[2018.06.28-23.21.39:832][  0]LogInit: Overriding language with editor language configuration option (en).
[2018.06.28-23.21.39:832][  0]LogInit: Overriding locale with editor locale configuration option (en).
[2018.06.28-23.21.40:405][  0]LogStreaming: Display: Took  0.572s to EndInitTextLocalization.
[2018.06.28-23.21.40:406][  0]LogInit: Setting process to per monitor DPI aware
[2018.06.28-23.21.40:509][  0]LogSlate: New Slate User Created.  User Index 0, Is Virtual User: 0
[2018.06.28-23.21.40:509][  0]LogSlate: Slate User Registered.  User Index 0, Is Virtual User: 0
[2018.06.28-23.21.42:874][  0]LogD3D11RHI: D3D11 adapters:
[2018.06.28-23.21.42:897][  0]LogD3D11RHI:    0. 'AMD Radeon R9 M370X' (Feature Level 11_0)
[2018.06.28-23.21.42:897][  0]LogD3D11RHI:       2029/0/8130 MB DedicatedVideo/DedicatedSystem/SharedSystem, Outputs:1, VendorId:0x1002
[2018.06.28-23.21.42:900][  0]LogD3D11RHI:    1. 'Microsoft Basic Render Driver' (Feature Level 11_0)
[2018.06.28-23.21.42:900][  0]LogD3D11RHI:       0/0/8130 MB DedicatedVideo/DedicatedSystem/SharedSystem, Outputs:0, VendorId:0x1414
[2018.06.28-23.21.42:900][  0]LogD3D11RHI: Chosen D3D11 Adapter: 0
[2018.06.28-23.21.42:907][  0]LogD3D11RHI: Creating new Direct3DDevice
[2018.06.28-23.21.42:907][  0]LogD3D11RHI:     GPU DeviceId: 0x6821 (for the marketing name, search the web for "GPU Device Id")
[2018.06.28-23.21.42:907][  0]LogWindows: EnumDisplayDevices:
[2018.06.28-23.21.42:907][  0]LogWindows:    0. 'AMD Radeon R9 M370X' (P:1 D:1)
[2018.06.28-23.21.42:907][  0]LogWindows:    1. 'AMD Radeon R9 M370X' (P:0 D:0)
[2018.06.28-23.21.42:907][  0]LogWindows:    2. 'AMD Radeon R9 M370X' (P:0 D:0)
[2018.06.28-23.21.42:907][  0]LogWindows:    3. 'AMD Radeon R9 M370X' (P:0 D:0)
[2018.06.28-23.21.42:908][  0]LogWindows:    4. 'AMD Radeon R9 M370X' (P:0 D:0)
[2018.06.28-23.21.42:908][  0]LogWindows:    5. 'AMD Radeon R9 M370X' (P:0 D:0)
[2018.06.28-23.21.42:908][  0]LogWindows: DebugString: GetVideoDriverDetailsInvalid PrimaryIsNotTheChoosenAdapter GetVideoDriverDetailsInvalid PrimaryIsNotTheChoosenAdapter GetVideoDriverDetailsInvalid PrimaryIsNotTheChoosenAdapter GetVideoDriverDetailsInvalid PrimaryIsNotTheChoosenAdapter GetVideoDriverDetailsInvalid PrimaryIsNotTheChoosenAdapter GetVideoDriverDetailsInvalid PrimaryIsNotTheChoosenAdapter FoundDriverCount:0 
[2018.06.28-23.21.42:908][  0]LogD3D11RHI:     Adapter Name: AMD Radeon R9 M370X
[2018.06.28-23.21.42:908][  0]LogD3D11RHI:   Driver Version: Unknown (internal:Unknown, unified:Unknown)
[2018.06.28-23.21.42:908][  0]LogD3D11RHI:      Driver Date: Unknown
[2018.06.28-23.21.42:908][  0]LogRHI: Texture pool is 1420 MB (70% of 2029 MB)
[2018.06.28-23.21.42:995][  0]LogD3D11RHI: Async texture creation enabled
[2018.06.28-23.21.43:017][  0]LogD3D11RHI: GPU Timing Frequency: 27.000000 (Debug: 2 1)
[2018.06.28-23.21.43:022][  0]LogShaderCompilers: Guid format shader working directory is 6 characters bigger than the processId version (../../../../../../UnrealProject/FightMadang/Intermediate/Shaders/WorkingDirectory/11148/).
[2018.06.28-23.21.43:022][  0]LogShaderCompilers: Cleaned the shader compiler working directory 'C:/Users/LeeOneHyo/AppData/Local/Temp/UnrealShaderWorkingDir/C64C58FE4D95EABB784E07957DF9FD73/'.
[2018.06.28-23.21.43:782][  0]LogTemp: Display: Loaded TP AllDesktopTargetPlatform
[2018.06.28-23.21.43:808][  0]LogTemp: Display: Loaded TP MacClientTargetPlatform
[2018.06.28-23.21.43:835][  0]LogTemp: Display: Loaded TP MacNoEditorTargetPlatform
[2018.06.28-23.21.43:853][  0]LogTemp: Display: Loaded TP MacServerTargetPlatform
[2018.06.28-23.21.43:885][  0]LogTemp: Display: Loaded TP MacTargetPlatform
[2018.06.28-23.21.43:914][  0]LogTemp: Display: Loaded TP WindowsClientTargetPlatform
[2018.06.28-23.21.43:939][  0]LogTemp: Display: Loaded TP WindowsNoEditorTargetPlatform
[2018.06.28-23.21.43:966][  0]LogTemp: Display: Loaded TP WindowsServerTargetPlatform
[2018.06.28-23.21.43:980][  0]LogTemp: Display: Loaded TP WindowsTargetPlatform
[2018.06.28-23.21.43:999][  0]LogTemp: Display: Loaded TP Android_ASTCTargetPlatform
[2018.06.28-23.21.44:018][  0]LogTemp: Display: Loaded TP Android_ATCTargetPlatform
[2018.06.28-23.21.44:035][  0]LogTemp: Display: Loaded TP Android_DXTTargetPlatform
[2018.06.28-23.21.44:052][  0]LogTemp: Display: Loaded TP Android_ETC1aTargetPlatform
[2018.06.28-23.21.44:080][  0]LogTemp: Display: Loaded TP Android_ETC1TargetPlatform
[2018.06.28-23.21.44:098][  0]LogTemp: Display: Loaded TP Android_ETC2TargetPlatform
[2018.06.28-23.21.44:131][  0]LogTemp: Display: Loaded TP Android_MultiTargetPlatform
[2018.06.28-23.21.44:132][  0]LogTemp: Display: Loaded TP Android_PVRTCTargetPlatform
[2018.06.28-23.21.44:154][  0]LogTemp: Display: Loaded TP AndroidTargetPlatform
[2018.06.28-23.21.44:156][  0]LogTemp: Display: Loaded TP HTML5TargetPlatform
[2018.06.28-23.21.44:224][  0]LogTemp: Display: Loaded TP IOSTargetPlatform
[2018.06.28-23.21.44:239][  0]LogTemp: Display: Loaded TP TVOSTargetPlatform
[2018.06.28-23.21.44:256][  0]LogTemp: Display: Loaded TP LinuxClientTargetPlatform
[2018.06.28-23.21.44:269][  0]LogTemp: Display: Loaded TP LinuxNoEditorTargetPlatform
[2018.06.28-23.21.44:281][  0]LogTemp: Display: Loaded TP LinuxServerTargetPlatform
[2018.06.28-23.21.44:304][  0]LogTemp: Display: Loaded TP LinuxTargetPlatform
[2018.06.28-23.21.44:304][  0]LogTargetPlatformManager: Display: Building Assets For Windows
[2018.06.28-23.21.44:713][  0]LogXGEController: Cleaning working directory: C:/Users/LeeOneHyo/AppData/Local/Temp/UnrealXGEWorkingDir/
[2018.06.28-23.21.44:713][  0]LogXGEController: Cannot use XGE Controller as Incredibuild is not installed on this machine.
[2018.06.28-23.21.44:714][  0]LogShaderCompilers: Cannot use XGE Shader Compiler as Incredibuild is not installed on this machine.
[2018.06.28-23.21.44:714][  0]LogShaderCompilers: Display: Using Local Shader Compiler.
[2018.06.28-23.21.46:572][  0]LogDerivedDataCache: Display: Max Cache Size: 512 MB
[2018.06.28-23.21.46:955][  0]LogDerivedDataCache: Loaded boot cache 0.38s 83MB C:/Users/LeeOneHyo/AppData/Local/UnrealEngine/4.19/DerivedDataCache/Boot.ddc.
[2018.06.28-23.21.46:955][  0]LogDerivedDataCache: Display: Loaded Boot cache: C:/Users/LeeOneHyo/AppData/Local/UnrealEngine/4.19/DerivedDataCache/Boot.ddc
[2018.06.28-23.21.46:956][  0]LogDerivedDataCache: FDerivedDataBackendGraph:  Pak pak cache file ../../../../../../UnrealProject/FightMadang/DerivedDataCache/DDC.ddp not found, will not use a pak cache.
[2018.06.28-23.21.46:956][  0]LogDerivedDataCache: Unable to find inner node Pak for hierarchical cache Hierarchy.
[2018.06.28-23.21.46:956][  0]LogDerivedDataCache: FDerivedDataBackendGraph:  CompressedPak pak cache file ../../../../../../UnrealProject/FightMadang/DerivedDataCache/Compressed.ddp not found, will not use a pak cache.
[2018.06.28-23.21.46:956][  0]LogDerivedDataCache: Unable to find inner node CompressedPak for hierarchical cache Hierarchy.
[2018.06.28-23.21.46:983][  0]LogDerivedDataCache: Display: Pak cache opened for reading ../../../Engine/DerivedDataCache/Compressed.ddp.
[2018.06.28-23.21.46:997][  0]LogDerivedDataCache: Using Local data cache path C:/Users/LeeOneHyo/AppData/Local/UnrealEngine/Common/DerivedDataCache: Writable
[2018.06.28-23.21.46:997][  0]LogDerivedDataCache: Shared data cache path not found in *engine.ini, will not use an Shared cache.
[2018.06.28-23.21.46:997][  0]LogDerivedDataCache: Unable to find inner node Shared for hierarchical cache Hierarchy.
[2018.06.28-23.21.47:010][  0]LogMaterial: Verifying Global Shaders for PCD3D_SM5
[2018.06.28-23.21.47:014][  0]LogSlate: Using Freetype 2.6.0
[2018.06.28-23.21.47:027][  0]LogSlate: SlateFontCache - WITH_FREETYPE: 1, WITH_HARFBUZZ: 1
[2018.06.28-23.21.47:028][  0]LogSlate: SlateFontCache - WITH_FREETYPE: 1, WITH_HARFBUZZ: 1
[2018.06.28-23.21.49:383][  0]LogAssetRegistry: FAssetRegistry took 0.0322 seconds to start up
[2018.06.28-23.21.49:795][  0]LogInit: Selected Device Profile: [Windows]
[2018.06.28-23.21.50:126][  0]LogSimplygon: Simplygon DLL not present - disabling.
[2018.06.28-23.21.50:133][  0]LogMeshReduction: Using SimplygonSwarm for distributed automatic mesh merging
[2018.06.28-23.21.50:134][  0]LogMeshReduction: Using QuadricMeshReduction for automatic static mesh reduction
[2018.06.28-23.21.50:134][  0]LogMeshReduction: No automatic skeletal mesh reduction module available
[2018.06.28-23.21.50:134][  0]LogMeshReduction: No automatic mesh merging module available
[2018.06.28-23.21.50:134][  0]LogMeshMerging: No automatic mesh merging module available
[2018.06.28-23.21.50:210][  0]LogNetVersion: FightMadang , NetCL: 3944462, EngineNetVer: 2, GameNetVer: 0 (Checksum: 2840535495)
[2018.06.28-23.21.51:484][  0]LogPackageLocalizationCache: Processed 9 localized package path(s) for 1 prioritized culture(s) in 0.051355 seconds
[2018.06.28-23.21.51:489][  0]LogUObjectArray: 36728 objects as part of root set at end of initial load.
[2018.06.28-23.21.51:489][  0]LogUObjectAllocator: 7314312 out of 0 bytes used by permanent object pool.
[2018.06.28-23.21.51:489][  0]LogUObjectArray: CloseDisregardForGC: 0/0 objects in disregard for GC pool
[2018.06.28-23.21.56:599][  0]LogTcpMessaging: Initializing TcpMessaging bridge
[2018.06.28-23.21.56:639][  0]LogUdpMessaging: Initializing bridge on interface 0.0.0.0:0 to multicast group 230.0.0.1:6666.
[2018.06.28-23.21.57:097][  0]LogUObjectGlobals: Created PersistentFrame Addr=0x0000025784a55bc0, Size=64, Default__Aj_bp_C Function /Game/ThirdPersonCPP/Blueprints/Aj_bp.Aj_bp_C:ExecuteUbergraph_Aj_bp
[2018.06.28-23.21.57:111][  0]LogUObjectGlobals: Destroyed PersistentFrame Addr=0x0000025784a55bc0, Size=64
[2018.06.28-23.21.57:111][  0]LogUObjectGlobals: Created PersistentFrame Addr=0x0000025784a55bc0, Size=64, Default__Aj_bp_C Function /Engine/Transient.REINST_Aj_bp_C_0:ExecuteUbergraph_Aj_bp
[2018.06.28-23.21.57:125][  0]LogUObjectGlobals: Created PersistentFrame Addr=0x0000025784b8c100, Size=64, Default__Aj_bp_C Function /Game/ThirdPersonCPP/Blueprints/Aj_bp.Aj_bp_C:ExecuteUbergraph_Aj_bp
[2018.06.28-23.21.57:504][  0]LogSkeletalMesh: Skeletal Mesh found in DDC [0.268498ms] /Game/InfinityBladeWeapons/Weapons/Blade/Silly_Weapons/Blade_BatAxe/SK_Blade_BatAxe.SK_Blade_BatAxe
[2018.06.28-23.21.57:530][  0]LogSkeletalMesh: Skeletal Mesh found in DDC [0.030380ms] /Game/InfinityBladeWeapons/Weapons/Blade/Silly_Weapons/Blade_Baguette/SK_Blade_Baguette.SK_Blade_Baguette
[2018.06.28-23.21.57:547][  0]LogSkeletalMesh: Skeletal Mesh found in DDC [0.387967ms] /Game/Asset/Character/Aj/Mesh/aj.aj
[2018.06.28-23.21.57:805][  0]SourceControl: Source control is disabled
[2018.06.28-23.21.57:805][  0]SourceControl: Source control is disabled
[2018.06.28-23.21.57:833][  0]SourceControl: Source control is disabled
[2018.06.28-23.21.57:864][  0]SourceControl: Source control is disabled
[2018.06.28-23.21.58:608][  0]LogAndroidPermission: UAndroidPermissionCallbackProxy::GetInstance
[2018.06.28-23.21.58:851][  0]LogOcInput: OculusInput pre-init called
[2018.06.28-23.21.59:040][  0]LogEngine: Initializing Engine...
[2018.06.28-23.21.59:043][  0]LogHMD: Failed to initialize OpenVR with code 110
[2018.06.28-23.21.59:046][  0]LogStats: UGameplayTagsManager::ConstructGameplayTagTree: Construct from data asset -  0.000 s
[2018.06.28-23.21.59:046][  0]LogStats: UGameplayTagsManager::ConstructGameplayTagTree: GameplayTagTreeChangedEvent.Broadcast -  0.000 s
[2018.06.28-23.21.59:491][  0]LogAIModule: Creating AISystem for world Untitled
[2018.06.28-23.21.59:515][  0]LogInit: XAudio2 using '스피커(Cirrus Logic CS4208 (AB 128))' : 2 channels at 48 kHz using 16 bits per sample (channel mask 0x3)
[2018.06.28-23.21.59:665][  0]LogInit: FAudioDevice initialized.
[2018.06.28-23.21.59:732][  0]LogDerivedDataCache: Saved boot cache 0.07s 83MB C:/Users/LeeOneHyo/AppData/Local/UnrealEngine/4.19/DerivedDataCache/Boot.ddc.
[2018.06.28-23.21.59:754][  0]LogInit: Texture streaming: Enabled
[2018.06.28-23.21.59:780][  0]LogEngineSessionManager: EngineSessionManager initialized
[2018.06.28-23.21.59:808][  0]LogInit: Transaction tracking system initialized
[2018.06.28-23.21.59:867][  0]BlueprintLog: New page: Editor Load
[2018.06.28-23.22.00:072][  0]LocalizationService: Localization service is disabled
[2018.06.28-23.22.00:534][  0]LogConsoleResponse: Display: 
[2018.06.28-23.22.01:014][  0]LogCook: Display: Max memory allowance for cook 16384mb min free memory 0mb
[2018.06.28-23.22.01:014][  0]LogCook: Display: Mobile HDR setting 1
[2018.06.28-23.22.01:014][  0]LogGameplayTags: Display: UGameplayTagsManager::DoneAddingNativeTags. DelegateIsBound: 0
[2018.06.28-23.22.01:014][  0]LogStats: UGameplayTagsManager::ConstructGameplayTagTree: Construct from data asset -  0.000 s
[2018.06.28-23.22.01:014][  0]LogStats: UGameplayTagsManager::ConstructGameplayTagTree: GameplayTagTreeChangedEvent.Broadcast -  0.000 s
[2018.06.28-23.22.01:169][  0]LogFileCache: Scanning file cache for directory 'C:/UnrealProject/FightMadang/Content/' took 0.10s
[2018.06.28-23.22.01:793][  0]SourceControl: Source control is disabled
[2018.06.28-23.22.01:795][  0]Cmd: MAP LOAD FILE="../../../../../../UnrealProject/FightMadang/Content/ThirdPersonCPP/Maps/ThirdPersonExampleMap.umap" TEMPLATE=0 SHOWPROGRESS=1 FEATURELEVEL=3
[2018.06.28-23.22.01:796][  0]LightingResults: New page: Lighting Build
[2018.06.28-23.22.01:803][  0]MapCheck: New page: Map Check
[2018.06.28-23.22.01:803][  0]LightingResults: New page: Lighting Build
[2018.06.28-23.22.01:814][  0]LogUObjectGlobals: Destroyed PersistentFrame Addr=0x0000025784a55bc0, Size=64
[2018.06.28-23.22.01:904][  0]LogUObjectGlobals: Created PersistentFrame Addr=0x0000025795e6f500, Size=64, Default__ThirdPerson_AnimBP_C Function /Game/Mannequin/Animations/ThirdPerson_AnimBP.ThirdPerson_AnimBP_C:ExecuteUbergraph_ThirdPerson_AnimBP
[2018.06.28-23.22.01:915][  0]LogUObjectGlobals: Destroyed PersistentFrame Addr=0x0000025795e6f500, Size=64
[2018.06.28-23.22.01:915][  0]LogUObjectGlobals: Created PersistentFrame Addr=0x0000025795e6f580, Size=64, Default__ThirdPerson_AnimBP_C Function /Engine/Transient.REINST_ThirdPerson_AnimBP_C_1:ExecuteUbergraph_ThirdPerson_AnimBP
[2018.06.28-23.22.01:922][  0]LogUObjectGlobals: Created PersistentFrame Addr=0x00000257955e86d0, Size=72, Default__ThirdPerson_AnimBP_C Function /Game/Mannequin/Animations/ThirdPerson_AnimBP.ThirdPerson_AnimBP_C:ExecuteUbergraph_ThirdPerson_AnimBP
[2018.06.28-23.22.02:498][  0]LogSkeletalMesh: Skeletal Mesh found in DDC [14.424163ms] /Game/Mannequin/Character/Mesh/SK_Mannequin.SK_Mannequin
[2018.06.28-23.22.02:582][  0]LogAIModule: Creating AISystem for world ThirdPersonExampleMap
[2018.06.28-23.22.02:620][  0]LogEditorServer: Finished looking for orphan Actors (0.000 secs)
[2018.06.28-23.22.02:634][  0]LogUObjectGlobals: Destroyed PersistentFrame Addr=0x0000025795e6f580, Size=64
[2018.06.28-23.22.02:637][  0]Cmd: MAP CHECKDEP NOCLEARLOG
[2018.06.28-23.22.02:731][  0]MapCheck: Map check complete: 0 Error(s), 0 Warning(s), took 94.7ms to complete.
[2018.06.28-23.22.02:731][  0]LogFileHelpers: Loading map 'ThirdPersonExampleMap' took 0.937
[2018.06.28-23.22.02:946][  0]LogCollectionManager: Loaded 0 collections in 0.003397 seconds
[2018.06.28-23.22.03:009][  0]LogFileCache: Scanning file cache for directory 'C:/UnrealProject/FightMadang/Saved/Collections/' took 0.01s
[2018.06.28-23.22.03:009][  0]LogFileCache: Scanning file cache for directory 'C:/UnrealProject/FightMadang/Content/Developers/LeeOneHyo/Collections/' took 0.01s
[2018.06.28-23.22.03:009][  0]LogFileCache: Scanning file cache for directory 'C:/UnrealProject/FightMadang/Content/Collections/' took 0.01s
[2018.06.28-23.22.03:009][  0]LogCollectionManager: Rebuilt the GUID cache for 0 collections in 0.000000 seconds
[2018.06.28-23.22.03:020][  0]LogContentBrowser: Native class hierarchy populated in 0.0104 seconds. Added 2456 classes and 560 folders.
[2018.06.28-23.22.03:036][  0]LogContentBrowser: Native class hierarchy updated for 'WidgetCarousel' in 0.0009 seconds. Added 0 classes and 0 folders.
[2018.06.28-23.22.03:465][  0]LogContentBrowser: Native class hierarchy updated for 'AddContentDialog' in 0.0011 seconds. Added 0 classes and 0 folders.
[2018.06.28-23.22.03:481][  0]LogContentBrowser: Native class hierarchy updated for 'SceneOutliner' in 0.0012 seconds. Added 1 classes and 2 folders.
[2018.06.28-23.22.03:545][  0]LogSlate: Took 0.005013 seconds to synchronously load lazily loaded font '../../../Engine/Content/Slate/Fonts/Roboto-Regular.ttf' (155K)
[2018.06.28-23.22.03:552][  0]LogSlate: Took 0.004929 seconds to synchronously load lazily loaded font '../../../Engine/Content/Slate/Fonts/Roboto-Bold.ttf' (160K)
[2018.06.28-23.22.03:564][  0]LogSlate: Took 0.005422 seconds to synchronously load lazily loaded font '../../../Engine/Content/Editor/Slate/Fonts/FontAwesome.ttf' (139K)
[2018.06.28-23.22.03:737][  0]LogRenderer: Reallocating scene render targets to support 1056x556 Format 9 NumSamples 1 (Frame:1).
[2018.06.28-23.22.03:940][  0]LogContentBrowser: Native class hierarchy updated for 'HierarchicalLODOutliner' in 0.0012 seconds. Added 0 classes and 0 folders.
[2018.06.28-23.22.03:940][  0]LogLoad: (Engine Initialization) Total time: 32.24 seconds
[2018.06.28-23.22.03:940][  0]LogLoad: (Engine Initialization) Total Blueprint compile time: 0.00 seconds
[2018.06.28-23.22.04:304][  0]LogContentStreaming: Texture pool size now 600 MB
[2018.06.28-23.22.04:374][  0]LogSlate: Took 0.006118 seconds to synchronously load lazily loaded font '../../../Engine/Content/Slate/Fonts/Roboto-Light.ttf' (167K)
[2018.06.28-23.22.05:296][  3]LogAssetRegistry: Asset discovery search completed in 15.9358 seconds
[2018.06.28-23.22.05:302][  3]LogCollectionManager: Rebuilt the object cache for 0 collections in 0.000000 seconds (found 0 objects)
[2018.06.28-23.22.05:302][  3]LogCollectionManager: Fixed up redirectors for 0 collections in 0.000056 seconds (updated 0 objects)
[2018.06.28-23.26.37:460][904]LogSlate: FSceneViewport::OnFocusLost() reason 0
[2018.06.28-23.26.47:141][454]LogSlate: Took 0.000317 seconds to synchronously load lazily loaded font '../../../Engine/Content/Slate/Fonts/Roboto-Light.ttf' (167K)
[2018.06.28-23.26.53:046][559]LogVSAccessor: Warning: Visual Studio is open but could not be queried - it may be blocked by a modal operation
[2018.06.28-23.32.49:813][832]LogEditorViewport: Clicking on Actor (LMB): ThirdPersonCharacter_C (ThirdPersonCharacter)
[2018.06.28-23.32.52:509][973]LogSlate: FSceneViewport::OnFocusLost() reason 0
[2018.06.28-23.32.52:626][980]LogTemp: Repeating last play command: Selected Viewport
[2018.06.28-23.32.52:651][980]LogBlueprintUserMessages: Early PlayInEditor Detection: Level '/Game/ThirdPersonCPP/Maps/ThirdPersonExampleMap.ThirdPersonExampleMap:PersistentLevel' has LevelScriptBlueprint '/Game/ThirdPersonCPP/Maps/ThirdPersonExampleMap.ThirdPersonExampleMap:PersistentLevel.ThirdPersonExampleMap' with GeneratedClass '/Game/ThirdPersonCPP/Maps/ThirdPersonExampleMap.ThirdPersonExampleMap_C' with ClassGeneratedBy '/Game/ThirdPersonCPP/Maps/ThirdPersonExampleMap.ThirdPersonExampleMap:PersistentLevel.ThirdPersonExampleMap'
[2018.06.28-23.32.52:651][980]LogPlayLevel: PlayLevel: No blueprints needed recompiling
[2018.06.28-23.32.52:652][980]PIE: New page: PIE session: ThirdPersonExampleMap (Jun 29, 2018, 5:32:52 PM)
[2018.06.28-23.32.52:652][980]LogPlayLevel: Creating play world package: /Game/ThirdPersonCPP/Maps/UEDPIE_0_ThirdPersonExampleMap
[2018.06.28-23.32.52:684][980]LogPlayLevel: PIE: StaticDuplicateObject took: (0.031866s)
[2018.06.28-23.32.52:685][980]LogAIModule: Creating AISystem for world ThirdPersonExampleMap
[2018.06.28-23.32.52:686][980]LogPlayLevel: PIE: World Init took: (0.001430s)
[2018.06.28-23.32.52:686][980]LogPlayLevel: PIE: Created PIE world by copying editor world from /Game/ThirdPersonCPP/Maps/ThirdPersonExampleMap.ThirdPersonExampleMap to /Game/ThirdPersonCPP/Maps/UEDPIE_0_ThirdPersonExampleMap.ThirdPersonExampleMap (0.033540s)
[2018.06.28-23.32.52:751][980]LogInit: XAudio2 using '스피커(Cirrus Logic CS4208 (AB 128))' : 2 channels at 48 kHz using 16 bits per sample (channel mask 0x3)
[2018.06.28-23.32.52:760][980]LogInit: FAudioDevice initialized.
[2018.06.28-23.32.52:807][980]LogLoad: Game class is 'FightMadangGameMode'
[2018.06.28-23.32.52:810][980]LogWorld: Bringing World /Game/ThirdPersonCPP/Maps/UEDPIE_0_ThirdPersonExampleMap.ThirdPersonExampleMap up for play (max tick rate 60) at 2018.06.29-08.32.52
[2018.06.28-23.32.52:812][980]LogWorld: Bringing up level for play took: 0.003843
[2018.06.28-23.32.52:822][980]LogContentBrowser: Native class hierarchy updated for 'MovieSceneCapture' in 0.0010 seconds. Added 11 classes and 0 folders.
[2018.06.28-23.32.52:825][980]PIE: Play in editor start time for /Game/ThirdPersonCPP/Maps/UEDPIE_0_ThirdPersonExampleMap 0.56
[2018.06.28-23.32.52:825][980]LogBlueprintUserMessages: Late PlayInEditor Detection: Level '/Game/ThirdPersonCPP/Maps/ThirdPersonExampleMap.ThirdPersonExampleMap:PersistentLevel' has LevelScriptBlueprint '/Game/ThirdPersonCPP/Maps/ThirdPersonExampleMap.ThirdPersonExampleMap:PersistentLevel.ThirdPersonExampleMap' with GeneratedClass '/Game/ThirdPersonCPP/Maps/ThirdPersonExampleMap.ThirdPersonExampleMap_C' with ClassGeneratedBy '/Game/ThirdPersonCPP/Maps/ThirdPersonExampleMap.ThirdPersonExampleMap:PersistentLevel.ThirdPersonExampleMap'
[2018.06.28-23.32.58:680][328]LogBlueprintUserMessages: Early EndPlayMap Detection: Level '/Game/ThirdPersonCPP/Maps/ThirdPersonExampleMap.ThirdPersonExampleMap:PersistentLevel' has LevelScriptBlueprint '/Game/ThirdPersonCPP/Maps/ThirdPersonExampleMap.ThirdPersonExampleMap:PersistentLevel.ThirdPersonExampleMap' with GeneratedClass '/Game/ThirdPersonCPP/Maps/ThirdPersonExampleMap.ThirdPersonExampleMap_C' with ClassGeneratedBy '/Game/ThirdPersonCPP/Maps/ThirdPersonExampleMap.ThirdPersonExampleMap:PersistentLevel.ThirdPersonExampleMap'
[2018.06.28-23.32.58:723][328]LogBlueprintUserMessages: Late EndPlayMap Detection: Level '/Game/ThirdPersonCPP/Maps/ThirdPersonExampleMap.ThirdPersonExampleMap:PersistentLevel' has LevelScriptBlueprint '/Game/ThirdPersonCPP/Maps/ThirdPersonExampleMap.ThirdPersonExampleMap:PersistentLevel.ThirdPersonExampleMap' with GeneratedClass '/Game/ThirdPersonCPP/Maps/ThirdPersonExampleMap.ThirdPersonExampleMap_C' with ClassGeneratedBy '/Game/ThirdPersonCPP/Maps/ThirdPersonExampleMap.ThirdPersonExampleMap:PersistentLevel.ThirdPersonExampleMap'
[2018.06.28-23.33.01:521][493]LogSlate: FSceneViewport::OnFocusLost() reason 0
[2018.06.28-23.33.03:561][582]LogContentBrowser: Native class hierarchy updated for 'BlueprintGraph' in 0.0013 seconds. Added 116 classes and 0 folders.
[2018.06.28-23.33.03:893][582]LogUObjectGlobals: Created PersistentFrame Addr=0x000002580113d0e0, Size=4, Default__SKEL_PROTO_BP_AnimBlueprint_0_C Function /Engine/Transient.SKEL_PROTO_BP_AnimBlueprint_0_C:ExecuteUbergraph_PROTO_BP_AnimBlueprint_0
[2018.06.28-23.33.03:894][582]LogUObjectGlobals: Created PersistentFrame Addr=0x000002580113d0d8, Size=4, Default__PROTO_BP_AnimBlueprint_0_C Function /Engine/Transient.PROTO_BP_AnimBlueprint_0_C:ExecuteUbergraph_PROTO_BP_AnimBlueprint_0
[2018.06.28-23.33.06:568][697]LogSlate: Window 'WeaponMelee2' being destroyed
[2018.06.28-23.33.07:016][697]LogSlate: Took 0.005239 seconds to synchronously load lazily loaded font '../../../Engine/Content/Slate/Fonts/Roboto-BoldCondensed.ttf' (158K)
[2018.06.28-23.33.08:539][782]LogRenderer: Reallocating scene render targets to support 1056x688 Format 9 NumSamples 1 (Frame:1).
[2018.06.28-23.33.12:497][976]LogSlate: Took 0.006506 seconds to synchronously load lazily loaded font '../../../Engine/Content/Slate/Fonts/Roboto-Italic.ttf' (157K)
[2018.06.28-23.33.14:276][ 58]LogSlate: FSceneViewport::OnFocusLost() reason 0
[2018.06.28-23.33.26:441][671]LogSlate: FSceneViewport::OnFocusLost() reason 0
[2018.06.28-23.33.26:552][676]BlueprintLog: New page: Compile WeaponMelee2
[2018.06.28-23.33.27:863][714]Cmd: OBJ SAVEPACKAGE PACKAGE="/Game/ThirdPersonCPP/Blueprints/WeaponMelee2" FILE="../../../../../../UnrealProject/FightMadang/Content/ThirdPersonCPP/Blueprints/WeaponMelee2.uasset" SILENT=true
[2018.06.28-23.33.27:906][714]LogSavePackage: Save=21.15ms
[2018.06.28-23.33.27:906][714]LogSavePackage: Moving '../../../../../../UnrealProject/FightMadang/Saved/WeaponMelee2FF518B894E92B48AA025F2A4F54A2FD5.tmp' to '../../../../../../UnrealProject/FightMadang/Content/ThirdPersonCPP/Blueprints/WeaponMelee2.uasset'
[2018.06.28-23.33.27:912][714]LogSavePackage: Display: Finished SavePackage ../../../../../../UnrealProject/FightMadang/Content/ThirdPersonCPP/Blueprints/WeaponMelee2.uasset
[2018.06.28-23.33.29:962][820]LogSlate: Window 'WeaponMelee2' being destroyed
[2018.06.28-23.33.29:983][820]LogSlate: Window 'WeaponMelee2' being destroyed
[2018.06.28-23.33.33:661][992]LogSlate: Window 'WeaponMelee' being destroyed
[2018.06.28-23.33.40:852][336]LogSlate: FSceneViewport::OnFocusLost() reason 0
[2018.06.28-23.33.40:975][342]BlueprintLog: New page: Compile WeaponMelee
[2018.06.28-23.33.42:006][362]Cmd: OBJ SAVEPACKAGE PACKAGE="/Game/ThirdPersonCPP/Blueprints/WeaponMelee" FILE="../../../../../../UnrealProject/FightMadang/Content/ThirdPersonCPP/Blueprints/WeaponMelee.uasset" SILENT=true
[2018.06.28-23.33.42:058][362]LogSavePackage: Save=28.41ms
[2018.06.28-23.33.42:059][362]LogSavePackage: Moving '../../../../../../UnrealProject/FightMadang/Saved/WeaponMelee85C7B7CA4473EBE159F783AA1D190A63.tmp' to '../../../../../../UnrealProject/FightMadang/Content/ThirdPersonCPP/Blueprints/WeaponMelee.uasset'
[2018.06.28-23.33.42:064][362]LogSavePackage: Display: Finished SavePackage ../../../../../../UnrealProject/FightMadang/Content/ThirdPersonCPP/Blueprints/WeaponMelee.uasset
[2018.06.28-23.33.43:051][415]LogSlate: Window 'WeaponMelee' being destroyed
[2018.06.28-23.33.43:074][415]LogSlate: Window 'WeaponMelee' being destroyed
[2018.06.28-23.33.44:050][468]LogTemp: Repeating last play command: Selected Viewport
[2018.06.28-23.33.44:087][468]LogBlueprintUserMessages: Early PlayInEditor Detection: Level '/Game/ThirdPersonCPP/Maps/ThirdPersonExampleMap.ThirdPersonExampleMap:PersistentLevel' has LevelScriptBlueprint '/Game/ThirdPersonCPP/Maps/ThirdPersonExampleMap.ThirdPersonExampleMap:PersistentLevel.ThirdPersonExampleMap' with GeneratedClass '/Game/ThirdPersonCPP/Maps/ThirdPersonExampleMap.ThirdPersonExampleMap_C' with ClassGeneratedBy '/Game/ThirdPersonCPP/Maps/ThirdPersonExampleMap.ThirdPersonExampleMap:PersistentLevel.ThirdPersonExampleMap'
[2018.06.28-23.33.44:087][468]LogPlayLevel: PlayLevel: No blueprints needed recompiling
[2018.06.28-23.33.44:087][468]PIE: New page: PIE session: ThirdPersonExampleMap (Jun 29, 2018, 5:33:44 PM)
[2018.06.28-23.33.44:087][468]LogPlayLevel: Creating play world package: /Game/ThirdPersonCPP/Maps/UEDPIE_0_ThirdPersonExampleMap
[2018.06.28-23.33.44:106][468]LogPlayLevel: PIE: StaticDuplicateObject took: (0.018889s)
[2018.06.28-23.33.44:108][468]LogAIModule: Creating AISystem for world ThirdPersonExampleMap
[2018.06.28-23.33.44:109][468]LogPlayLevel: PIE: World Init took: (0.002208s)
[2018.06.28-23.33.44:109][468]LogPlayLevel: PIE: Created PIE world by copying editor world from /Game/ThirdPersonCPP/Maps/ThirdPersonExampleMap.ThirdPersonExampleMap to /Game/ThirdPersonCPP/Maps/UEDPIE_0_ThirdPersonExampleMap.ThirdPersonExampleMap (0.021397s)
[2018.06.28-23.33.44:143][468]LogInit: XAudio2 using '스피커(Cirrus Logic CS4208 (AB 128))' : 2 channels at 48 kHz using 16 bits per sample (channel mask 0x3)
[2018.06.28-23.33.44:152][468]LogInit: FAudioDevice initialized.
[2018.06.28-23.33.44:188][468]LogLoad: Game class is 'FightMadangGameMode'
[2018.06.28-23.33.44:191][468]LogWorld: Bringing World /Game/ThirdPersonCPP/Maps/UEDPIE_0_ThirdPersonExampleMap.ThirdPersonExampleMap up for play (max tick rate 60) at 2018.06.29-08.33.44
[2018.06.28-23.33.44:192][468]LogWorld: Bringing up level for play took: 0.002729
[2018.06.28-23.33.44:195][468]PIE: Play in editor start time for /Game/ThirdPersonCPP/Maps/UEDPIE_0_ThirdPersonExampleMap -0.069
[2018.06.28-23.33.44:195][468]LogBlueprintUserMessages: Late PlayInEditor Detection: Level '/Game/ThirdPersonCPP/Maps/ThirdPersonExampleMap.ThirdPersonExampleMap:PersistentLevel' has LevelScriptBlueprint '/Game/ThirdPersonCPP/Maps/ThirdPersonExampleMap.ThirdPersonExampleMap:PersistentLevel.ThirdPersonExampleMap' with GeneratedClass '/Game/ThirdPersonCPP/Maps/ThirdPersonExampleMap.ThirdPersonExampleMap_C' with ClassGeneratedBy '/Game/ThirdPersonCPP/Maps/ThirdPersonExampleMap.ThirdPersonExampleMap:PersistentLevel.ThirdPersonExampleMap'
[2018.06.28-23.33.49:263][768]LogBlueprintUserMessages: Early EndPlayMap Detection: Level '/Game/ThirdPersonCPP/Maps/ThirdPersonExampleMap.ThirdPersonExampleMap:PersistentLevel' has LevelScriptBlueprint '/Game/ThirdPersonCPP/Maps/ThirdPersonExampleMap.ThirdPersonExampleMap:PersistentLevel.ThirdPersonExampleMap' with GeneratedClass '/Game/ThirdPersonCPP/Maps/ThirdPersonExampleMap.ThirdPersonExampleMap_C' with ClassGeneratedBy '/Game/ThirdPersonCPP/Maps/ThirdPersonExampleMap.ThirdPersonExampleMap:PersistentLevel.ThirdPersonExampleMap'
[2018.06.28-23.33.49:309][768]LogBlueprintUserMessages: Late EndPlayMap Detection: Level '/Game/ThirdPersonCPP/Maps/ThirdPersonExampleMap.ThirdPersonExampleMap:PersistentLevel' has LevelScriptBlueprint '/Game/ThirdPersonCPP/Maps/ThirdPersonExampleMap.ThirdPersonExampleMap:PersistentLevel.ThirdPersonExampleMap' with GeneratedClass '/Game/ThirdPersonCPP/Maps/ThirdPersonExampleMap.ThirdPersonExampleMap_C' with ClassGeneratedBy '/Game/ThirdPersonCPP/Maps/ThirdPersonExampleMap.ThirdPersonExampleMap:PersistentLevel.ThirdPersonExampleMap'
[2018.06.28-23.35.59:831][318]LogSlate: FSceneViewport::OnFocusLost() reason 0
[2018.06.28-23.36.00:523][327]Candidate modules for hot reload:
[2018.06.28-23.36.00:523][327]  FightMadang
[2018.06.28-23.36.00:524][327]Launching UnrealBuildTool... [C:/Program Files/Epic Games/UE_4.19/Engine/Binaries/DotNET/UnrealBuildTool.exe FightMadang -ModuleWithSuffix=FightMadang,2561 Win64 Development -editorrecompile -canskiplink "C:/UnrealProject/FightMadang/FightMadang.uproject" ]
[2018.06.28-23.36.00:525][327]Warning: Starting HotReload took  0.5s.
[2018.06.28-23.36.53:299][687]CompilerResultsLog: New page: Compilation - Jun 29, 2018, 5:36:53 PM
[2018.06.28-23.36.53:299][687]CompilerResultsLog: Using 'git status' to determine working set for adaptive non-unity build.
[2018.06.28-23.36.53:299][687]CompilerResultsLog: Creating makefile for hot reloading FightMadang (modules to compile have changed)
[2018.06.28-23.36.53:299][687]CompilerResultsLog: Compiling game modules for hot reload
[2018.06.28-23.36.53:299][687]CompilerResultsLog: Performing 3 actions (4 in parallel)
[2018.06.28-23.36.53:299][687]CompilerResultsLog: WeaponBase.cpp
[2018.06.28-23.36.53:299][687]CompilerResultsLog: Error: C:\UnrealProject\FightMadang\Source\FightMadang\WeaponBase.cpp(23) : warning C4996: 'USceneComponent::AttachTo': This function is deprecated, please use AttachToComponent instead. Please update your code to the new API before upgrading to the next release, otherwise your project will no longer compile.
[2018.06.28-23.36.53:299][687]CompilerResultsLog: Error: C:\Program Files\Epic Games\UE_4.19\Engine\Source\Runtime\Engine\Classes\Components/SceneComponent.h(641) : note: 'USceneComponent::AttachTo' ?????? ?????Ͻʽÿ?.
[2018.06.28-23.36.53:299][687]CompilerResultsLog: [2/3] Link UE4Editor-FightMadang-2561.dll
[2018.06.28-23.36.53:299][687]CompilerResultsLog: [3/3] Link UE4Editor-FightMadang-2561.lib
[2018.06.28-23.36.53:299][687]CompilerResultsLog:    C:\UnrealProject\FightMadang\Intermediate\Build\Win64\UE4Editor\Development\UE4Editor-FightMadang-2561.lib ???̺귯?? ?? C:\UnrealProject\FightMadang\Intermediate\Build\Win64\UE4Editor\Development\UE4Editor-FightMadang-2561.exp ??ü?? ?????ϰ? ?ֽ??ϴ?.
[2018.06.28-23.36.53:299][687]CompilerResultsLog:    C:\UnrealProject\FightMadang\Intermediate\Build\Win64\UE4Editor\Development\UE4Editor-FightMadang-2561.suppressed.lib ???̺귯?? ?? C:\UnrealProject\FightMadang\Intermediate\Build\Win64\UE4Editor\Development\UE4Editor-FightMadang-2561.suppressed.exp ??ü?? ?????ϰ? ?ֽ??ϴ?.
[2018.06.28-23.36.53:299][687]CompilerResultsLog: Total build time: 52.22 seconds (Local executor: 15.76 seconds)
[2018.06.28-23.36.53:299][687]LogMainFrame: MainFrame: Module compiling took 52.782 seconds
[2018.06.28-23.36.53:335][687]LogContentBrowser: Native class hierarchy updated for 'FightMadang' in 0.0010 seconds. Added 4 classes and 2 folders.
[2018.06.28-23.36.53:337][687]Display: HotReload successful (0 functions remapped  0 scriptstructs remapped)
[2018.06.28-23.36.53:758][687]LogContentBrowser: Native class hierarchy populated in 0.0103 seconds. Added 2457 classes and 562 folders.
[2018.06.28-23.36.53:760][687]Display: HotReload took 53.8s.
[2018.06.28-23.36.57:432][792]LogTemp: Repeating last play command: Selected Viewport
[2018.06.28-23.36.57:462][792]LogBlueprintUserMessages: Early PlayInEditor Detection: Level '/Game/ThirdPersonCPP/Maps/ThirdPersonExampleMap.ThirdPersonExampleMap:PersistentLevel' has LevelScriptBlueprint '/Game/ThirdPersonCPP/Maps/ThirdPersonExampleMap.ThirdPersonExampleMap:PersistentLevel.ThirdPersonExampleMap' with GeneratedClass '/Game/ThirdPersonCPP/Maps/ThirdPersonExampleMap.ThirdPersonExampleMap_C' with ClassGeneratedBy '/Game/ThirdPersonCPP/Maps/ThirdPersonExampleMap.ThirdPersonExampleMap:PersistentLevel.ThirdPersonExampleMap'
[2018.06.28-23.36.57:463][792]LogPlayLevel: PlayLevel: No blueprints needed recompiling
[2018.06.28-23.36.57:463][792]PIE: New page: PIE session: ThirdPersonExampleMap (Jun 29, 2018, 5:36:57 PM)
[2018.06.28-23.36.57:463][792]LogPlayLevel: Creating play world package: /Game/ThirdPersonCPP/Maps/UEDPIE_0_ThirdPersonExampleMap
[2018.06.28-23.36.57:486][792]LogPlayLevel: PIE: StaticDuplicateObject took: (0.023095s)
[2018.06.28-23.36.57:488][792]LogAIModule: Creating AISystem for world ThirdPersonExampleMap
[2018.06.28-23.36.57:489][792]LogPlayLevel: PIE: World Init took: (0.002390s)
[2018.06.28-23.36.57:489][792]LogPlayLevel: PIE: Created PIE world by copying editor world from /Game/ThirdPersonCPP/Maps/ThirdPersonExampleMap.ThirdPersonExampleMap to /Game/ThirdPersonCPP/Maps/UEDPIE_0_ThirdPersonExampleMap.ThirdPersonExampleMap (0.025741s)
[2018.06.28-23.36.57:600][792]LogInit: XAudio2 using '스피커(Cirrus Logic CS4208 (AB 128))' : 2 channels at 48 kHz using 16 bits per sample (channel mask 0x3)
[2018.06.28-23.36.57:609][792]LogInit: FAudioDevice initialized.
[2018.06.28-23.36.57:643][792]LogLoad: Game class is 'FightMadangGameMode'
[2018.06.28-23.36.57:645][792]LogWorld: Bringing World /Game/ThirdPersonCPP/Maps/UEDPIE_0_ThirdPersonExampleMap.ThirdPersonExampleMap up for play (max tick rate 60) at 2018.06.29-08.36.57
[2018.06.28-23.36.59:006][792]LogWindows: Error: === Critical error: ===
[2018.06.28-23.36.59:006][792]LogWindows: Error: 
[2018.06.28-23.36.59:006][792]LogWindows: Error: Fatal error!
[2018.06.28-23.36.59:006][792]LogWindows: Error: 
[2018.06.28-23.36.59:006][792]LogWindows: Error: Unhandled Exception: EXCEPTION_ACCESS_VIOLATION reading address 0x000001bc
[2018.06.28-23.36.59:006][792]LogWindows: Error: 
[2018.06.28-23.36.59:006][792]LogWindows: Error: [Callstack] 0x00000000481A3A14 UE4Editor-CoreUObject.dll!UnknownFunction []
[2018.06.28-23.36.59:006][792]LogWindows: Error: [Callstack] 0x000000002D5496A1 UE4Editor-Engine.dll!UnknownFunction []
[2018.06.28-23.36.59:007][792]LogWindows: Error: [Callstack] 0x0000000076F16B4D UE4Editor-FightMadang-2561.dll!AWeaponBase::NotifyActorBeginOverlap() [c:\unrealproject\fightmadang\source\fightmadang\weaponbase.cpp:65]
[2018.06.28-23.36.59:007][792]LogWindows: Error: [Callstack] 0x000000002D9F1648 UE4Editor-Engine.dll!UnknownFunction []
[2018.06.28-23.36.59:007][792]LogWindows: Error: [Callstack] 0x000000002DA4079D UE4Editor-Engine.dll!UnknownFunction []
[2018.06.28-23.36.59:007][792]LogWindows: Error: [Callstack] 0x000000002DA408D8 UE4Editor-Engine.dll!UnknownFunction []
[2018.06.28-23.36.59:007][792]LogWindows: Error: [Callstack] 0x000000002D559031 UE4Editor-Engine.dll!UnknownFunction []
[2018.06.28-23.36.59:007][792]LogWindows: Error: [Callstack] 0x000000002D53484A UE4Editor-Engine.dll!UnknownFunction []
[2018.06.28-23.36.59:007][792]LogWindows: Error: [Callstack] 0x000000002D55C349 UE4Editor-Engine.dll!UnknownFunction []
[2018.06.28-23.36.59:007][792]LogWindows: Error: [Callstack] 0x000000002DEC33D4 UE4Editor-Engine.dll!UnknownFunction []
[2018.06.28-23.36.59:007][792]LogWindows: Error: [Callstack] 0x000000002DEC37E7 UE4Editor-Engine.dll!UnknownFunction []
[2018.06.28-23.36.59:007][792]LogWindows: Error: [Callstack] 0x0000000076F163A9 UE4Editor-FightMadang-2561.dll!APublicCharacter::SpawnDefaultInventory() [c:\unrealproject\fightmadang\source\fightmadang\publiccharacter.cpp:81]
[2018.06.28-23.36.59:007][792]LogWindows: Error: [Callstack] 0x000000002DE29D86 UE4Editor-Engine.dll!UnknownFunction []
[2018.06.28-23.36.59:007][792]LogWindows: Error: [Callstack] 0x000000002E7D73FB UE4Editor-Engine.dll!UnknownFunction []
[2018.06.28-23.36.59:007][792]LogWindows: Error: [Callstack] 0x000000002DCC42A2 UE4Editor-Engine.dll!UnknownFunction []
[2018.06.28-23.36.59:007][792]LogWindows: Error: [Callstack] 0x000000002C5C27E0 UE4Editor-UnrealEd.dll!UnknownFunction []
[2018.06.28-23.36.59:007][792]LogWindows: Error: [Callstack] 0x000000002C5E1246 UE4Editor-UnrealEd.dll!UnknownFunction []
[2018.06.28-23.36.59:007][792]LogWindows: Error: [Callstack] 0x000000002C5FBBEF UE4Editor-UnrealEd.dll!UnknownFunction []
[2018.06.28-23.36.59:007][792]LogWindows: Error: [Callstack] 0x000000002C06C961 UE4Editor-UnrealEd.dll!UnknownFunction []
[2018.06.28-23.36.59:007][792]LogWindows: Error: [Callstack] 0x000000002C909626 UE4Editor-UnrealEd.dll!UnknownFunction []
[2018.06.28-23.36.59:007][792]LogWindows: Error: [Callstack] 0x000000000B985EAC UE4Editor.exe!UnknownFunction []
[2018.06.28-23.36.59:007][792]LogWindows: Error: [Callstack] 0x000000000B996BD0 UE4Editor.exe!UnknownFunction []
[2018.06.28-23.36.59:007][792]LogWindows: Error: [Callstack] 0x000000000B996C4A UE4Editor.exe!UnknownFunction []
[2018.06.28-23.36.59:007][792]LogWindows: Error: [Callstack] 0x000000000B9A4177 UE4Editor.exe!UnknownFunction []
[2018.06.28-23.36.59:007][792]LogWindows: Error: [Callstack] 0x000000000B9A5B87 UE4Editor.exe!UnknownFunction []
[2018.06.28-23.36.59:007][792]LogWindows: Error: [Callstack] 0x000000007FB13034 KERNEL32.DLL!UnknownFunction []
[2018.06.28-23.36.59:007][792]LogWindows: Error: [Callstack] 0x0000000080881431 ntdll.dll!UnknownFunction []
[2018.06.28-23.36.59:007][792]LogWindows: Error: [Callstack] 0x0000000080881431 ntdll.dll!UnknownFunction []
[2018.06.28-23.36.59:007][792]LogWindows: Error: 
[2018.06.28-23.36.59:030][792]LogExit: Executing StaticShutdownAfterError
[2018.06.28-23.36.59:034][792]LogWindows: FPlatformMisc::RequestExit(1)
[2018.06.28-23.36.59:034][792]Log file closed, 06/29/18 08:36:59
