Log file open, 06/29/18 08:40:41
LogWindows: Failed to load 'aqProf.dll' (GetLastError=126)
LogWindows: File 'aqProf.dll' does not exist
LogWindows: Failed to load 'VtuneApi.dll' (GetLastError=126)
LogWindows: File 'VtuneApi.dll' does not exist
LogWindows: Failed to load 'VtuneApi32e.dll' (GetLastError=126)
LogWindows: File 'VtuneApi32e.dll' does not exist
LogInit: Display: Running engine for game: FightMadang
LogPlatformFile: Not using cached read wrapper
LogInit: Display: RandInit(593446830) SRandInit(593446830).
LogInit: Read version file with build ID '3944462'
LogInit: Overriding engine version to CL 4033788, compatible CL 3944462
LogInit: Registered custom module enumerator with build ID '3944462'
LogTaskGraph: Started task graph with 5 named threads and 23 total threads with 3 sets of task threads.
LogStats: Stats thread started at 0.296100
LogD3D11RHI: Aftermath initialized
LogICUInternationalization: Display: ICU TimeZone Detection - Raw Offset: +9:00, Platform Override: ''
LogPluginManager: Mounting plugin Paper2D
LogPluginManager: Mounting plugin LiveLink
LogPluginManager: Mounting plugin LightPropagationVolume
LogPluginManager: Mounting plugin CLionSourceCodeAccess
LogPluginManager: Mounting plugin CodeLiteSourceCodeAccess
LogPluginManager: Mounting plugin GitSourceControl
LogPluginManager: Mounting plugin KDevelopSourceCodeAccess
LogPluginManager: Mounting plugin NullSourceCodeAccess
LogPluginManager: Mounting plugin PerforceSourceControl
LogPluginManager: Mounting plugin SubversionSourceControl
LogPluginManager: Mounting plugin UObjectPlugin
LogPluginManager: Mounting plugin VisualStudioCodeSourceCodeAccess
LogPluginManager: Mounting plugin VisualStudioSourceCodeAccess
LogPluginManager: Mounting plugin XCodeSourceCodeAccess
LogPluginManager: Mounting plugin AssetManagerEditor
LogPluginManager: Mounting plugin CryptoKeys
LogPluginManager: Mounting plugin DataValidation
LogPluginManager: Mounting plugin FacialAnimation
LogPluginManager: Mounting plugin GameplayTagsEditor
LogPluginManager: Mounting plugin MobileLauncherProfileWizard
LogPluginManager: Mounting plugin PluginBrowser
LogPluginManager: Mounting plugin SpeedTreeImporter
LogPluginManager: Mounting plugin DatasmithContent
LogPluginManager: Mounting plugin AlembicImporter
LogPluginManager: Mounting plugin CharacterAI
LogPluginManager: Mounting plugin HTML5Networking
LogPluginManager: Mounting plugin AndroidMedia
LogPluginManager: Mounting plugin AvfMedia
LogPluginManager: Mounting plugin ImgMedia
LogPluginManager: Mounting plugin LinearTimecode
LogPluginManager: Mounting plugin MediaCompositing
LogPluginManager: Mounting plugin MediaPlayerEditor
LogPluginManager: Mounting plugin WmfMedia
LogPluginManager: Mounting plugin TcpMessaging
LogPluginManager: Mounting plugin UdpMessaging
LogPluginManager: Mounting plugin ActorSequence
LogPluginManager: Mounting plugin LevelSequenceEditor
LogPluginManager: Mounting plugin MatineeToLevelSequence
LogPluginManager: Mounting plugin NetcodeUnitTest
LogPluginManager: Mounting plugin NUTUnrealEngine4
LogPluginManager: Mounting plugin OnlineSubsystemGooglePlay
LogPluginManager: Mounting plugin OnlineSubsystemIOS
LogPluginManager: Mounting plugin OnlineSubsystem
LogPluginManager: Mounting plugin OnlineSubsystemNull
LogPluginManager: Mounting plugin OnlineSubsystemUtils
LogPluginManager: Mounting plugin AndroidDeviceProfileSelector
LogPluginManager: Mounting plugin AndroidMoviePlayer
LogPluginManager: Mounting plugin AndroidPermission
LogPluginManager: Mounting plugin AppleARKit
LogPluginManager: Mounting plugin AppleMoviePlayer
LogPluginManager: Mounting plugin ArchVisCharacter
LogPluginManager: Mounting plugin AudioCapture
LogPluginManager: Mounting plugin CableComponent
LogPluginManager: Mounting plugin CustomMeshComponent
LogPluginManager: Mounting plugin ExampleDeviceProfileSelector
LogPluginManager: Mounting plugin GoogleCloudMessaging
LogPluginManager: Mounting plugin ImmediatePhysics
LogPluginManager: Mounting plugin IOSDeviceProfileSelector
LogPluginManager: Mounting plugin LinuxDeviceProfileSelector
LogPluginManager: Mounting plugin LocationServicesBPLibrary
LogPluginManager: Mounting plugin MobilePatchingUtils
LogPluginManager: Mounting plugin OculusVR
LogPluginManager: Plugin shader directory ../../../Engine/Plugins/Runtime/Oculus/OculusVR/Shaders found
LogPluginManager: Mapping shader source directory ../../../Engine/Plugins/Runtime/Oculus/OculusVR/Shaders to virtual directory /Plugin/OculusVR
LogPluginManager: Mounting plugin PhysXVehicles
LogPluginManager: Mounting plugin ProceduralMeshComponent
LogPluginManager: Mounting plugin RuntimePhysXCooking
LogPluginManager: Mounting plugin SteamVR
LogPluginManager: Mounting plugin WindowsMoviePlayer
LogStreaming: Display: Took  0.132s to configure plugins.
LogModuleManager: Display: Found up-to-date module file ../../../../../../UnrealProject/FightMadang/Binaries/Win64/UE4Editor-FightMadang-2561.dll (API version 3944462).
LogModuleManager: Display: Found up-to-date module file ../../../Engine/Plugins/2D/Paper2D/Binaries/Win64/UE4Editor-Paper2D.dll (API version 3944462).
LogModuleManager: Display: Found up-to-date module file ../../../Engine/Plugins/2D/Paper2D/Binaries/Win64/UE4Editor-Paper2DEditor.dll (API version 3944462).
LogModuleManager: Display: Found up-to-date module file ../../../Engine/Plugins/2D/Paper2D/Binaries/Win64/UE4Editor-PaperSpriteSheetImporter.dll (API version 3944462).
LogModuleManager: Display: Found up-to-date module file ../../../Engine/Plugins/2D/Paper2D/Binaries/Win64/UE4Editor-PaperTiledImporter.dll (API version 3944462).
LogModuleManager: Display: Found up-to-date module file ../../../Engine/Plugins/2D/Paper2D/Binaries/Win64/UE4Editor-SmartSnapping.dll (API version 3944462).
LogModuleManager: Display: Found up-to-date module file ../../../Engine/Plugins/Animation/LiveLink/Binaries/Win64/UE4Editor-LiveLink.dll (API version 3944462).
LogModuleManager: Display: Found up-to-date module file ../../../Engine/Plugins/Animation/LiveLink/Binaries/Win64/UE4Editor-LiveLinkEditor.dll (API version 3944462).
LogModuleManager: Display: Found up-to-date module file ../../../Engine/Plugins/Blendables/LightPropagationVolume/Binaries/Win64/UE4Editor-LightPropagationVolumeRuntime.dll (API version 3944462).
LogModuleManager: Display: Found up-to-date module file ../../../Engine/Plugins/Blendables/LightPropagationVolume/Binaries/Win64/UE4Editor-LightPropagationVolumeEditor.dll (API version 3944462).
LogModuleManager: Display: Found up-to-date module file ../../../Engine/Plugins/Developer/CLionSourceCodeAccess/Binaries/Win64/UE4Editor-CLionSourceCodeAccess.dll (API version 3944462).
LogModuleManager: Display: Found up-to-date module file ../../../Engine/Plugins/Developer/GitSourceControl/Binaries/Win64/UE4Editor-GitSourceControl.dll (API version 3944462).
LogModuleManager: Display: Found up-to-date module file ../../../Engine/Plugins/Developer/PerforceSourceControl/Binaries/Win64/UE4Editor-PerforceSourceControl.dll (API version 3944462).
LogModuleManager: Display: Found up-to-date module file ../../../Engine/Plugins/Developer/SubversionSourceControl/Binaries/Win64/UE4Editor-SubversionSourceControl.dll (API version 3944462).
LogModuleManager: Display: Found up-to-date module file ../../../Engine/Plugins/Developer/UObjectPlugin/Binaries/Win64/UE4Editor-UObjectPlugin.dll (API version 3944462).
LogModuleManager: Display: Found up-to-date module file ../../../Engine/Plugins/Developer/VisualStudioCodeSourceCodeAccess/Binaries/Win64/UE4Editor-VisualStudioCodeSourceCodeAccess.dll (API version 3944462).
LogModuleManager: Display: Found up-to-date module file ../../../Engine/Plugins/Developer/VisualStudioSourceCodeAccess/Binaries/Win64/UE4Editor-VisualStudioSourceCodeAccess.dll (API version 3944462).
LogModuleManager: Display: Found up-to-date module file ../../../Engine/Plugins/Editor/AssetManagerEditor/Binaries/Win64/UE4Editor-AssetManagerEditor.dll (API version 3944462).
LogModuleManager: Display: Found up-to-date module file ../../../Engine/Plugins/Editor/CryptoKeys/Binaries/Win64/UE4Editor-CryptoKeys.dll (API version 3944462).
LogModuleManager: Display: Found up-to-date module file ../../../Engine/Plugins/Editor/CryptoKeys/Binaries/Win64/UE4Editor-CryptoKeysOpenSSL.dll (API version 3944462).
LogModuleManager: Display: Found up-to-date module file ../../../Engine/Plugins/Editor/DataValidation/Binaries/Win64/UE4Editor-DataValidation.dll (API version 3944462).
LogModuleManager: Display: Found up-to-date module file ../../../Engine/Plugins/Editor/FacialAnimation/Binaries/Win64/UE4Editor-FacialAnimation.dll (API version 3944462).
LogModuleManager: Display: Found up-to-date module file ../../../Engine/Plugins/Editor/FacialAnimation/Binaries/Win64/UE4Editor-FacialAnimationEditor.dll (API version 3944462).
LogModuleManager: Display: Found up-to-date module file ../../../Engine/Plugins/Editor/GameplayTagsEditor/Binaries/Win64/UE4Editor-GameplayTagsEditor.dll (API version 3944462).
LogModuleManager: Display: Found up-to-date module file ../../../Engine/Plugins/Editor/MobileLauncherProfileWizard/Binaries/Win64/UE4Editor-MobileLauncherProfileWizard.dll (API version 3944462).
LogModuleManager: Display: Found up-to-date module file ../../../Engine/Plugins/Editor/PluginBrowser/Binaries/Win64/UE4Editor-PluginBrowser.dll (API version 3944462).
LogModuleManager: Display: Found up-to-date module file ../../../Engine/Plugins/Editor/SpeedTreeImporter/Binaries/Win64/UE4Editor-SpeedTreeImporter.dll (API version 3944462).
LogModuleManager: Display: Found up-to-date module file ../../../Engine/Plugins/Enterprise/DatasmithContent/Binaries/Win64/UE4Editor-DatasmithContent.dll (API version 3944462).
LogModuleManager: Display: Found up-to-date module file ../../../Engine/Plugins/Experimental/AlembicImporter/Binaries/Win64/UE4Editor-AlembicImporter.dll (API version 3944462).
LogModuleManager: Display: Found up-to-date module file ../../../Engine/Plugins/Experimental/AlembicImporter/Binaries/Win64/UE4Editor-AlembicLibrary.dll (API version 3944462).
LogModuleManager: Display: Found up-to-date module file ../../../Engine/Plugins/Experimental/CharacterAI/Binaries/Win64/UE4Editor-CharacterAI.dll (API version 3944462).
LogModuleManager: Display: Found up-to-date module file ../../../Engine/Plugins/Experimental/HTML5Networking/Binaries/Win64/UE4Editor-HTML5Networking.dll (API version 3944462).
LogModuleManager: Display: Found up-to-date module file ../../../Engine/Plugins/Media/AndroidMedia/Binaries/Win64/UE4Editor-AndroidMediaEditor.dll (API version 3944462).
LogModuleManager: Display: Found up-to-date module file ../../../Engine/Plugins/Media/AndroidMedia/Binaries/Win64/UE4Editor-AndroidMediaFactory.dll (API version 3944462).
LogModuleManager: Display: Found up-to-date module file ../../../Engine/Plugins/Media/AvfMedia/Binaries/Win64/UE4Editor-AvfMediaEditor.dll (API version 3944462).
LogModuleManager: Display: Found up-to-date module file ../../../Engine/Plugins/Media/AvfMedia/Binaries/Win64/UE4Editor-AvfMediaFactory.dll (API version 3944462).
LogModuleManager: Display: Found up-to-date module file ../../../Engine/Plugins/Media/AvfMedia/Binaries/Win64/UE4Editor-AvfMediaFactory.dll (API version 3944462).
LogModuleManager: Display: Found up-to-date module file ../../../Engine/Plugins/Media/ImgMedia/Binaries/Win64/UE4Editor-ImgMedia.dll (API version 3944462).
LogModuleManager: Display: Found up-to-date module file ../../../Engine/Plugins/Media/ImgMedia/Binaries/Win64/UE4Editor-ImgMediaEditor.dll (API version 3944462).
LogModuleManager: Display: Found up-to-date module file ../../../Engine/Plugins/Media/ImgMedia/Binaries/Win64/UE4Editor-ImgMediaFactory.dll (API version 3944462).
LogModuleManager: Display: Found up-to-date module file ../../../Engine/Plugins/Media/ImgMedia/Binaries/Win64/UE4Editor-ImgMediaFactory.dll (API version 3944462).
LogModuleManager: Display: Found up-to-date module file ../../../Engine/Plugins/Media/ImgMedia/Binaries/Win64/UE4Editor-OpenExrWrapper.dll (API version 3944462).
LogModuleManager: Display: Found up-to-date module file ../../../Engine/Plugins/Media/LinearTimecode/Binaries/Win64/UE4Editor-LinearTimecode.dll (API version 3944462).
LogModuleManager: Display: Found up-to-date module file ../../../Engine/Plugins/Media/MediaCompositing/Binaries/Win64/UE4Editor-MediaCompositing.dll (API version 3944462).
LogModuleManager: Display: Found up-to-date module file ../../../Engine/Plugins/Media/MediaCompositing/Binaries/Win64/UE4Editor-MediaCompositingEditor.dll (API version 3944462).
LogModuleManager: Display: Found up-to-date module file ../../../Engine/Plugins/Media/MediaPlayerEditor/Binaries/Win64/UE4Editor-MediaPlayerEditor.dll (API version 3944462).
LogModuleManager: Display: Found up-to-date module file ../../../Engine/Plugins/Media/WmfMedia/Binaries/Win64/UE4Editor-WmfMedia.dll (API version 3944462).
LogModuleManager: Display: Found up-to-date module file ../../../Engine/Plugins/Media/WmfMedia/Binaries/Win64/UE4Editor-WmfMediaEditor.dll (API version 3944462).
LogModuleManager: Display: Found up-to-date module file ../../../Engine/Plugins/Media/WmfMedia/Binaries/Win64/UE4Editor-WmfMediaFactory.dll (API version 3944462).
LogModuleManager: Display: Found up-to-date module file ../../../Engine/Plugins/Media/WmfMedia/Binaries/Win64/UE4Editor-WmfMediaFactory.dll (API version 3944462).
LogModuleManager: Display: Found up-to-date module file ../../../Engine/Plugins/Messaging/TcpMessaging/Binaries/Win64/UE4Editor-TcpMessaging.dll (API version 3944462).
LogModuleManager: Display: Found up-to-date module file ../../../Engine/Plugins/Messaging/UdpMessaging/Binaries/Win64/UE4Editor-UdpMessaging.dll (API version 3944462).
LogModuleManager: Display: Found up-to-date module file ../../../Engine/Plugins/MovieScene/ActorSequence/Binaries/Win64/UE4Editor-ActorSequence.dll (API version 3944462).
LogModuleManager: Display: Found up-to-date module file ../../../Engine/Plugins/MovieScene/LevelSequenceEditor/Binaries/Win64/UE4Editor-LevelSequenceEditor.dll (API version 3944462).
LogModuleManager: Display: Found up-to-date module file ../../../Engine/Plugins/MovieScene/MatineeToLevelSequence/Binaries/Win64/UE4Editor-MatineeToLevelSequence.dll (API version 3944462).
LogModuleManager: Display: Found up-to-date module file ../../../Engine/Plugins/NetcodeUnitTest/NetcodeUnitTest/Binaries/Win64/UE4Editor-NetcodeUnitTest.dll (API version 3944462).
LogModuleManager: Display: Found up-to-date module file ../../../Engine/Plugins/NetcodeUnitTest/NUTUnrealEngine4/Binaries/Win64/UE4Editor-NUTUnrealEngine4.dll (API version 3944462).
LogModuleManager: Display: Found up-to-date module file ../../../Engine/Plugins/Online/OnlineSubsystem/Binaries/Win64/UE4Editor-OnlineSubsystem.dll (API version 3944462).
LogModuleManager: Display: Found up-to-date module file ../../../Engine/Plugins/Online/OnlineSubsystemNull/Binaries/Win64/UE4Editor-OnlineSubsystemNull.dll (API version 3944462).
LogModuleManager: Display: Found up-to-date module file ../../../Engine/Plugins/Online/OnlineSubsystemUtils/Binaries/Win64/UE4Editor-OnlineSubsystemUtils.dll (API version 3944462).
LogModuleManager: Display: Found up-to-date module file ../../../Engine/Plugins/Online/OnlineSubsystemUtils/Binaries/Win64/UE4Editor-OnlineBlueprintSupport.dll (API version 3944462).
LogModuleManager: Display: Found up-to-date module file ../../../Engine/Plugins/Runtime/AndroidDeviceProfileSelector/Binaries/Win64/UE4Editor-AndroidDeviceProfileSelector.dll (API version 3944462).
LogModuleManager: Display: Found up-to-date module file ../../../Engine/Plugins/Runtime/AndroidPermission/Binaries/Win64/UE4Editor-AndroidPermission.dll (API version 3944462).
LogModuleManager: Display: Found up-to-date module file ../../../Engine/Plugins/Runtime/AppleARKit/Binaries/Win64/UE4Editor-AppleARKit.dll (API version 3944462).
LogModuleManager: Display: Found up-to-date module file ../../../Engine/Plugins/Runtime/ArchVisCharacter/Binaries/Win64/UE4Editor-ArchVisCharacter.dll (API version 3944462).
LogModuleManager: Display: Found up-to-date module file ../../../Engine/Plugins/Runtime/AudioCapture/Binaries/Win64/UE4Editor-AudioCapture.dll (API version 3944462).
LogModuleManager: Display: Found up-to-date module file ../../../Engine/Plugins/Runtime/AudioCapture/Binaries/Win64/UE4Editor-AudioCaptureEditor.dll (API version 3944462).
LogModuleManager: Display: Found up-to-date module file ../../../Engine/Plugins/Runtime/CableComponent/Binaries/Win64/UE4Editor-CableComponent.dll (API version 3944462).
LogModuleManager: Display: Found up-to-date module file ../../../Engine/Plugins/Runtime/CustomMeshComponent/Binaries/Win64/UE4Editor-CustomMeshComponent.dll (API version 3944462).
LogModuleManager: Display: Found up-to-date module file ../../../Engine/Plugins/Runtime/ExampleDeviceProfileSelector/Binaries/Win64/UE4Editor-ExampleDeviceProfileSelector.dll (API version 3944462).
LogModuleManager: Display: Found up-to-date module file ../../../Engine/Plugins/Runtime/ImmediatePhysics/Binaries/Win64/UE4Editor-ImmediatePhysics.dll (API version 3944462).
LogModuleManager: Display: Found up-to-date module file ../../../Engine/Plugins/Runtime/ImmediatePhysics/Binaries/Win64/UE4Editor-ImmediatePhysicsEditor.dll (API version 3944462).
LogModuleManager: Display: Found up-to-date module file ../../../Engine/Plugins/Runtime/LocationServicesBPLibrary/Binaries/Win64/UE4Editor-LocationServicesBPLibrary.dll (API version 3944462).
LogModuleManager: Display: Found up-to-date module file ../../../Engine/Plugins/Runtime/MobilePatchingUtils/Binaries/Win64/UE4Editor-MobilePatchingUtils.dll (API version 3944462).
LogModuleManager: Display: Found up-to-date module file ../../../Engine/Plugins/Runtime/Oculus/OculusVR/Binaries/Win64/UE4Editor-OculusHMD.dll (API version 3944462).
LogModuleManager: Display: Found up-to-date module file ../../../Engine/Plugins/Runtime/Oculus/OculusVR/Binaries/Win64/UE4Editor-OculusInput.dll (API version 3944462).
LogModuleManager: Display: Found up-to-date module file ../../../Engine/Plugins/Runtime/Oculus/OculusVR/Binaries/Win64/UE4Editor-OculusEditor.dll (API version 3944462).
LogModuleManager: Display: Found up-to-date module file ../../../Engine/Plugins/Runtime/PhysXVehicles/Binaries/Win64/UE4Editor-PhysXVehicles.dll (API version 3944462).
LogModuleManager: Display: Found up-to-date module file ../../../Engine/Plugins/Runtime/PhysXVehicles/Binaries/Win64/UE4Editor-PhysXVehiclesEditor.dll (API version 3944462).
LogModuleManager: Display: Found up-to-date module file ../../../Engine/Plugins/Runtime/ProceduralMeshComponent/Binaries/Win64/UE4Editor-ProceduralMeshComponent.dll (API version 3944462).
LogModuleManager: Display: Found up-to-date module file ../../../Engine/Plugins/Runtime/ProceduralMeshComponent/Binaries/Win64/UE4Editor-ProceduralMeshComponentEditor.dll (API version 3944462).
LogModuleManager: Display: Found up-to-date module file ../../../Engine/Plugins/Runtime/RuntimePhysXCooking/Binaries/Win64/UE4Editor-RuntimePhysXCooking.dll (API version 3944462).
LogModuleManager: Display: Found up-to-date module file ../../../Engine/Plugins/Runtime/Steam/SteamVR/Binaries/Win64/UE4Editor-SteamVR.dll (API version 3944462).
LogModuleManager: Display: Found up-to-date module file ../../../Engine/Plugins/Runtime/Steam/SteamVR/Binaries/Win64/UE4Editor-SteamVRController.dll (API version 3944462).
LogModuleManager: Display: Found up-to-date module file ../../../Engine/Plugins/Runtime/WindowsMoviePlayer/Binaries/Win64/UE4Editor-WindowsMoviePlayer.dll (API version 3944462).
LogInit: Using libcurl 7.47.1
LogInit:  - built for x86_64-pc-win32
LogInit:  - supports SSL with OpenSSL/1.0.2g
LogInit:  - supports HTTP deflate (compression) using libz 1.2.8
LogInit:  - other features:
LogInit:      CURL_VERSION_SSL
LogInit:      CURL_VERSION_LIBZ
LogInit:      CURL_VERSION_IPV6
LogInit:      CURL_VERSION_ASYNCHDNS
LogInit:      CURL_VERSION_LARGEFILE
LogInit:      CURL_VERSION_IDN
LogInit:  CurlRequestOptions (configurable via config and command line):
LogInit:  - bVerifyPeer = false  - Libcurl will NOT verify peer certificate
LogInit:  - bUseHttpProxy = false  - Libcurl will NOT use HTTP proxy
LogInit:  - bDontReuseConnections = false  - Libcurl will reuse connections
LogInit:  - CertBundlePath = nullptr  - Libcurl will use whatever was configured at build time.
LogInit:  - MaxHostConnections = 16  - Libcurl will limit the number of connections to a host
LogInit:  - LocalHostAddr = Default
LogInit: WinSock: version 1.1 (2.2), MaxSocks=32767, MaxUdp=65467
LogInit: WinSock: I am DESKTOP-TFTFDIF (192.168.0.4:0)
LogInit: Build: ++UE4+Release-4.19-CL-4033788
LogInit: Engine Version: 4.19.2-4033788+++UE4+Release-4.19
LogInit: Compatible Engine Version: 4.19.0-3944462+++UE4+Release-4.19
LogInit: Net CL: 3944462
LogDevObjectVersion: Number of dev versions registered: 18
LogDevObjectVersion:   Dev-Blueprints (B0D832E4-1F89-4F0D-ACCF-7EB736FD4AA2): 10
LogDevObjectVersion:   Dev-Build (E1C64328-A22C-4D53-A36C-8E866417BD8C): 0
LogDevObjectVersion:   Dev-Core (375EC13C-06E4-48FB-B500-84F0262A717E): 2
LogDevObjectVersion:   Dev-Editor (E4B068ED-F494-42E9-A231-DA0B2E46BB41): 23
LogDevObjectVersion:   Dev-Framework (CFFC743F-43B0-4480-9391-14DF171D2073): 33
LogDevObjectVersion:   Dev-Mobile (B02B49B5-BB20-44E9-A304-32B752E40360): 2
LogDevObjectVersion:   Dev-Networking (A4E4105C-59A1-49B5-A7C5-40C4547EDFEE): 0
LogDevObjectVersion:   Dev-Online (39C831C9-5AE6-47DC-9A44-9C173E1C8E7C): 0
LogDevObjectVersion:   Dev-Physics (78F01B33-EBEA-4F98-B9B4-84EACCB95AA2): 0
LogDevObjectVersion:   Dev-Platform (6631380F-2D4D-43E0-8009-CF276956A95A): 0
LogDevObjectVersion:   Dev-Rendering (12F88B9F-8875-4AFC-A67C-D90C383ABD29): 25
LogDevObjectVersion:   Dev-Sequencer (7B5AE74C-D270-4C10-A958-57980B212A5A): 6
LogDevObjectVersion:   Dev-VR (D7296918-1DD6-4BDD-9DE2-64A83CC13884): 1
LogDevObjectVersion:   Dev-LoadTimes (C2A15278-BFE7-4AFE-6C17-90FF531DF755): 1
LogDevObjectVersion:   Private-Geometry (6EACA3D4-40EC-4CC1-B786-8BED09428FC5): 2
LogDevObjectVersion:   Dev-AnimPhys (29E575DD-E0A3-4627-9D10-D276232CDCEA): 16
LogDevObjectVersion:   Dev-ReflectionCapture (6B266CEC-1EC7-4B8F-A30B-E4D90942FC07): 1
LogDevObjectVersion:   Dev-Automation (0DF73D61-A23F-47EA-B727-89E90C41499A): 1
LogInit: Compiled (64-bit): Apr 27 2018 02:06:57
LogInit: Compiled with Visual C++: 19.00.24215.01
LogInit: Build Configuration: Development
LogInit: Branch Name: ++UE4+Release-4.19
LogInit: Command Line:  
LogInit: Base Directory: C:/Program Files/Epic Games/UE_4.19/Engine/Binaries/Win64/
LogInit: Installed Engine Build: 1
LogStreaming: Display: Took  0.001s to delete old logs.
LogInit: Presizing for max 8388607 objects, including 0 objects not considered by GC, pre-allocating 0 bytes for permanent pool.
LogInit: Object subsystem initialized
[2018.06.28-23.40.44:101][  0]LogInit: Selected Device Profile: [Windows]
[2018.06.28-23.40.44:101][  0]LogInit: Applying CVar settings loaded from the selected device profile: [Windows]
[2018.06.28-23.40.44:131][  0]LogInit: Computer: DESKTOP-TFTFDIF
[2018.06.28-23.40.44:131][  0]LogInit: User: LeeOneHyo
[2018.06.28-23.40.44:132][  0]LogInit: CPU Page size=4096, Cores=4
[2018.06.28-23.40.44:132][  0]LogInit: High frequency timer resolution =2.435774 MHz
[2018.06.28-23.40.44:133][  0]LogMemory: Memory total: Physical=15.9GB (16GB approx)
[2018.06.28-23.40.44:133][  0]LogMemory: Platform Memory Stats for Windows
[2018.06.28-23.40.44:133][  0]LogMemory: Process Physical Memory: 274.14 MB used, 274.14 MB peak
[2018.06.28-23.40.44:133][  0]LogMemory: Process Virtual Memory: 264.47 MB used, 264.47 MB peak
[2018.06.28-23.40.44:133][  0]LogMemory: Physical Memory: 4276.72 MB used,  11983.48 MB free, 16260.20 MB total
[2018.06.28-23.40.44:133][  0]LogMemory: Virtual Memory: 4791.84 MB used,  11983.48 MB free, 134217728.00 MB total
[2018.06.28-23.40.44:176][  0]LogInit: Overriding language with editor language configuration option (en).
[2018.06.28-23.40.44:176][  0]LogInit: Overriding locale with editor locale configuration option (en).
[2018.06.28-23.40.44:603][  0]LogStreaming: Display: Took  0.427s to EndInitTextLocalization.
[2018.06.28-23.40.44:603][  0]LogInit: Setting process to per monitor DPI aware
[2018.06.28-23.40.44:639][  0]LogSlate: New Slate User Created.  User Index 0, Is Virtual User: 0
[2018.06.28-23.40.44:639][  0]LogSlate: Slate User Registered.  User Index 0, Is Virtual User: 0
[2018.06.28-23.40.44:843][  0]LogD3D11RHI: D3D11 adapters:
[2018.06.28-23.40.44:861][  0]LogD3D11RHI:    0. 'AMD Radeon R9 M370X' (Feature Level 11_0)
[2018.06.28-23.40.44:861][  0]LogD3D11RHI:       2029/0/8130 MB DedicatedVideo/DedicatedSystem/SharedSystem, Outputs:1, VendorId:0x1002
[2018.06.28-23.40.44:863][  0]LogD3D11RHI:    1. 'Microsoft Basic Render Driver' (Feature Level 11_0)
[2018.06.28-23.40.44:863][  0]LogD3D11RHI:       0/0/8130 MB DedicatedVideo/DedicatedSystem/SharedSystem, Outputs:0, VendorId:0x1414
[2018.06.28-23.40.44:863][  0]LogD3D11RHI: Chosen D3D11 Adapter: 0
[2018.06.28-23.40.44:869][  0]LogD3D11RHI: Creating new Direct3DDevice
[2018.06.28-23.40.44:869][  0]LogD3D11RHI:     GPU DeviceId: 0x6821 (for the marketing name, search the web for "GPU Device Id")
[2018.06.28-23.40.44:869][  0]LogWindows: EnumDisplayDevices:
[2018.06.28-23.40.44:869][  0]LogWindows:    0. 'AMD Radeon R9 M370X' (P:1 D:1)
[2018.06.28-23.40.44:869][  0]LogWindows:    1. 'AMD Radeon R9 M370X' (P:0 D:0)
[2018.06.28-23.40.44:870][  0]LogWindows:    2. 'AMD Radeon R9 M370X' (P:0 D:0)
[2018.06.28-23.40.44:870][  0]LogWindows:    3. 'AMD Radeon R9 M370X' (P:0 D:0)
[2018.06.28-23.40.44:870][  0]LogWindows:    4. 'AMD Radeon R9 M370X' (P:0 D:0)
[2018.06.28-23.40.44:870][  0]LogWindows:    5. 'AMD Radeon R9 M370X' (P:0 D:0)
[2018.06.28-23.40.44:871][  0]LogWindows: DebugString: GetVideoDriverDetailsInvalid PrimaryIsNotTheChoosenAdapter GetVideoDriverDetailsInvalid PrimaryIsNotTheChoosenAdapter GetVideoDriverDetailsInvalid PrimaryIsNotTheChoosenAdapter GetVideoDriverDetailsInvalid PrimaryIsNotTheChoosenAdapter GetVideoDriverDetailsInvalid PrimaryIsNotTheChoosenAdapter GetVideoDriverDetailsInvalid PrimaryIsNotTheChoosenAdapter FoundDriverCount:0 
[2018.06.28-23.40.44:871][  0]LogD3D11RHI:     Adapter Name: AMD Radeon R9 M370X
[2018.06.28-23.40.44:871][  0]LogD3D11RHI:   Driver Version: Unknown (internal:Unknown, unified:Unknown)
[2018.06.28-23.40.44:871][  0]LogD3D11RHI:      Driver Date: Unknown
[2018.06.28-23.40.44:871][  0]LogRHI: Texture pool is 1420 MB (70% of 2029 MB)
[2018.06.28-23.40.44:954][  0]LogD3D11RHI: Async texture creation enabled
[2018.06.28-23.40.44:969][  0]LogD3D11RHI: GPU Timing Frequency: 27.000000 (Debug: 2 1)
[2018.06.28-23.40.44:970][  0]LogShaderCompilers: Guid format shader working directory is 8 characters bigger than the processId version (../../../../../../UnrealProject/FightMadang/Intermediate/Shaders/WorkingDirectory/244/).
[2018.06.28-23.40.44:971][  0]LogShaderCompilers: Cleaned the shader compiler working directory 'C:/Users/LeeOneHyo/AppData/Local/Temp/UnrealShaderWorkingDir/E4A9593C45EB46171C2EF8B36770D993/'.
[2018.06.28-23.40.45:223][  0]LogTemp: Display: Loaded TP AllDesktopTargetPlatform
[2018.06.28-23.40.45:237][  0]LogTemp: Display: Loaded TP MacClientTargetPlatform
[2018.06.28-23.40.45:253][  0]LogTemp: Display: Loaded TP MacNoEditorTargetPlatform
[2018.06.28-23.40.45:268][  0]LogTemp: Display: Loaded TP MacServerTargetPlatform
[2018.06.28-23.40.45:283][  0]LogTemp: Display: Loaded TP MacTargetPlatform
[2018.06.28-23.40.45:298][  0]LogTemp: Display: Loaded TP WindowsClientTargetPlatform
[2018.06.28-23.40.45:313][  0]LogTemp: Display: Loaded TP WindowsNoEditorTargetPlatform
[2018.06.28-23.40.45:328][  0]LogTemp: Display: Loaded TP WindowsServerTargetPlatform
[2018.06.28-23.40.45:336][  0]LogTemp: Display: Loaded TP WindowsTargetPlatform
[2018.06.28-23.40.45:349][  0]LogTemp: Display: Loaded TP Android_ASTCTargetPlatform
[2018.06.28-23.40.45:361][  0]LogTemp: Display: Loaded TP Android_ATCTargetPlatform
[2018.06.28-23.40.45:373][  0]LogTemp: Display: Loaded TP Android_DXTTargetPlatform
[2018.06.28-23.40.45:385][  0]LogTemp: Display: Loaded TP Android_ETC1aTargetPlatform
[2018.06.28-23.40.45:397][  0]LogTemp: Display: Loaded TP Android_ETC1TargetPlatform
[2018.06.28-23.40.45:410][  0]LogTemp: Display: Loaded TP Android_ETC2TargetPlatform
[2018.06.28-23.40.45:434][  0]LogTemp: Display: Loaded TP Android_MultiTargetPlatform
[2018.06.28-23.40.45:434][  0]LogTemp: Display: Loaded TP Android_PVRTCTargetPlatform
[2018.06.28-23.40.45:447][  0]LogTemp: Display: Loaded TP AndroidTargetPlatform
[2018.06.28-23.40.45:448][  0]LogTemp: Display: Loaded TP HTML5TargetPlatform
[2018.06.28-23.40.45:488][  0]LogTemp: Display: Loaded TP IOSTargetPlatform
[2018.06.28-23.40.45:500][  0]LogTemp: Display: Loaded TP TVOSTargetPlatform
[2018.06.28-23.40.45:512][  0]LogTemp: Display: Loaded TP LinuxClientTargetPlatform
[2018.06.28-23.40.45:524][  0]LogTemp: Display: Loaded TP LinuxNoEditorTargetPlatform
[2018.06.28-23.40.45:537][  0]LogTemp: Display: Loaded TP LinuxServerTargetPlatform
[2018.06.28-23.40.45:550][  0]LogTemp: Display: Loaded TP LinuxTargetPlatform
[2018.06.28-23.40.45:550][  0]LogTargetPlatformManager: Display: Building Assets For Windows
[2018.06.28-23.40.45:710][  0]LogXGEController: Cleaning working directory: C:/Users/LeeOneHyo/AppData/Local/Temp/UnrealXGEWorkingDir/
[2018.06.28-23.40.45:710][  0]LogXGEController: Cannot use XGE Controller as Incredibuild is not installed on this machine.
[2018.06.28-23.40.45:710][  0]LogShaderCompilers: Cannot use XGE Shader Compiler as Incredibuild is not installed on this machine.
[2018.06.28-23.40.45:710][  0]LogShaderCompilers: Display: Using Local Shader Compiler.
[2018.06.28-23.40.46:528][  0]LogDerivedDataCache: Display: Max Cache Size: 512 MB
[2018.06.28-23.40.46:621][  0]LogDerivedDataCache: Loaded boot cache 0.09s 83MB C:/Users/LeeOneHyo/AppData/Local/UnrealEngine/4.19/DerivedDataCache/Boot.ddc.
[2018.06.28-23.40.46:621][  0]LogDerivedDataCache: Display: Loaded Boot cache: C:/Users/LeeOneHyo/AppData/Local/UnrealEngine/4.19/DerivedDataCache/Boot.ddc
[2018.06.28-23.40.46:621][  0]LogDerivedDataCache: FDerivedDataBackendGraph:  Pak pak cache file ../../../../../../UnrealProject/FightMadang/DerivedDataCache/DDC.ddp not found, will not use a pak cache.
[2018.06.28-23.40.46:621][  0]LogDerivedDataCache: Unable to find inner node Pak for hierarchical cache Hierarchy.
[2018.06.28-23.40.46:621][  0]LogDerivedDataCache: FDerivedDataBackendGraph:  CompressedPak pak cache file ../../../../../../UnrealProject/FightMadang/DerivedDataCache/Compressed.ddp not found, will not use a pak cache.
[2018.06.28-23.40.46:621][  0]LogDerivedDataCache: Unable to find inner node CompressedPak for hierarchical cache Hierarchy.
[2018.06.28-23.40.46:637][  0]LogDerivedDataCache: Display: Pak cache opened for reading ../../../Engine/DerivedDataCache/Compressed.ddp.
[2018.06.28-23.40.46:649][  0]LogDerivedDataCache: Using Local data cache path C:/Users/LeeOneHyo/AppData/Local/UnrealEngine/Common/DerivedDataCache: Writable
[2018.06.28-23.40.46:649][  0]LogDerivedDataCache: Shared data cache path not found in *engine.ini, will not use an Shared cache.
[2018.06.28-23.40.46:649][  0]LogDerivedDataCache: Unable to find inner node Shared for hierarchical cache Hierarchy.
[2018.06.28-23.40.46:661][  0]LogMaterial: Verifying Global Shaders for PCD3D_SM5
[2018.06.28-23.40.46:661][  0]LogSlate: Using Freetype 2.6.0
[2018.06.28-23.40.46:662][  0]LogSlate: SlateFontCache - WITH_FREETYPE: 1, WITH_HARFBUZZ: 1
[2018.06.28-23.40.46:662][  0]LogSlate: SlateFontCache - WITH_FREETYPE: 1, WITH_HARFBUZZ: 1
[2018.06.28-23.40.46:806][  0]LogAssetRegistry: FAssetRegistry took 0.0259 seconds to start up
[2018.06.28-23.40.47:176][  0]LogInit: Selected Device Profile: [Windows]
[2018.06.28-23.40.47:343][  0]LogSimplygon: Simplygon DLL not present - disabling.
[2018.06.28-23.40.47:348][  0]LogMeshReduction: Using SimplygonSwarm for distributed automatic mesh merging
[2018.06.28-23.40.47:348][  0]LogMeshReduction: Using QuadricMeshReduction for automatic static mesh reduction
[2018.06.28-23.40.47:348][  0]LogMeshReduction: No automatic skeletal mesh reduction module available
[2018.06.28-23.40.47:348][  0]LogMeshReduction: No automatic mesh merging module available
[2018.06.28-23.40.47:348][  0]LogMeshMerging: No automatic mesh merging module available
[2018.06.28-23.40.47:390][  0]LogNetVersion: FightMadang , NetCL: 3944462, EngineNetVer: 2, GameNetVer: 0 (Checksum: 2840535495)
[2018.06.28-23.40.47:871][  0]LogPackageLocalizationCache: Processed 9 localized package path(s) for 1 prioritized culture(s) in 0.039599 seconds
[2018.06.28-23.40.47:876][  0]LogUObjectArray: 36728 objects as part of root set at end of initial load.
[2018.06.28-23.40.47:876][  0]LogUObjectAllocator: 7314312 out of 0 bytes used by permanent object pool.
[2018.06.28-23.40.47:876][  0]LogUObjectArray: CloseDisregardForGC: 0/0 objects in disregard for GC pool
[2018.06.28-23.40.49:764][  0]LogTcpMessaging: Initializing TcpMessaging bridge
[2018.06.28-23.40.49:820][  0]LogUdpMessaging: Initializing bridge on interface 0.0.0.0:0 to multicast group 230.0.0.1:6666.
[2018.06.28-23.40.50:264][  0]LogUObjectGlobals: Created PersistentFrame Addr=0x00000279aa905bc0, Size=64, Default__Aj_bp_C Function /Game/ThirdPersonCPP/Blueprints/Aj_bp.Aj_bp_C:ExecuteUbergraph_Aj_bp
[2018.06.28-23.40.50:270][  0]LogUObjectGlobals: Destroyed PersistentFrame Addr=0x00000279aa905bc0, Size=64
[2018.06.28-23.40.50:270][  0]LogUObjectGlobals: Created PersistentFrame Addr=0x00000279aa905bc0, Size=64, Default__Aj_bp_C Function /Engine/Transient.REINST_Aj_bp_C_0:ExecuteUbergraph_Aj_bp
[2018.06.28-23.40.50:276][  0]LogUObjectGlobals: Created PersistentFrame Addr=0x00000279aaa48200, Size=64, Default__Aj_bp_C Function /Game/ThirdPersonCPP/Blueprints/Aj_bp.Aj_bp_C:ExecuteUbergraph_Aj_bp
[2018.06.28-23.40.50:373][  0]LogSkeletalMesh: Skeletal Mesh found in DDC [0.103047ms] /Game/InfinityBladeWeapons/Weapons/Blade/Silly_Weapons/Blade_BatAxe/SK_Blade_BatAxe.SK_Blade_BatAxe
[2018.06.28-23.40.50:390][  0]LogSkeletalMesh: Skeletal Mesh found in DDC [1.092055ms] /Game/Asset/Character/Aj/Mesh/aj.aj
[2018.06.28-23.40.50:396][  0]LogSkeletalMesh: Skeletal Mesh found in DDC [0.031202ms] /Game/InfinityBladeWeapons/Weapons/Blade/Silly_Weapons/Blade_Baguette/SK_Blade_Baguette.SK_Blade_Baguette
[2018.06.28-23.40.50:606][  0]SourceControl: Source control is disabled
[2018.06.28-23.40.50:606][  0]SourceControl: Source control is disabled
[2018.06.28-23.40.50:633][  0]SourceControl: Source control is disabled
[2018.06.28-23.40.50:660][  0]SourceControl: Source control is disabled
[2018.06.28-23.40.51:426][  0]LogAndroidPermission: UAndroidPermissionCallbackProxy::GetInstance
[2018.06.28-23.40.51:664][  0]LogOcInput: OculusInput pre-init called
[2018.06.28-23.40.51:828][  0]LogEngine: Initializing Engine...
[2018.06.28-23.40.51:830][  0]LogHMD: Failed to initialize OpenVR with code 110
[2018.06.28-23.40.51:831][  0]LogStats: UGameplayTagsManager::ConstructGameplayTagTree: Construct from data asset -  0.000 s
[2018.06.28-23.40.51:831][  0]LogStats: UGameplayTagsManager::ConstructGameplayTagTree: GameplayTagTreeChangedEvent.Broadcast -  0.000 s
[2018.06.28-23.40.52:044][  0]LogAIModule: Creating AISystem for world Untitled
[2018.06.28-23.40.52:067][  0]LogInit: XAudio2 using '스피커(Cirrus Logic CS4208 (AB 128))' : 2 channels at 48 kHz using 16 bits per sample (channel mask 0x3)
[2018.06.28-23.40.52:154][  0]LogInit: FAudioDevice initialized.
[2018.06.28-23.40.52:243][  0]LogDerivedDataCache: Saved boot cache 0.09s 83MB C:/Users/LeeOneHyo/AppData/Local/UnrealEngine/4.19/DerivedDataCache/Boot.ddc.
[2018.06.28-23.40.52:264][  0]LogInit: Texture streaming: Enabled
[2018.06.28-23.40.52:289][  0]LogEngineSessionManager: EngineSessionManager initialized
[2018.06.28-23.40.52:289][  0]LogEngineSessionManager: EngineSessionManager sent abnormal shutdown report. Type=Crashed, SessionId={9683D9AF-4784-B3C7-1DE8-BAB92C142B4F}
[2018.06.28-23.40.52:308][  0]LogInit: Transaction tracking system initialized
[2018.06.28-23.40.52:344][  0]BlueprintLog: New page: Editor Load
[2018.06.28-23.40.52:491][  0]LocalizationService: Localization service is disabled
[2018.06.28-23.40.52:916][  0]LogConsoleResponse: Display: 
[2018.06.28-23.40.53:076][  0]LogCook: Display: Max memory allowance for cook 16384mb min free memory 0mb
[2018.06.28-23.40.53:076][  0]LogCook: Display: Mobile HDR setting 1
[2018.06.28-23.40.53:076][  0]LogGameplayTags: Display: UGameplayTagsManager::DoneAddingNativeTags. DelegateIsBound: 0
[2018.06.28-23.40.53:076][  0]LogStats: UGameplayTagsManager::ConstructGameplayTagTree: Construct from data asset -  0.000 s
[2018.06.28-23.40.53:076][  0]LogStats: UGameplayTagsManager::ConstructGameplayTagTree: GameplayTagTreeChangedEvent.Broadcast -  0.000 s
[2018.06.28-23.40.53:642][  0]LogFileCache: Scanning file cache for directory 'C:/UnrealProject/FightMadang/Content/' took 0.10s
[2018.06.28-23.40.53:642][  0]SourceControl: Source control is disabled
[2018.06.28-23.40.53:643][  0]Cmd: MAP LOAD FILE="../../../../../../UnrealProject/FightMadang/Content/ThirdPersonCPP/Maps/ThirdPersonExampleMap.umap" TEMPLATE=0 SHOWPROGRESS=1 FEATURELEVEL=3
[2018.06.28-23.40.53:643][  0]LightingResults: New page: Lighting Build
[2018.06.28-23.40.53:647][  0]MapCheck: New page: Map Check
[2018.06.28-23.40.53:647][  0]LightingResults: New page: Lighting Build
[2018.06.28-23.40.53:656][  0]LogUObjectGlobals: Destroyed PersistentFrame Addr=0x00000279aa905bc0, Size=64
[2018.06.28-23.40.53:684][  0]LogUObjectGlobals: Created PersistentFrame Addr=0x00000279aaa49280, Size=64, Default__ThirdPerson_AnimBP_C Function /Game/Mannequin/Animations/ThirdPerson_AnimBP.ThirdPerson_AnimBP_C:ExecuteUbergraph_ThirdPerson_AnimBP
[2018.06.28-23.40.53:694][  0]LogUObjectGlobals: Destroyed PersistentFrame Addr=0x00000279aaa49280, Size=64
[2018.06.28-23.40.53:694][  0]LogUObjectGlobals: Created PersistentFrame Addr=0x0000027998dbf440, Size=64, Default__ThirdPerson_AnimBP_C Function /Engine/Transient.REINST_ThirdPerson_AnimBP_C_1:ExecuteUbergraph_ThirdPerson_AnimBP
[2018.06.28-23.40.53:701][  0]LogUObjectGlobals: Created PersistentFrame Addr=0x00000279985746d0, Size=72, Default__ThirdPerson_AnimBP_C Function /Game/Mannequin/Animations/ThirdPerson_AnimBP.ThirdPerson_AnimBP_C:ExecuteUbergraph_ThirdPerson_AnimBP
[2018.06.28-23.40.53:994][  0]LogSkeletalMesh: Skeletal Mesh found in DDC [10.865541ms] /Game/Mannequin/Character/Mesh/SK_Mannequin.SK_Mannequin
[2018.06.28-23.40.54:038][  0]LogAIModule: Creating AISystem for world ThirdPersonExampleMap
[2018.06.28-23.40.54:048][  0]LogEditorServer: Finished looking for orphan Actors (0.000 secs)
[2018.06.28-23.40.54:064][  0]LogUObjectGlobals: Destroyed PersistentFrame Addr=0x0000027998dbf440, Size=64
[2018.06.28-23.40.54:065][  0]Cmd: MAP CHECKDEP NOCLEARLOG
[2018.06.28-23.40.54:154][  0]MapCheck: Map check complete: 0 Error(s), 0 Warning(s), took 89.266ms to complete.
[2018.06.28-23.40.54:154][  0]LogFileHelpers: Loading map 'ThirdPersonExampleMap' took 0.511
[2018.06.28-23.40.54:299][  0]LogCollectionManager: Loaded 0 collections in 0.003106 seconds
[2018.06.28-23.40.54:341][  0]LogFileCache: Scanning file cache for directory 'C:/UnrealProject/FightMadang/Saved/Collections/' took 0.01s
[2018.06.28-23.40.54:341][  0]LogFileCache: Scanning file cache for directory 'C:/UnrealProject/FightMadang/Content/Developers/LeeOneHyo/Collections/' took 0.01s
[2018.06.28-23.40.54:341][  0]LogFileCache: Scanning file cache for directory 'C:/UnrealProject/FightMadang/Content/Collections/' took 0.01s
[2018.06.28-23.40.54:341][  0]LogCollectionManager: Rebuilt the GUID cache for 0 collections in 0.000000 seconds
[2018.06.28-23.40.54:352][  0]LogContentBrowser: Native class hierarchy populated in 0.0103 seconds. Added 2456 classes and 560 folders.
[2018.06.28-23.40.54:364][  0]LogContentBrowser: Native class hierarchy updated for 'WidgetCarousel' in 0.0009 seconds. Added 0 classes and 0 folders.
[2018.06.28-23.40.54:427][  0]LogContentBrowser: Native class hierarchy updated for 'AddContentDialog' in 0.0009 seconds. Added 0 classes and 0 folders.
[2018.06.28-23.40.54:434][  0]LogContentBrowser: Native class hierarchy updated for 'SceneOutliner' in 0.0009 seconds. Added 1 classes and 2 folders.
[2018.06.28-23.40.54:455][  0]LogSlate: Took 0.000231 seconds to synchronously load lazily loaded font '../../../Engine/Content/Slate/Fonts/Roboto-Regular.ttf' (155K)
[2018.06.28-23.40.54:457][  0]LogSlate: Took 0.000195 seconds to synchronously load lazily loaded font '../../../Engine/Content/Slate/Fonts/Roboto-Bold.ttf' (160K)
[2018.06.28-23.40.54:465][  0]LogSlate: Took 0.000218 seconds to synchronously load lazily loaded font '../../../Engine/Content/Editor/Slate/Fonts/FontAwesome.ttf' (139K)
[2018.06.28-23.40.54:577][  0]LogRenderer: Reallocating scene render targets to support 1056x556 Format 9 NumSamples 1 (Frame:1).
[2018.06.28-23.40.54:731][  0]LogContentBrowser: Native class hierarchy updated for 'HierarchicalLODOutliner' in 0.0009 seconds. Added 0 classes and 0 folders.
[2018.06.28-23.40.54:731][  0]LogLoad: (Engine Initialization) Total time: 15.04 seconds
[2018.06.28-23.40.54:731][  0]LogLoad: (Engine Initialization) Total Blueprint compile time: 0.00 seconds
[2018.06.28-23.40.54:751][  0]LogWindowsTextInputMethodSystem: Display: IME system now activated using TSF (Microsoft 입력기).
[2018.06.28-23.40.54:775][  0]LogContentStreaming: Texture pool size now 600 MB
[2018.06.28-23.40.54:829][  0]LogSlate: Took 0.000203 seconds to synchronously load lazily loaded font '../../../Engine/Content/Slate/Fonts/Roboto-Light.ttf' (167K)
[2018.06.28-23.40.54:960][  2]LogAssetRegistry: Asset discovery search completed in 8.1764 seconds
[2018.06.28-23.40.54:966][  2]LogCollectionManager: Rebuilt the object cache for 0 collections in 0.000000 seconds (found 0 objects)
[2018.06.28-23.40.54:966][  2]LogCollectionManager: Fixed up redirectors for 0 collections in 0.000060 seconds (updated 0 objects)
[2018.06.28-23.40.58:831][228]LogSlate: FSceneViewport::OnFocusLost() reason 0
[2018.06.28-23.41.06:266][673]LogSlate: Took 0.000298 seconds to synchronously load lazily loaded font '../../../Engine/Content/Slate/Fonts/Roboto-Light.ttf' (167K)
[2018.06.28-23.45.52:453][644]LogHotReload: New module detected: UE4Editor-FightMadang-4018.dll
[2018.06.28-23.45.53:480][648]LogHotReload: Starting Hot-Reload from IDE
[2018.06.28-23.45.53:521][648]LogContentBrowser: Native class hierarchy updated for 'FightMadang' in 0.0010 seconds. Added 4 classes and 2 folders.
[2018.06.28-23.45.53:522][648]Display: HotReload successful (0 functions remapped  0 scriptstructs remapped)
[2018.06.28-23.45.53:642][648]LogContentBrowser: Native class hierarchy populated in 0.0100 seconds. Added 2457 classes and 562 folders.
[2018.06.28-23.45.53:646][648]Display: HotReload took  0.2s.
[2018.06.28-23.46.01:515][788]LogEditorViewport: Clicking on Actor (LMB): ThirdPersonCharacter_C (ThirdPersonCharacter)
[2018.06.28-23.46.05:092][988]LogSlate: FSceneViewport::OnFocusLost() reason 0
[2018.06.28-23.46.08:439][130]LogContentBrowser: Native class hierarchy updated for 'BlueprintGraph' in 0.0014 seconds. Added 116 classes and 0 folders.
[2018.06.28-23.46.08:775][130]LogUObjectGlobals: Created PersistentFrame Addr=0x0000027a04bfd828, Size=4, Default__SKEL_PROTO_BP_AnimBlueprint_0_C Function /Engine/Transient.SKEL_PROTO_BP_AnimBlueprint_0_C:ExecuteUbergraph_PROTO_BP_AnimBlueprint_0
[2018.06.28-23.46.08:776][130]LogUObjectGlobals: Created PersistentFrame Addr=0x0000027a04bfd820, Size=4, Default__PROTO_BP_AnimBlueprint_0_C Function /Engine/Transient.PROTO_BP_AnimBlueprint_0_C:ExecuteUbergraph_PROTO_BP_AnimBlueprint_0
[2018.06.28-23.46.11:962][268]LogSlate: Window 'WeaponMelee2' being destroyed
[2018.06.28-23.46.12:401][268]LogSlate: Took 0.000247 seconds to synchronously load lazily loaded font '../../../Engine/Content/Slate/Fonts/Roboto-BoldCondensed.ttf' (158K)
[2018.06.28-23.46.13:469][317]LogRenderer: Reallocating scene render targets to support 1056x688 Format 9 NumSamples 1 (Frame:1).
[2018.06.28-23.47.06:623][333]LogHotReload: New module detected: UE4Editor-FightMadang-6773.dll
[2018.06.28-23.47.07:055][350]LogSlate: FSceneViewport::OnFocusLost() reason 2
[2018.06.28-23.47.07:557][377]LogHotReload: Starting Hot-Reload from IDE
[2018.06.28-23.47.07:557][377]LogSlate: Prevented a slow task dialog from being summoned while a context menu was open
[2018.06.28-23.47.07:607][377]LogHotReload: Re-instancing WeaponBase after hot-reload.
[2018.06.28-23.47.08:470][377]LogContentBrowser: Native class hierarchy updated for 'FightMadang' in 0.0022 seconds. Added 4 classes and 2 folders.
[2018.06.28-23.47.08:473][377]Display: HotReload successful (0 functions remapped  0 scriptstructs remapped)
[2018.06.28-23.47.08:785][377]LogContentBrowser: Native class hierarchy populated in 0.0103 seconds. Added 2457 classes and 562 folders.
[2018.06.28-23.47.08:790][377]Display: HotReload took  1.2s.
[2018.06.28-23.47.10:755][460]LogSlate: Window 'WeaponMelee2' being destroyed
[2018.06.28-23.47.10:761][460]LogSlate: Window 'WeaponMelee2' being destroyed
[2018.06.28-23.47.21:974][943]LogSlate: FSceneViewport::OnFocusLost() reason 0
[2018.06.28-23.47.27:577][175]BlueprintLog: New page: Compile WeaponMelee2
[2018.06.28-23.47.29:151][195]Cmd: OBJ SAVEPACKAGE PACKAGE="/Game/ThirdPersonCPP/Blueprints/WeaponMelee2" FILE="../../../../../../UnrealProject/FightMadang/Content/ThirdPersonCPP/Blueprints/WeaponMelee2.uasset" SILENT=true
[2018.06.28-23.47.29:199][195]LogSavePackage: Save=24.40ms
[2018.06.28-23.47.29:199][195]LogSavePackage: Moving '../../../../../../UnrealProject/FightMadang/Saved/WeaponMelee28107A75C44EEEEDEC933C990BBB0D033.tmp' to '../../../../../../UnrealProject/FightMadang/Content/ThirdPersonCPP/Blueprints/WeaponMelee2.uasset'
[2018.06.28-23.47.29:208][195]LogSavePackage: Display: Finished SavePackage ../../../../../../UnrealProject/FightMadang/Content/ThirdPersonCPP/Blueprints/WeaponMelee2.uasset
[2018.06.28-23.47.30:392][246]LogSlate: Window 'WeaponMelee2' being destroyed
[2018.06.28-23.47.30:400][246]LogSlate: Window 'WeaponMelee2' being destroyed
[2018.06.28-23.47.33:644][371]LogSlate: Window 'WeaponMelee' being destroyed
[2018.06.28-23.47.37:836][513]LogSlate: FSceneViewport::OnFocusLost() reason 0
[2018.06.28-23.47.41:995][673]LogSlate: Window 'WeaponMelee*' being destroyed
[2018.06.28-23.47.42:001][673]LogSlate: Window 'WeaponMelee*' being destroyed
[2018.06.28-23.47.48:532][924]BlueprintLog: New page: Compile WeaponMelee
[2018.06.28-23.47.50:194][941]Cmd: OBJ SAVEPACKAGE PACKAGE="/Game/ThirdPersonCPP/Blueprints/WeaponMelee" FILE="../../../../../../UnrealProject/FightMadang/Content/ThirdPersonCPP/Blueprints/WeaponMelee.uasset" SILENT=true
[2018.06.28-23.47.50:258][941]LogSavePackage: Save=30.91ms
[2018.06.28-23.47.50:258][941]LogSavePackage: Moving '../../../../../../UnrealProject/FightMadang/Saved/WeaponMelee1BC8DB2148ACC9731F25F8AAD6938204.tmp' to '../../../../../../UnrealProject/FightMadang/Content/ThirdPersonCPP/Blueprints/WeaponMelee.uasset'
[2018.06.28-23.47.50:263][941]LogSavePackage: Display: Finished SavePackage ../../../../../../UnrealProject/FightMadang/Content/ThirdPersonCPP/Blueprints/WeaponMelee.uasset
[2018.06.28-23.47.51:251][980]LogSlate: Window 'WeaponMelee' being destroyed
[2018.06.28-23.47.51:258][980]LogSlate: Window 'WeaponMelee' being destroyed
[2018.06.28-23.47.52:253][ 27]LogTemp: Repeating last play command: Selected Viewport
[2018.06.28-23.47.52:288][ 27]LogBlueprintUserMessages: Early PlayInEditor Detection: Level '/Game/ThirdPersonCPP/Maps/ThirdPersonExampleMap.ThirdPersonExampleMap:PersistentLevel' has LevelScriptBlueprint '/Game/ThirdPersonCPP/Maps/ThirdPersonExampleMap.ThirdPersonExampleMap:PersistentLevel.ThirdPersonExampleMap' with GeneratedClass '/Game/ThirdPersonCPP/Maps/ThirdPersonExampleMap.ThirdPersonExampleMap_C' with ClassGeneratedBy '/Game/ThirdPersonCPP/Maps/ThirdPersonExampleMap.ThirdPersonExampleMap:PersistentLevel.ThirdPersonExampleMap'
[2018.06.28-23.47.52:288][ 27]LogPlayLevel: PlayLevel: No blueprints needed recompiling
[2018.06.28-23.47.52:289][ 27]PIE: New page: PIE session: ThirdPersonExampleMap (Jun 29, 2018, 5:47:52 PM)
[2018.06.28-23.47.52:289][ 27]LogPlayLevel: Creating play world package: /Game/ThirdPersonCPP/Maps/UEDPIE_0_ThirdPersonExampleMap
[2018.06.28-23.47.52:328][ 27]LogPlayLevel: PIE: StaticDuplicateObject took: (0.039101s)
[2018.06.28-23.47.52:329][ 27]LogAIModule: Creating AISystem for world ThirdPersonExampleMap
[2018.06.28-23.47.52:329][ 27]LogPlayLevel: PIE: World Init took: (0.001207s)
[2018.06.28-23.47.52:329][ 27]LogPlayLevel: PIE: Created PIE world by copying editor world from /Game/ThirdPersonCPP/Maps/ThirdPersonExampleMap.ThirdPersonExampleMap to /Game/ThirdPersonCPP/Maps/UEDPIE_0_ThirdPersonExampleMap.ThirdPersonExampleMap (0.040561s)
[2018.06.28-23.47.52:429][ 27]LogInit: XAudio2 using '스피커(Cirrus Logic CS4208 (AB 128))' : 2 channels at 48 kHz using 16 bits per sample (channel mask 0x3)
[2018.06.28-23.47.52:469][ 27]LogInit: FAudioDevice initialized.
[2018.06.28-23.47.52:535][ 27]LogLoad: Game class is 'FightMadangGameMode'
[2018.06.28-23.47.52:545][ 27]LogWorld: Bringing World /Game/ThirdPersonCPP/Maps/UEDPIE_0_ThirdPersonExampleMap.ThirdPersonExampleMap up for play (max tick rate 60) at 2018.06.29-08.47.52
[2018.06.28-23.47.52:550][ 27]LogWorld: Bringing up level for play took: 0.008883
[2018.06.28-23.47.52:644][ 27]LogContentBrowser: Native class hierarchy updated for 'MovieSceneCapture' in 0.0016 seconds. Added 11 classes and 0 folders.
[2018.06.28-23.47.52:647][ 27]PIE: Play in editor start time for /Game/ThirdPersonCPP/Maps/UEDPIE_0_ThirdPersonExampleMap 0.383
[2018.06.28-23.47.52:648][ 27]LogBlueprintUserMessages: Late PlayInEditor Detection: Level '/Game/ThirdPersonCPP/Maps/ThirdPersonExampleMap.ThirdPersonExampleMap:PersistentLevel' has LevelScriptBlueprint '/Game/ThirdPersonCPP/Maps/ThirdPersonExampleMap.ThirdPersonExampleMap:PersistentLevel.ThirdPersonExampleMap' with GeneratedClass '/Game/ThirdPersonCPP/Maps/ThirdPersonExampleMap.ThirdPersonExampleMap_C' with ClassGeneratedBy '/Game/ThirdPersonCPP/Maps/ThirdPersonExampleMap.ThirdPersonExampleMap:PersistentLevel.ThirdPersonExampleMap'
[2018.06.28-23.48.03:553][673]LogBlueprintUserMessages: Early EndPlayMap Detection: Level '/Game/ThirdPersonCPP/Maps/ThirdPersonExampleMap.ThirdPersonExampleMap:PersistentLevel' has LevelScriptBlueprint '/Game/ThirdPersonCPP/Maps/ThirdPersonExampleMap.ThirdPersonExampleMap:PersistentLevel.ThirdPersonExampleMap' with GeneratedClass '/Game/ThirdPersonCPP/Maps/ThirdPersonExampleMap.ThirdPersonExampleMap_C' with ClassGeneratedBy '/Game/ThirdPersonCPP/Maps/ThirdPersonExampleMap.ThirdPersonExampleMap:PersistentLevel.ThirdPersonExampleMap'
[2018.06.28-23.48.03:595][673]LogBlueprintUserMessages: Late EndPlayMap Detection: Level '/Game/ThirdPersonCPP/Maps/ThirdPersonExampleMap.ThirdPersonExampleMap:PersistentLevel' has LevelScriptBlueprint '/Game/ThirdPersonCPP/Maps/ThirdPersonExampleMap.ThirdPersonExampleMap:PersistentLevel.ThirdPersonExampleMap' with GeneratedClass '/Game/ThirdPersonCPP/Maps/ThirdPersonExampleMap.ThirdPersonExampleMap_C' with ClassGeneratedBy '/Game/ThirdPersonCPP/Maps/ThirdPersonExampleMap.ThirdPersonExampleMap:PersistentLevel.ThirdPersonExampleMap'
[2018.06.28-23.48.07:042][871]LogSlate: FSceneViewport::OnFocusLost() reason 0
[2018.06.28-23.48.07:157][878]LogTemp: Repeating last play command: Selected Viewport
[2018.06.28-23.48.07:192][878]LogBlueprintUserMessages: Early PlayInEditor Detection: Level '/Game/ThirdPersonCPP/Maps/ThirdPersonExampleMap.ThirdPersonExampleMap:PersistentLevel' has LevelScriptBlueprint '/Game/ThirdPersonCPP/Maps/ThirdPersonExampleMap.ThirdPersonExampleMap:PersistentLevel.ThirdPersonExampleMap' with GeneratedClass '/Game/ThirdPersonCPP/Maps/ThirdPersonExampleMap.ThirdPersonExampleMap_C' with ClassGeneratedBy '/Game/ThirdPersonCPP/Maps/ThirdPersonExampleMap.ThirdPersonExampleMap:PersistentLevel.ThirdPersonExampleMap'
[2018.06.28-23.48.07:193][878]LogPlayLevel: PlayLevel: No blueprints needed recompiling
[2018.06.28-23.48.07:193][878]PIE: New page: PIE session: ThirdPersonExampleMap (Jun 29, 2018, 5:48:07 PM)
[2018.06.28-23.48.07:193][878]LogPlayLevel: Creating play world package: /Game/ThirdPersonCPP/Maps/UEDPIE_0_ThirdPersonExampleMap
[2018.06.28-23.48.07:219][878]LogPlayLevel: PIE: StaticDuplicateObject took: (0.025764s)
[2018.06.28-23.48.07:221][878]LogAIModule: Creating AISystem for world ThirdPersonExampleMap
[2018.06.28-23.48.07:221][878]LogPlayLevel: PIE: World Init took: (0.002095s)
[2018.06.28-23.48.07:221][878]LogPlayLevel: PIE: Created PIE world by copying editor world from /Game/ThirdPersonCPP/Maps/ThirdPersonExampleMap.ThirdPersonExampleMap to /Game/ThirdPersonCPP/Maps/UEDPIE_0_ThirdPersonExampleMap.ThirdPersonExampleMap (0.028056s)
[2018.06.28-23.48.07:279][878]LogInit: XAudio2 using '스피커(Cirrus Logic CS4208 (AB 128))' : 2 channels at 48 kHz using 16 bits per sample (channel mask 0x3)
[2018.06.28-23.48.07:313][878]LogInit: FAudioDevice initialized.
[2018.06.28-23.48.07:361][878]LogLoad: Game class is 'FightMadangGameMode'
[2018.06.28-23.48.07:363][878]LogWorld: Bringing World /Game/ThirdPersonCPP/Maps/UEDPIE_0_ThirdPersonExampleMap.ThirdPersonExampleMap up for play (max tick rate 60) at 2018.06.29-08.48.07
[2018.06.28-23.48.07:365][878]LogWorld: Bringing up level for play took: 0.003013
[2018.06.28-23.48.07:368][878]PIE: Play in editor start time for /Game/ThirdPersonCPP/Maps/UEDPIE_0_ThirdPersonExampleMap 1.104
[2018.06.28-23.48.07:368][878]LogBlueprintUserMessages: Late PlayInEditor Detection: Level '/Game/ThirdPersonCPP/Maps/ThirdPersonExampleMap.ThirdPersonExampleMap:PersistentLevel' has LevelScriptBlueprint '/Game/ThirdPersonCPP/Maps/ThirdPersonExampleMap.ThirdPersonExampleMap:PersistentLevel.ThirdPersonExampleMap' with GeneratedClass '/Game/ThirdPersonCPP/Maps/ThirdPersonExampleMap.ThirdPersonExampleMap_C' with ClassGeneratedBy '/Game/ThirdPersonCPP/Maps/ThirdPersonExampleMap.ThirdPersonExampleMap:PersistentLevel.ThirdPersonExampleMap'
[2018.06.28-23.48.14:426][290]LogBlueprintUserMessages: Early EndPlayMap Detection: Level '/Game/ThirdPersonCPP/Maps/ThirdPersonExampleMap.ThirdPersonExampleMap:PersistentLevel' has LevelScriptBlueprint '/Game/ThirdPersonCPP/Maps/ThirdPersonExampleMap.ThirdPersonExampleMap:PersistentLevel.ThirdPersonExampleMap' with GeneratedClass '/Game/ThirdPersonCPP/Maps/ThirdPersonExampleMap.ThirdPersonExampleMap_C' with ClassGeneratedBy '/Game/ThirdPersonCPP/Maps/ThirdPersonExampleMap.ThirdPersonExampleMap:PersistentLevel.ThirdPersonExampleMap'
[2018.06.28-23.48.14:464][290]LogBlueprintUserMessages: Late EndPlayMap Detection: Level '/Game/ThirdPersonCPP/Maps/ThirdPersonExampleMap.ThirdPersonExampleMap:PersistentLevel' has LevelScriptBlueprint '/Game/ThirdPersonCPP/Maps/ThirdPersonExampleMap.ThirdPersonExampleMap:PersistentLevel.ThirdPersonExampleMap' with GeneratedClass '/Game/ThirdPersonCPP/Maps/ThirdPersonExampleMap.ThirdPersonExampleMap_C' with ClassGeneratedBy '/Game/ThirdPersonCPP/Maps/ThirdPersonExampleMap.ThirdPersonExampleMap:PersistentLevel.ThirdPersonExampleMap'
[2018.06.28-23.48.15:952][368]LogSlate: FSceneViewport::OnFocusLost() reason 0
[2018.06.29-05.00.51:752][298]LogHttp: Warning: 0000027A03877880: request failed, libcurl error: 6 (Couldn't resolve host name)
[2018.06.29-05.00.51:752][298]LogHttp: Warning: 0000027A03877880: libcurl info message cache 0 (Connection 7 seems to be dead!)
[2018.06.29-05.00.51:752][298]LogHttp: Warning: 0000027A03877880: libcurl info message cache 1 (Closing connection 7)
[2018.06.29-05.00.51:752][298]LogHttp: Warning: 0000027A03877880: libcurl info message cache 2 (Could not resolve host: datarouter.ol.epicgames.com)
[2018.06.29-05.00.51:752][298]LogHttp: Warning: 0000027A03877880: libcurl info message cache 3 (Closing connection 8)
[2018.06.30-11.33.39:257][304]LogHttp: Warning: 0000027A03874100: request failed, libcurl error: 6 (Couldn't resolve host name)
[2018.06.30-11.33.39:257][304]LogHttp: Warning: 0000027A03874100: libcurl info message cache 0 (Could not resolve host: datarouter.ol.epicgames.com)
[2018.06.30-11.33.39:257][304]LogHttp: Warning: 0000027A03874100: libcurl info message cache 1 (Closing connection 9)
[2018.06.30-11.35.31:715][640]LogInit: XAudio2 using '스피커(Cirrus Logic CS4208 (AB 128))' : 2 channels at 48 kHz using 16 bits per sample (channel mask 0x3)
[2018.06.30-11.35.32:990][644]LogInit: XAudio2 using '헤드폰(Cirrus Logic CS4208 (AB 128))' : 2 channels at 48 kHz using 32 bits per sample (channel mask 0x3)
[2018.06.30-11.35.33:658][646]LogInit: XAudio2 using '헤드폰(Cirrus Logic CS4208 (AB 128))' : 2 channels at 48 kHz using 32 bits per sample (channel mask 0x3)
[2018.06.30-11.40.59:932][844]LogHttp: Warning: 0000027A03CC7B80: request failed, libcurl error: 6 (Couldn't resolve host name)
[2018.06.30-11.40.59:932][844]LogHttp: Warning: 0000027A03CC7B80: libcurl info message cache 0 (Connection 12 seems to be dead!)
[2018.06.30-11.40.59:932][844]LogHttp: Warning: 0000027A03CC7B80: libcurl info message cache 1 (Closing connection 12)
[2018.06.30-11.40.59:933][844]LogHttp: Warning: 0000027A03CC7B80: libcurl info message cache 2 (TLSv1.2 (OUT), TLS alert, Client hello (1):)
[2018.06.30-11.40.59:933][844]LogHttp: Warning: 0000027A03CC7B80: libcurl info message cache 3 (Could not resolve host: datarouter.ol.epicgames.com)
[2018.06.30-11.40.59:933][844]LogHttp: Warning: 0000027A03CC7B80: libcurl info message cache 4 (Closing connection 13)
[2018.06.30-11.45.03:976][112]Running C:/Program Files/Epic Games/UE_4.19/Engine/Binaries/DotNET/UnrealBuildTool.exe FightMadang Win64 Development -editorrecompile "C:/UnrealProject/FightMadang/FightMadang.uproject" -invalidatemakefilesonly
[2018.06.30-11.45.04:476][112]Invalidating makefiles only in this run.
[2018.06.30-11.45.04:619][112]Candidate modules for hot reload:
[2018.06.30-11.45.04:619][112]  FightMadang
[2018.06.30-11.45.04:620][112]Launching UnrealBuildTool... [C:/Program Files/Epic Games/UE_4.19/Engine/Binaries/DotNET/UnrealBuildTool.exe FightMadang -ModuleWithSuffix=FightMadang,1351 Win64 Development -editorrecompile -canskiplink "C:/UnrealProject/FightMadang/FightMadang.uproject" ]
[2018.06.30-11.46.33:755][112]CompilerResultsLog: New page: Compilation - Jul 1, 2018, 5:46:33 AM
[2018.06.30-11.46.33:757][112]CompilerResultsLog: Using 'git status' to determine working set for adaptive non-unity build.
[2018.06.30-11.46.33:757][112]CompilerResultsLog: Creating makefile for hot reloading FightMadang (no existing makefile)
[2018.06.30-11.46.33:757][112]CompilerResultsLog: Compiling game modules for hot reload
[2018.06.30-11.46.33:757][112]CompilerResultsLog: Parsing headers for FightMadangEditor
[2018.06.30-11.46.33:757][112]CompilerResultsLog:   Running UnrealHeaderTool "C:\UnrealProject\FightMadang\FightMadang.uproject" "C:\UnrealProject\FightMadang\Intermediate\Build\Win64\FightMadangEditor\Development\FightMadangEditor.uhtmanifest" -LogCmds="loginit warning, logexit warning, logdatabase error" -Unattended -WarningsAsErrors -installed
[2018.06.30-11.46.33:757][112]CompilerResultsLog: Reflection code generated for FightMadangEditor in 19.6873063 seconds
[2018.06.30-11.46.33:757][112]CompilerResultsLog: Performing 5 actions (4 in parallel)
[2018.06.30-11.46.33:758][112]CompilerResultsLog: Projectile.gen.cpp
[2018.06.30-11.46.33:758][112]CompilerResultsLog: FightMadang.init.gen.cpp
[2018.06.30-11.46.33:758][112]CompilerResultsLog: Projectile.cpp
[2018.06.30-11.46.33:758][112]CompilerResultsLog: [4/5] Link UE4Editor-FightMadang-1351.dll
[2018.06.30-11.46.33:758][112]CompilerResultsLog: [5/5] Link UE4Editor-FightMadang-1351.lib
[2018.06.30-11.46.33:758][112]CompilerResultsLog:    C:\UnrealProject\FightMadang\Intermediate\Build\Win64\UE4Editor\Development\UE4Editor-FightMadang-1351.lib ???̺귯?? ?? C:\UnrealProject\FightMadang\Intermediate\Build\Win64\UE4Editor\Development\UE4Editor-FightMadang-1351.exp ??ü?? ?????ϰ? ?ֽ??ϴ?.
[2018.06.30-11.46.33:758][112]CompilerResultsLog:    C:\UnrealProject\FightMadang\Intermediate\Build\Win64\UE4Editor\Development\UE4Editor-FightMadang-1351.suppressed.lib ???̺귯?? ?? C:\UnrealProject\FightMadang\Intermediate\Build\Win64\UE4Editor\Development\UE4Editor-FightMadang-1351.suppressed.exp ??ü?? ?????ϰ? ?ֽ??ϴ?.
[2018.06.30-11.46.33:758][112]CompilerResultsLog: Total build time: 88.91 seconds (Local executor: 6.79 seconds)
[2018.06.30-11.46.33:758][112]LogMainFrame: MainFrame: Module compiling took 89.148 seconds
[2018.06.30-11.46.34:000][112]LogClass: Could not find existing class Projectile in package /Script/FightMadang for HotReload, assuming new class
[2018.06.30-11.46.34:009][112]LogContentBrowser: Native class hierarchy updated for 'FightMadang' in 0.0011 seconds. Added 5 classes and 2 folders.
[2018.06.30-11.46.34:011][112]Display: HotReload successful (0 functions remapped  0 scriptstructs remapped)
[2018.06.30-11.46.34:727][112]LogContentBrowser: Native class hierarchy populated in 0.0134 seconds. Added 2458 classes and 562 folders.
[2018.06.30-11.46.34:727][112]Display: HotReload took 90.1s.
[2018.06.30-11.46.34:729][112]Warning: HotReload operation took 90.1s.
[2018.06.30-11.46.35:141][112]LogSlate: Window 'Add C++ Class' being destroyed
[2018.06.30-11.46.35:161][112]LogHotReload: New module detected: UE4Editor-FightMadang-1351.dll
[2018.06.30-11.46.35:253][113]LogHotReload: Starting Hot-Reload from IDE
[2018.06.30-11.46.35:389][113]LogContentBrowser: Native class hierarchy updated for 'FightMadang' in 0.0012 seconds. Added 5 classes and 2 folders.
[2018.06.30-11.46.35:390][113]Display: HotReload successful (0 functions remapped  0 scriptstructs remapped)
[2018.06.30-11.46.35:749][113]LogContentBrowser: Native class hierarchy populated in 0.0119 seconds. Added 2458 classes and 562 folders.
[2018.06.30-11.46.35:757][113]Display: HotReload took  0.5s.
[2018.06.30-12.33.43:111][935]LogAudio: Warning: Current Audio Device with ID {0.0.0.00000000}.{32ec2886-d7ad-4af2-8325-c91b9b54eefb} was removed. Shutting down audio device.
[2018.06.30-12.33.43:111][935]LogInit: XAudio2 using '스피커(Cirrus Logic CS4208 (AB 128))' : 2 channels at 48 kHz using 16 bits per sample (channel mask 0x3)
[2018.07.01-02.36.29:381][941]LogHttp: Warning: 0000027A02D9C700: request failed, libcurl error: 6 (Couldn't resolve host name)
[2018.07.01-02.36.29:381][941]LogHttp: Warning: 0000027A02D9C700: libcurl info message cache 0 (Connection 20 seems to be dead!)
[2018.07.01-02.36.29:381][941]LogHttp: Warning: 0000027A02D9C700: libcurl info message cache 1 (Closing connection 20)
[2018.07.01-02.36.29:381][941]LogHttp: Warning: 0000027A02D9C700: libcurl info message cache 2 (Could not resolve host: datarouter.ol.epicgames.com)
[2018.07.01-02.36.29:381][941]LogHttp: Warning: 0000027A02D9C700: libcurl info message cache 3 (Closing connection 21)
[2018.07.01-08.12.50:769][206]LogHttp: Warning: 0000027A0D53F700: request failed, libcurl error: 6 (Couldn't resolve host name)
[2018.07.01-08.12.50:770][206]LogHttp: Warning: 0000027A0D53F700: libcurl info message cache 0 (Connection 31 seems to be dead!)
[2018.07.01-08.12.50:770][206]LogHttp: Warning: 0000027A0D53F700: libcurl info message cache 1 (Closing connection 31)
[2018.07.01-08.12.50:770][206]LogHttp: Warning: 0000027A0D53F700: libcurl info message cache 2 (TLSv1.2 (OUT), TLS alert, Client hello (1):)
[2018.07.01-08.12.50:770][206]LogHttp: Warning: 0000027A0D53F700: libcurl info message cache 3 (Could not resolve host: datarouter.ol.epicgames.com)
[2018.07.01-08.12.50:770][206]LogHttp: Warning: 0000027A0D53F700: libcurl info message cache 4 (Closing connection 32)
